{
  "stats": {
    "suites": 1,
    "tests": 2,
    "passes": 2,
    "pending": 0,
    "failures": 0,
    "start": "2023-03-13T10:13:40.107Z",
    "end": "2023-03-13T10:14:20.928Z",
    "duration": 40821,
    "testsRegistered": 2,
    "passPercent": 100,
    "pendingPercent": 0,
    "other": 0,
    "hasOther": false,
    "skipped": 0,
    "hasSkipped": false
  },
  "results": [
    {
      "uuid": "ff53b64a-3293-43f6-ae4e-debcca15b879",
      "title": "",
      "fullFile": "cypress/e2e/transactions/transaction.cy.js",
      "file": "cypress/e2e/transactions/transaction.cy.js",
      "beforeHooks": [],
      "afterHooks": [],
      "tests": [],
      "suites": [
        {
          "uuid": "1ab54955-b839-4cf6-98a2-dc7556d009b0",
          "title": "Transactions",
          "fullFile": "",
          "file": "",
          "beforeHooks": [],
          "afterHooks": [],
          "tests": [
            {
              "title": "Test that user is able to navigate to the transactions page",
              "fullTitle": "Transactions Test that user is able to navigate to the transactions page",
              "timedOut": null,
              "duration": 24285,
              "state": "passed",
              "speed": "slow",
              "pass": true,
              "fail": false,
              "pending": false,
              "context": null,
              "code": "loginPage.login(cardHolder.email, cardHolder.password);\ncy.get('.onboarding-title').contains('Welcome').should('be.visible');\ncy.get('.shepherd-footer > .start').contains(`Not interested`).click();\ntransactionPage.accessTransactionPage();",
              "err": {},
              "uuid": "e1f9749f-7c0b-4ed2-b8b4-94d77a169653",
              "parentUUID": "1ab54955-b839-4cf6-98a2-dc7556d009b0",
              "isHook": false,
              "skipped": false
            },
            {
              "title": "Test that user is able to navigate to the transactions details page",
              "fullTitle": "Transactions Test that user is able to navigate to the transactions details page",
              "timedOut": null,
              "duration": 16508,
              "state": "passed",
              "speed": "slow",
              "pass": true,
              "fail": false,
              "pending": false,
              "context": null,
              "code": "loginPage.login(cardHolder.email, cardHolder.password);\ncy.get('.onboarding-title').contains('Welcome').should('be.visible');\ncy.get('.shepherd-footer > .start').contains(`Not interested`).click();\ntransactionPage.accessTransactionPage();\ntransactionPage.accessTransactionDetails();",
              "err": {},
              "uuid": "d8a5d1dd-a5ce-4378-a167-56a5aa75b783",
              "parentUUID": "1ab54955-b839-4cf6-98a2-dc7556d009b0",
              "isHook": false,
              "skipped": false
            }
          ],
          "suites": [],
          "passes": [
            "e1f9749f-7c0b-4ed2-b8b4-94d77a169653",
            "d8a5d1dd-a5ce-4378-a167-56a5aa75b783"
          ],
          "failures": [],
          "pending": [],
          "skipped": [],
          "duration": 40793,
          "root": false,
          "rootEmpty": false,
          "_timeout": 2000
        }
      ],
      "passes": [],
      "failures": [],
      "pending": [],
      "skipped": [],
      "duration": 0,
      "root": true,
      "rootEmpty": true,
      "_timeout": 2000
    }
  ],
  "meta": {
    "mocha": {
      "version": "7.0.1"
    },
    "mochawesome": {
      "options": {
        "quiet": false,
        "reportFilename": "mochawesome",
        "saveHtml": false,
        "saveJson": true,
        "consoleReporter": "spec",
        "useInlineDiffs": false,
        "code": true
      },
      "version": "7.1.3"
    },
    "marge": {
      "options": {
        "id": "default",
        "reportDir": "cypress/reports/.jsons",
        "charts": true,
        "reportPageTitle": "My Test Suite",
        "embeddedScreenshots": true,
        "inlineAssets": true,
        "overwrite": false,
        "html": false,
        "json": true
      },
      "version": "6.2.0"
    }
  }
}