{
  "stats": {
    "suites": 1,
    "tests": 2,
    "passes": 0,
    "pending": 0,
    "failures": 2,
    "start": "2023-03-21T16:54:58.079Z",
    "end": "2023-03-21T17:05:19.243Z",
    "duration": 621164,
    "testsRegistered": 2,
    "passPercent": 0,
    "pendingPercent": 0,
    "other": 0,
    "hasOther": false,
    "skipped": 0,
    "hasSkipped": false
  },
  "results": [
    {
      "uuid": "9ce1b623-c1cd-4c97-b955-3ba63d041011",
      "title": "",
      "fullFile": "cypress/e2e/cards/card.cy.js",
      "file": "cypress/e2e/cards/card.cy.js",
      "beforeHooks": [],
      "afterHooks": [],
      "tests": [],
      "suites": [
        {
          "uuid": "81f48771-f5f9-4af0-b7a3-cffadb507e97",
          "title": "Cards",
          "fullFile": "",
          "file": "",
          "beforeHooks": [],
          "afterHooks": [],
          "tests": [
            {
              "title": "Test that user is able to navigate to the cards page",
              "fullTitle": "Cards Test that user is able to navigate to the cards page",
              "timedOut": null,
              "duration": 99014,
              "state": "failed",
              "speed": null,
              "pass": false,
              "fail": true,
              "pending": false,
              "context": "{\n  \"title\": \"cypress-mochawesome-reporter-screenshots\",\n  \"value\": [\n    [\n      {\n        \"title\": \"Failed screenshot\",\n        \"value\": \"/cards/card.cy.js/Cards -- Test that user is able to navigate to the cards page (failed).png\"\n      }\n    ],\n    [\n      {\n        \"title\": \"Failed screenshot\",\n        \"value\": \"/cards/card.cy.js/Cards -- Test that user is able to navigate to the cards page (failed) (attempt 2).png\"\n      }\n    ],\n    [\n      {\n        \"title\": \"Failed screenshot\",\n        \"value\": \"/cards/card.cy.js/Cards -- Test that user is able to navigate to the cards page (failed) (attempt 3).png\"\n      }\n    ]\n  ]\n}",
              "code": "loginPage.login(cardHolder.email, cardHolder.password);\ncy.get('.title').contains('Damilare').should('be.visible');\ncardsPage.accessCardsPage();",
              "err": {
                "message": "AssertionError: Timed out retrying after 80000ms: expected '<span>' to be 'visible'\n\nThis element `<span>` is not visible because it has CSS property: `position: fixed` and it's being covered by another element:\n\n`<path d=\"M1280,800H0V0H1280V800ZM0,0a0,0,0,0,0-0,0V0a0,0,0,0,0,0,0H0a0,0,0,0,0,0-0V0a0,0,0,0,0-0-0Z\"></path>`",
                "estack": "AssertionError: Timed out retrying after 80000ms: expected '<span>' to be 'visible'\n\nThis element `<span>` is not visible because it has CSS property: `position: fixed` and it's being covered by another element:\n\n`<path d=\"M1280,800H0V0H1280V800ZM0,0a0,0,0,0,0-0,0V0a0,0,0,0,0,0,0H0a0,0,0,0,0,0-0V0a0,0,0,0,0-0-0Z\"></path>`\n    at CardsPage.accessCardsPage (webpack:///./cypress/support/pages/cards/card-page.js:15:22)\n    at Context.eval (webpack:///./cypress/e2e/cards/card.cy.js:17:18)",
                "diff": null
              },
              "uuid": "da6d830e-de27-4628-85d1-83d0df1bdf02",
              "parentUUID": "81f48771-f5f9-4af0-b7a3-cffadb507e97",
              "isHook": false,
              "skipped": false
            },
            {
              "title": "Test that the user is able to view virtual cards",
              "fullTitle": "Cards Test that the user is able to view virtual cards",
              "timedOut": null,
              "duration": 103198,
              "state": "failed",
              "speed": null,
              "pass": false,
              "fail": true,
              "pending": false,
              "context": "{\n  \"title\": \"cypress-mochawesome-reporter-screenshots\",\n  \"value\": [\n    [\n      {\n        \"title\": \"Failed screenshot\",\n        \"value\": \"/cards/card.cy.js/Cards -- Test that the user is able to view virtual cards (failed).png\"\n      }\n    ],\n    [\n      {\n        \"title\": \"Failed screenshot\",\n        \"value\": \"/cards/card.cy.js/Cards -- Test that the user is able to view virtual cards (failed) (attempt 2).png\"\n      }\n    ],\n    [\n      {\n        \"title\": \"Failed screenshot\",\n        \"value\": \"/cards/card.cy.js/Cards -- Test that the user is able to view virtual cards (failed) (attempt 3).png\"\n      }\n    ]\n  ]\n}",
              "code": "loginPage.login(cardHolder.email, cardHolder.password);\ncy.get('.title').contains('Damilare').should('be.visible');\ncardsPage.accessCardsPage();\ncardsPage.viewVirtualCards();",
              "err": {
                "message": "AssertionError: Timed out retrying after 80000ms: expected '<span>' to be 'visible'\n\nThis element `<span>` is not visible because it has CSS property: `position: fixed` and it's being covered by another element:\n\n`<path d=\"M1280,800H0V0H1280V800ZM0,0a0,0,0,0,0-0,0V0a0,0,0,0,0,0,0H0a0,0,0,0,0,0-0V0a0,0,0,0,0-0-0Z\"></path>`",
                "estack": "AssertionError: Timed out retrying after 80000ms: expected '<span>' to be 'visible'\n\nThis element `<span>` is not visible because it has CSS property: `position: fixed` and it's being covered by another element:\n\n`<path d=\"M1280,800H0V0H1280V800ZM0,0a0,0,0,0,0-0,0V0a0,0,0,0,0,0,0H0a0,0,0,0,0,0-0V0a0,0,0,0,0-0-0Z\"></path>`\n    at CardsPage.accessCardsPage (webpack:///./cypress/support/pages/cards/card-page.js:15:22)\n    at Context.eval (webpack:///./cypress/e2e/cards/card.cy.js:23:18)",
                "diff": null
              },
              "uuid": "7977d33f-6bb0-4eb3-b1af-0bf2a2effb0a",
              "parentUUID": "81f48771-f5f9-4af0-b7a3-cffadb507e97",
              "isHook": false,
              "skipped": false
            }
          ],
          "suites": [],
          "passes": [],
          "failures": [
            "da6d830e-de27-4628-85d1-83d0df1bdf02",
            "7977d33f-6bb0-4eb3-b1af-0bf2a2effb0a"
          ],
          "pending": [],
          "skipped": [],
          "duration": 202212,
          "root": false,
          "rootEmpty": false,
          "_timeout": 2000
        }
      ],
      "passes": [],
      "failures": [],
      "pending": [],
      "skipped": [],
      "duration": 0,
      "root": true,
      "rootEmpty": true,
      "_timeout": 2000
    }
  ],
  "meta": {
    "mocha": {
      "version": "7.0.1"
    },
    "mochawesome": {
      "options": {
        "quiet": false,
        "reportFilename": "mochawesome",
        "saveHtml": false,
        "saveJson": true,
        "consoleReporter": "spec",
        "useInlineDiffs": false,
        "code": true
      },
      "version": "7.1.3"
    },
    "marge": {
      "options": {
        "id": "default",
        "reportDir": "cypress/reports/.jsons",
        "charts": true,
        "reportPageTitle": "My Test Suite",
        "embeddedScreenshots": true,
        "inlineAssets": true,
        "overwrite": false,
        "html": false,
        "json": true
      },
      "version": "6.2.0"
    }
  }
}