{
  "stats": {
    "suites": 1,
    "tests": 1,
    "passes": 0,
    "pending": 0,
    "failures": 1,
    "start": "2023-03-28T16:55:43.074Z",
    "end": "2023-03-28T16:59:22.122Z",
    "duration": 219048,
    "testsRegistered": 1,
    "passPercent": 0,
    "pendingPercent": 0,
    "other": 0,
    "hasOther": false,
    "skipped": 0,
    "hasSkipped": false
  },
  "results": [
    {
      "uuid": "7175020a-3290-4c27-b8d4-1705e911def8",
      "title": "",
      "fullFile": "cypress/e2e/profiles/profile.cy.js",
      "file": "cypress/e2e/profiles/profile.cy.js",
      "beforeHooks": [],
      "afterHooks": [],
      "tests": [],
      "suites": [
        {
          "uuid": "769def0e-0ec4-45f4-a6f3-5c2bee4bde13",
          "title": "Profile",
          "fullFile": "",
          "file": "",
          "beforeHooks": [],
          "afterHooks": [],
          "tests": [
            {
              "title": "Test that user is able to navigate to the profile page",
              "fullTitle": "Profile Test that user is able to navigate to the profile page",
              "timedOut": null,
              "duration": 30266,
              "state": "failed",
              "speed": null,
              "pass": false,
              "fail": true,
              "pending": false,
              "context": "{\n  \"title\": \"cypress-mochawesome-reporter-screenshots\",\n  \"value\": [\n    [\n      {\n        \"title\": \"Failed screenshot\",\n        \"value\": \"/profiles/profile.cy.js/Profile -- Test that user is able to navigate to the profile page (failed).png\"\n      }\n    ],\n    [\n      {\n        \"title\": \"Failed screenshot\",\n        \"value\": \"/profiles/profile.cy.js/Profile -- Test that user is able to navigate to the profile page (failed) (attempt 2).png\"\n      }\n    ],\n    [\n      {\n        \"title\": \"Failed screenshot\",\n        \"value\": \"/profiles/profile.cy.js/Profile -- Test that user is able to navigate to the profile page -- before each hook (failed) (attempt 3).png\"\n      }\n    ]\n  ]\n}",
              "code": "loginPage.login(cardHolder.email, cardHolder.password);\ncy.get('.onboarding-title').contains('Welcome');\ncy.get('.start').contains('Not interested').click();\ncy.get('.title').contains('Amayindi').should('be.visible');\nprofilePage.accessProfilePage();",
              "err": {
                "message": "CypressError: `cy.visit()` failed trying to load:\n\nhttps://devcardholder.essolo.com/onboarding/signin\n\nWe attempted to make an http request to this URL but the request failed without a response.\n\nWe received this error at the network level:\n\n  > Error: ESOCKETTIMEDOUT\n\nCommon situations why this would fail:\n  - you don't have internet access\n  - you forgot to run / boot your web server\n  - your web server isn't accessible\n  - you have weird network configuration settings on your computer\n\nBecause this error occurred during a `before each` hook we are skipping the remaining tests in the current suite: `Profile`",
                "estack": "CypressError: `cy.visit()` failed trying to load:\n\nhttps://devcardholder.essolo.com/onboarding/signin\n\nWe attempted to make an http request to this URL but the request failed without a response.\n\nWe received this error at the network level:\n\n  > Error: ESOCKETTIMEDOUT\n\nCommon situations why this would fail:\n  - you don't have internet access\n  - you forgot to run / boot your web server\n  - your web server isn't accessible\n  - you have weird network configuration settings on your computer\n\nBecause this error occurred during a `before each` hook we are skipping the remaining tests in the current suite: `Profile`\n    at <unknown> (https://devcardholder.essolo.com/__cypress/runner/cypress_runner.js:138252:82)\n    at visitFailedByErr (https://devcardholder.essolo.com/__cypress/runner/cypress_runner.js:137644:12)\n    at <unknown> (https://devcardholder.essolo.com/__cypress/runner/cypress_runner.js:138251:11)\n    at tryCatcher (https://devcardholder.essolo.com/__cypress/runner/cypress_runner.js:8914:23)\n    at Promise._settlePromiseFromHandler (https://devcardholder.essolo.com/__cypress/runner/cypress_runner.js:6849:31)\n    at Promise._settlePromise (https://devcardholder.essolo.com/__cypress/runner/cypress_runner.js:6906:18)\n    at Promise._settlePromise0 (https://devcardholder.essolo.com/__cypress/runner/cypress_runner.js:6951:10)\n    at Promise._settlePromises (https://devcardholder.essolo.com/__cypress/runner/cypress_runner.js:7027:18)\n    at _drainQueueStep (https://devcardholder.essolo.com/__cypress/runner/cypress_runner.js:3621:12)\n    at _drainQueue (https://devcardholder.essolo.com/__cypress/runner/cypress_runner.js:3614:9)\n    at ../../node_modules/bluebird/js/release/async.js.Async._drainQueues (https://devcardholder.essolo.com/__cypress/runner/cypress_runner.js:3630:5)\n    at Async.drainQueues (https://devcardholder.essolo.com/__cypress/runner/cypress_runner.js:3500:14)\nFrom Your Spec Code:\n    at LoginPage.accessLoginModal (webpack:///./cypress/support/pages/shared/login-page.js:9:11)\n    at Context.eval (webpack:///./cypress/e2e/profiles/profile.cy.js:11:16)\n\nFrom Node.js Internals:\n  Error: ESOCKETTIMEDOUT\n      at ClientRequest.<anonymous> (<embedded>:1955:73317)\n      at Object.onceWrapper (node:events:641:28)\n      at ClientRequest.emit (node:events:527:28)\n      at TLSSocket.emitRequestTimeout (node:_http_client:771:9)\n      at Object.onceWrapper (node:events:641:28)\n      at TLSSocket.emit (node:events:539:35)\n      at Socket._onTimeout (node:net:516:8)\n      at listOnTimeout (node:internal/timers:559:17)\n      at process.processTimers (node:internal/timers:502:7)",
                "diff": null
              },
              "uuid": "f4e3d591-bcc0-490b-80be-2eaf8820dd83",
              "parentUUID": "769def0e-0ec4-45f4-a6f3-5c2bee4bde13",
              "isHook": false,
              "skipped": false
            }
          ],
          "suites": [],
          "passes": [],
          "failures": [
            "f4e3d591-bcc0-490b-80be-2eaf8820dd83"
          ],
          "pending": [],
          "skipped": [],
          "duration": 30266,
          "root": false,
          "rootEmpty": false,
          "_timeout": 2000
        }
      ],
      "passes": [],
      "failures": [],
      "pending": [],
      "skipped": [],
      "duration": 0,
      "root": true,
      "rootEmpty": true,
      "_timeout": 2000
    }
  ],
  "meta": {
    "mocha": {
      "version": "7.0.1"
    },
    "mochawesome": {
      "options": {
        "quiet": false,
        "reportFilename": "mochawesome",
        "saveHtml": false,
        "saveJson": true,
        "consoleReporter": "spec",
        "useInlineDiffs": false,
        "code": true
      },
      "version": "7.1.3"
    },
    "marge": {
      "options": {
        "id": "default",
        "reportDir": "cypress/reports/.jsons",
        "charts": true,
        "reportPageTitle": "My Test Suite",
        "embeddedScreenshots": true,
        "inlineAssets": true,
        "overwrite": false,
        "html": false,
        "json": true
      },
      "version": "6.2.0"
    }
  }
}