{
  "stats": {
    "suites": 1,
    "tests": 2,
    "passes": 2,
    "pending": 0,
    "failures": 0,
    "start": "2023-04-02T22:38:32.602Z",
    "end": "2023-04-02T22:41:16.950Z",
    "duration": 164348,
    "testsRegistered": 2,
    "passPercent": 100,
    "pendingPercent": 0,
    "other": 0,
    "hasOther": false,
    "skipped": 0,
    "hasSkipped": false
  },
  "results": [
    {
      "uuid": "a1121aec-d421-4ff3-ac39-6fc13ae59278",
      "title": "",
      "fullFile": "cypress/e2e/cards/loadCard.cy.js",
      "file": "cypress/e2e/cards/loadCard.cy.js",
      "beforeHooks": [],
      "afterHooks": [],
      "tests": [],
      "suites": [
        {
          "uuid": "0ed076d5-5fb0-4f0b-bd87-d049890ef27a",
          "title": "Load Card",
          "fullFile": "",
          "file": "",
          "beforeHooks": [],
          "afterHooks": [],
          "tests": [
            {
              "title": "Test that the user is able to access load physical card",
              "fullTitle": "Load Card Test that the user is able to access load physical card",
              "timedOut": null,
              "duration": 24180,
              "state": "passed",
              "speed": "slow",
              "pass": true,
              "fail": false,
              "pending": false,
              "context": "{\n  \"title\": \"cypress-mochawesome-reporter-screenshots\",\n  \"value\": [\n    [\n      {\n        \"title\": \"Failed screenshot\",\n        \"value\": \"/cards/loadCard.cy.js/Load Card -- Test that the user is able to access load physical card (failed).png\"\n      }\n    ],\n    []\n  ]\n}",
              "code": "loginPage.login(\"damiuser001@yopmail.com\", \"Password@1\");\ncy.get('.onboarding-title').contains('Welcome');\ncy.get('.start').contains('Not interested').click();\ncy.get('.title').contains('Damilare').should('be.visible');\ncy.get('.app-onboarding-menu-cards > .nav-icon').click();\ncy.wait(3000);\nloadCardPage.accessLoadCardPage();\nloadCardPage.loadPhysicalCard();",
              "err": {},
              "uuid": "c3530ea4-8203-45bf-a2c7-5aa49f0eeadc",
              "parentUUID": "0ed076d5-5fb0-4f0b-bd87-d049890ef27a",
              "isHook": false,
              "skipped": false
            },
            {
              "title": "Test that the user is able to access load virtual card",
              "fullTitle": "Load Card Test that the user is able to access load virtual card",
              "timedOut": null,
              "duration": 30774,
              "state": "passed",
              "speed": "slow",
              "pass": true,
              "fail": false,
              "pending": false,
              "context": null,
              "code": "loginPage.login(\"damiuser001@yopmail.com\", \"Password@1\");\ncy.get('.onboarding-title').contains('Welcome');\ncy.get('.start').contains('Not interested').click();\ncy.get('.title').contains('Damilare').should('be.visible');\ncy.get('.app-onboarding-menu-cards > .nav-icon').click();\ncy.wait(3000);\nloadCardPage.loadVirtualCard();",
              "err": {},
              "uuid": "625b2c58-ac42-4e63-8ebe-21723bb3ebe0",
              "parentUUID": "0ed076d5-5fb0-4f0b-bd87-d049890ef27a",
              "isHook": false,
              "skipped": false
            }
          ],
          "suites": [],
          "passes": [
            "c3530ea4-8203-45bf-a2c7-5aa49f0eeadc",
            "625b2c58-ac42-4e63-8ebe-21723bb3ebe0"
          ],
          "failures": [],
          "pending": [],
          "skipped": [],
          "duration": 54954,
          "root": false,
          "rootEmpty": false,
          "_timeout": 2000
        }
      ],
      "passes": [],
      "failures": [],
      "pending": [],
      "skipped": [],
      "duration": 0,
      "root": true,
      "rootEmpty": true,
      "_timeout": 2000
    }
  ],
  "meta": {
    "mocha": {
      "version": "7.0.1"
    },
    "mochawesome": {
      "options": {
        "quiet": false,
        "reportFilename": "mochawesome",
        "saveHtml": false,
        "saveJson": true,
        "consoleReporter": "spec",
        "useInlineDiffs": false,
        "code": true
      },
      "version": "7.1.3"
    },
    "marge": {
      "options": {
        "id": "default",
        "reportDir": "cypress/reports/.jsons",
        "charts": true,
        "reportPageTitle": "My Test Suite",
        "embeddedScreenshots": true,
        "inlineAssets": true,
        "overwrite": false,
        "html": false,
        "json": true
      },
      "version": "6.2.0"
    }
  }
}