{
  "stats": {
    "suites": 1,
    "tests": 1,
    "passes": 0,
    "pending": 0,
    "failures": 1,
    "start": "2023-03-29T14:25:36.922Z",
    "end": "2023-03-29T14:30:46.394Z",
    "duration": 309472,
    "testsRegistered": 1,
    "passPercent": 0,
    "pendingPercent": 0,
    "other": 0,
    "hasOther": false,
    "skipped": 0,
    "hasSkipped": false
  },
  "results": [
    {
      "uuid": "fde57ec4-7bb2-45ba-be82-8ee64fa5703b",
      "title": "",
      "fullFile": "cypress/e2e/cards/createVirtualCard.cy.js",
      "file": "cypress/e2e/cards/createVirtualCard.cy.js",
      "beforeHooks": [],
      "afterHooks": [],
      "tests": [],
      "suites": [
        {
          "uuid": "e772cb4a-71fe-41fc-b0e4-0c52ce034f12",
          "title": "Card to card transfer",
          "fullFile": "",
          "file": "",
          "beforeHooks": [],
          "afterHooks": [],
          "tests": [
            {
              "title": "Test that the user is able to access activate virtual card",
              "fullTitle": "Card to card transfer Test that the user is able to access activate virtual card",
              "timedOut": null,
              "duration": 29946,
              "state": "failed",
              "speed": null,
              "pass": false,
              "fail": true,
              "pending": false,
              "context": "{\n  \"title\": \"cypress-mochawesome-reporter-screenshots\",\n  \"value\": [\n    [\n      {\n        \"title\": \"Failed screenshot\",\n        \"value\": \"/cards/createVirtualCard.cy.js/Card to card transfer -- Test that the user is able to access activate virtual card (failed).png\"\n      }\n    ],\n    [\n      {\n        \"title\": \"Failed screenshot\",\n        \"value\": \"/cards/createVirtualCard.cy.js/Card to card transfer -- Test that the user is able to access activate virtual card (failed) (attempt 2).png\"\n      }\n    ],\n    [\n      {\n        \"title\": \"Failed screenshot\",\n        \"value\": \"/cards/createVirtualCard.cy.js/Card to card transfer -- Test that the user is able to access activate virtual card -- before each hook (failed) (attempt 3).png\"\n      }\n    ]\n  ]\n}",
              "code": "loginPage.login(email, password);\ncy.get('.onboarding-title').contains('Welcome');\ncy.get('.start').contains('Not interested').click();\ncy.get('.title').contains('Amayindi').should('be.visible');\n//cardsPage.accessCardsPage();\ncreateVirtualCard.createCard();",
              "err": {
                "message": "CypressError: `cy.visit()` failed trying to load:\n\nhttps://devcardholder.essolo.com/onboarding/signin\n\nWe attempted to make an http request to this URL but the request failed without a response.\n\nWe received this error at the network level:\n\n  > Error: read ETIMEDOUT\n\nCommon situations why this would fail:\n  - you don't have internet access\n  - you forgot to run / boot your web server\n  - your web server isn't accessible\n  - you have weird network configuration settings on your computer\n\nBecause this error occurred during a `before each` hook we are skipping the remaining tests in the current suite: `Card to card transfer`",
                "estack": "CypressError: `cy.visit()` failed trying to load:\n\nhttps://devcardholder.essolo.com/onboarding/signin\n\nWe attempted to make an http request to this URL but the request failed without a response.\n\nWe received this error at the network level:\n\n  > Error: read ETIMEDOUT\n\nCommon situations why this would fail:\n  - you don't have internet access\n  - you forgot to run / boot your web server\n  - your web server isn't accessible\n  - you have weird network configuration settings on your computer\n\nBecause this error occurred during a `before each` hook we are skipping the remaining tests in the current suite: `Card to card transfer`\n    at <unknown> (https://devcardholder.essolo.com/__cypress/runner/cypress_runner.js:138252:82)\n    at visitFailedByErr (https://devcardholder.essolo.com/__cypress/runner/cypress_runner.js:137644:12)\n    at <unknown> (https://devcardholder.essolo.com/__cypress/runner/cypress_runner.js:138251:11)\n    at tryCatcher (https://devcardholder.essolo.com/__cypress/runner/cypress_runner.js:8914:23)\n    at Promise._settlePromiseFromHandler (https://devcardholder.essolo.com/__cypress/runner/cypress_runner.js:6849:31)\n    at Promise._settlePromise (https://devcardholder.essolo.com/__cypress/runner/cypress_runner.js:6906:18)\n    at Promise._settlePromise0 (https://devcardholder.essolo.com/__cypress/runner/cypress_runner.js:6951:10)\n    at Promise._settlePromises (https://devcardholder.essolo.com/__cypress/runner/cypress_runner.js:7027:18)\n    at _drainQueueStep (https://devcardholder.essolo.com/__cypress/runner/cypress_runner.js:3621:12)\n    at _drainQueue (https://devcardholder.essolo.com/__cypress/runner/cypress_runner.js:3614:9)\n    at ../../node_modules/bluebird/js/release/async.js.Async._drainQueues (https://devcardholder.essolo.com/__cypress/runner/cypress_runner.js:3630:5)\n    at Async.drainQueues (https://devcardholder.essolo.com/__cypress/runner/cypress_runner.js:3500:14)\nFrom Your Spec Code:\n    at LoginPage.accessLoginModal (webpack:///./cypress/support/pages/shared/login-page.js:9:11)\n    at Context.eval (webpack:///./cypress/e2e/cards/createVirtualCard.cy.js:12:16)\n\nFrom Node.js Internals:\n  Error: read ETIMEDOUT\n      at TLSWrap.onStreamRead (node:internal/stream_base_commons:217:20)",
                "diff": null
              },
              "uuid": "98d78580-4385-4929-a1df-d905f2233c38",
              "parentUUID": "e772cb4a-71fe-41fc-b0e4-0c52ce034f12",
              "isHook": false,
              "skipped": false
            }
          ],
          "suites": [],
          "passes": [],
          "failures": [
            "98d78580-4385-4929-a1df-d905f2233c38"
          ],
          "pending": [],
          "skipped": [],
          "duration": 29946,
          "root": false,
          "rootEmpty": false,
          "_timeout": 2000
        }
      ],
      "passes": [],
      "failures": [],
      "pending": [],
      "skipped": [],
      "duration": 0,
      "root": true,
      "rootEmpty": true,
      "_timeout": 2000
    }
  ],
  "meta": {
    "mocha": {
      "version": "7.0.1"
    },
    "mochawesome": {
      "options": {
        "quiet": false,
        "reportFilename": "mochawesome",
        "saveHtml": false,
        "saveJson": true,
        "consoleReporter": "spec",
        "useInlineDiffs": false,
        "code": true
      },
      "version": "7.1.3"
    },
    "marge": {
      "options": {
        "id": "default",
        "reportDir": "cypress/reports/.jsons",
        "charts": true,
        "reportPageTitle": "My Test Suite",
        "embeddedScreenshots": true,
        "inlineAssets": true,
        "overwrite": false,
        "html": false,
        "json": true
      },
      "version": "6.2.0"
    }
  }
}