{
  "stats": {
    "suites": 1,
    "tests": 1,
    "passes": 1,
    "pending": 0,
    "failures": 0,
    "start": "2023-03-27T14:05:53.758Z",
    "end": "2023-03-27T14:06:14.298Z",
    "duration": 20540,
    "testsRegistered": 1,
    "passPercent": 100,
    "pendingPercent": 0,
    "other": 0,
    "hasOther": false,
    "skipped": 0,
    "hasSkipped": false
  },
  "results": [
    {
      "uuid": "4986cd2c-de5e-429a-9ad6-fda25db6428e",
      "title": "",
      "fullFile": "cypress/e2e/cards/cardToCardTransfer.cy.js",
      "file": "cypress/e2e/cards/cardToCardTransfer.cy.js",
      "beforeHooks": [],
      "afterHooks": [],
      "tests": [],
      "suites": [
        {
          "uuid": "300f3823-ae98-4ec5-9114-ff572591d1ac",
          "title": "Card to card transfer",
          "fullFile": "",
          "file": "",
          "beforeHooks": [],
          "afterHooks": [],
          "tests": [
            {
              "title": "Test that the user is able to access card to card transfer",
              "fullTitle": "Card to card transfer Test that the user is able to access card to card transfer",
              "timedOut": null,
              "duration": 20509,
              "state": "passed",
              "speed": "slow",
              "pass": true,
              "fail": false,
              "pending": false,
              "context": null,
              "code": "loginPage.login(cardHolder.email, cardHolder.password);\ncy.get('.onboarding-title').contains('Welcome');\ncy.get('.start').contains('Not interested').click();\ncy.get('.title').contains('Amayindi').should('be.visible');\ncardsPage.accessCardsPage();\ncardToCardTransferPage.accessCardToCardTransferPage();\ncardToCardTransferPage.enterTransferDetails();",
              "err": {},
              "uuid": "a50420f8-be9a-450d-b299-f78b272ea959",
              "parentUUID": "300f3823-ae98-4ec5-9114-ff572591d1ac",
              "isHook": false,
              "skipped": false
            }
          ],
          "suites": [],
          "passes": [
            "a50420f8-be9a-450d-b299-f78b272ea959"
          ],
          "failures": [],
          "pending": [],
          "skipped": [],
          "duration": 20509,
          "root": false,
          "rootEmpty": false,
          "_timeout": 2000
        }
      ],
      "passes": [],
      "failures": [],
      "pending": [],
      "skipped": [],
      "duration": 0,
      "root": true,
      "rootEmpty": true,
      "_timeout": 2000
    }
  ],
  "meta": {
    "mocha": {
      "version": "7.0.1"
    },
    "mochawesome": {
      "options": {
        "quiet": false,
        "reportFilename": "mochawesome",
        "saveHtml": false,
        "saveJson": true,
        "consoleReporter": "spec",
        "useInlineDiffs": false,
        "code": true
      },
      "version": "7.1.3"
    },
    "marge": {
      "options": {
        "id": "default",
        "reportDir": "cypress/reports/.jsons",
        "charts": true,
        "reportPageTitle": "My Test Suite",
        "embeddedScreenshots": true,
        "inlineAssets": true,
        "overwrite": false,
        "html": false,
        "json": true
      },
      "version": "6.2.0"
    }
  }
}