{
  "stats": {
    "suites": 1,
    "tests": 2,
    "passes": 0,
    "pending": 0,
    "failures": 2,
    "start": "2023-03-23T11:59:13.490Z",
    "end": "2023-03-23T12:06:18.330Z",
    "duration": 424840,
    "testsRegistered": 2,
    "passPercent": 0,
    "pendingPercent": 0,
    "other": 0,
    "hasOther": false,
    "skipped": 0,
    "hasSkipped": false
  },
  "results": [
    {
      "uuid": "3b5e5470-485f-490b-8c2a-effd0d21cba3",
      "title": "",
      "fullFile": "cypress/e2e/cards/withdrawFromCard.cy.js",
      "file": "cypress/e2e/cards/withdrawFromCard.cy.js",
      "beforeHooks": [],
      "afterHooks": [],
      "tests": [],
      "suites": [
        {
          "uuid": "677cd604-41f8-4476-9a7a-2fdc8c116bfd",
          "title": "Withdraw from card",
          "fullFile": "",
          "file": "",
          "beforeHooks": [],
          "afterHooks": [],
          "tests": [
            {
              "title": "Test that the user is able to access withdraw from physical card",
              "fullTitle": "Withdraw from card Test that the user is able to access withdraw from physical card",
              "timedOut": null,
              "duration": 92202,
              "state": "failed",
              "speed": null,
              "pass": false,
              "fail": true,
              "pending": false,
              "context": "{\n  \"title\": \"cypress-mochawesome-reporter-screenshots\",\n  \"value\": [\n    [\n      {\n        \"title\": \"Failed screenshot\",\n        \"value\": \"/cards/withdrawFromCard.cy.js/Withdraw from card -- Test that the user is able to access withdraw from physical card (failed).png\"\n      }\n    ],\n    [\n      {\n        \"title\": \"Failed screenshot\",\n        \"value\": \"/cards/withdrawFromCard.cy.js/Withdraw from card -- Test that the user is able to access withdraw from physical card (failed) (attempt 2).png\"\n      }\n    ],\n    [\n      {\n        \"title\": \"Failed screenshot\",\n        \"value\": \"/cards/withdrawFromCard.cy.js/Withdraw from card -- Test that the user is able to access withdraw from physical card (failed) (attempt 3).png\"\n      }\n    ]\n  ]\n}",
              "code": "loginPage.login(cardHolder.email, cardHolder.password);\ncy.get('.onboarding-title').contains('Welcome');\ncy.get('.start').contains('Not interested').click();\ncy.get('.title').contains('Damilare').should('be.visible');\ncardsPage.accessCardsPage();\nwithdrawalPage.accessWithdrawFromCardPage();\nwithdrawalPage.enterWithdrawalDetails();",
              "err": {
                "message": "AssertionError: Timed out retrying after 80000ms: Expected to find element: `.onboarding-title`, but never found it.",
                "estack": "AssertionError: Timed out retrying after 80000ms: Expected to find element: `.onboarding-title`, but never found it.\n    at Context.eval (webpack:///./cypress/e2e/cards/withdrawFromCard.cy.js:17:11)",
                "diff": null
              },
              "uuid": "683f8bc1-dcd3-46fa-af3f-3b9904723e2f",
              "parentUUID": "677cd604-41f8-4476-9a7a-2fdc8c116bfd",
              "isHook": false,
              "skipped": false
            },
            {
              "title": "Test that the user is able to access withdraw from virtual card",
              "fullTitle": "Withdraw from card Test that the user is able to access withdraw from virtual card",
              "timedOut": null,
              "duration": 93756,
              "state": "failed",
              "speed": null,
              "pass": false,
              "fail": true,
              "pending": false,
              "context": "{\n  \"title\": \"cypress-mochawesome-reporter-screenshots\",\n  \"value\": [\n    [\n      {\n        \"title\": \"Failed screenshot\",\n        \"value\": \"/cards/withdrawFromCard.cy.js/Withdraw from card -- Test that the user is able to access withdraw from virtual card (failed).png\"\n      }\n    ],\n    [\n      {\n        \"title\": \"Failed screenshot\",\n        \"value\": \"/cards/withdrawFromCard.cy.js/Withdraw from card -- Test that the user is able to access withdraw from virtual card (failed) (attempt 2).png\"\n      }\n    ],\n    [\n      {\n        \"title\": \"Failed screenshot\",\n        \"value\": \"/cards/withdrawFromCard.cy.js/Withdraw from card -- Test that the user is able to access withdraw from virtual card (failed) (attempt 3).png\"\n      }\n    ]\n  ]\n}",
              "code": "loginPage.login(cardHolder.email, cardHolder.password);\ncy.get('.onboarding-title').contains('Welcome');\ncy.get('.start').contains('Not interested').click();\ncy.get('.title').contains('Damilare').should('be.visible');\ncardsPage.accessCardsPage();\nwithdrawalPage.withdrawFromVirtualCard();",
              "err": {
                "message": "AssertionError: Timed out retrying after 80000ms: Expected to find content: 'Damilare' within the element: <h1.title> but never did.",
                "estack": "AssertionError: Timed out retrying after 80000ms: Expected to find content: 'Damilare' within the element: <h1.title> but never did.\n    at Context.eval (webpack:///./cypress/e2e/cards/withdrawFromCard.cy.js:30:44)",
                "diff": null
              },
              "uuid": "d3b9740b-fe90-45ea-8e4a-5fcdc5ceb3e1",
              "parentUUID": "677cd604-41f8-4476-9a7a-2fdc8c116bfd",
              "isHook": false,
              "skipped": false
            }
          ],
          "suites": [],
          "passes": [],
          "failures": [
            "683f8bc1-dcd3-46fa-af3f-3b9904723e2f",
            "d3b9740b-fe90-45ea-8e4a-5fcdc5ceb3e1"
          ],
          "pending": [],
          "skipped": [],
          "duration": 185958,
          "root": false,
          "rootEmpty": false,
          "_timeout": 2000
        }
      ],
      "passes": [],
      "failures": [],
      "pending": [],
      "skipped": [],
      "duration": 0,
      "root": true,
      "rootEmpty": true,
      "_timeout": 2000
    }
  ],
  "meta": {
    "mocha": {
      "version": "7.0.1"
    },
    "mochawesome": {
      "options": {
        "quiet": false,
        "reportFilename": "mochawesome",
        "saveHtml": false,
        "saveJson": true,
        "consoleReporter": "spec",
        "useInlineDiffs": false,
        "code": true
      },
      "version": "7.1.3"
    },
    "marge": {
      "options": {
        "id": "default",
        "reportDir": "cypress/reports/.jsons",
        "charts": true,
        "reportPageTitle": "My Test Suite",
        "embeddedScreenshots": true,
        "inlineAssets": true,
        "overwrite": false,
        "html": false,
        "json": true
      },
      "version": "6.2.0"
    }
  }
}