{
  "stats": {
    "suites": 1,
    "tests": 0,
    "passes": 0,
    "pending": 0,
    "failures": 0,
    "start": "2023-03-29T19:08:23.133Z",
    "end": "2023-03-29T19:13:16.837Z",
    "duration": 293704,
    "testsRegistered": 2,
    "passPercent": 0,
    "pendingPercent": 0,
    "other": 0,
    "hasOther": false,
    "skipped": 1,
    "hasSkipped": true
  },
  "results": [
    {
      "uuid": "28b29e49-198d-4242-a936-f7140219e5f9",
      "title": "",
      "fullFile": "cypress/e2e/cards/loadCard.cy.js",
      "file": "cypress/e2e/cards/loadCard.cy.js",
      "beforeHooks": [],
      "afterHooks": [],
      "tests": [],
      "suites": [
        {
          "uuid": "b33c117e-b685-4305-8378-a37263ce9c5b",
          "title": "Load Card",
          "fullFile": "",
          "file": "",
          "beforeHooks": [],
          "afterHooks": [],
          "tests": [
            {
              "title": "Test that the user is able to access load physical card",
              "fullTitle": "Load Card Test that the user is able to access load physical card",
              "timedOut": null,
              "duration": 103212,
              "state": "failed",
              "speed": null,
              "pass": false,
              "fail": true,
              "pending": false,
              "context": null,
              "code": "loginPage.login(cardHolder.email, cardHolder.password);\ncy.get('.onboarding-title').contains('Welcome');\ncy.get('.start').contains('Not interested').click();\ncy.get('.title').contains('Amayindi').should('be.visible');\ncardsPage.accessCardsPage();\nloadCardPage.accessLoadCardPage();\nloadCardPage.loadPhysicalCard();",
              "err": {},
              "uuid": "f34ef18d-13bc-4bbc-981e-6bbfae4b47b1",
              "parentUUID": "b33c117e-b685-4305-8378-a37263ce9c5b",
              "isHook": false,
              "skipped": false
            },
            {
              "title": "Test that the user is able to access load virtual card",
              "fullTitle": "Load Card Test that the user is able to access load virtual card",
              "timedOut": null,
              "duration": 0,
              "state": "skipped",
              "speed": null,
              "pass": false,
              "fail": false,
              "pending": false,
              "context": null,
              "code": "loginPage.login(cardHolder.email, cardHolder.password);\ncy.get('.onboarding-title').contains('Welcome');\ncy.get('.start').contains('Not interested').click();\ncy.get('.title').contains('Amayindi').should('be.visible');\ncardsPage.accessCardsPage();\nloadCardPage.loadVirtualCard();",
              "err": {},
              "uuid": "a8b1db6f-5e85-4f74-84fe-17b0253edbdb",
              "parentUUID": "b33c117e-b685-4305-8378-a37263ce9c5b",
              "isHook": false,
              "skipped": true
            }
          ],
          "suites": [],
          "passes": [],
          "failures": [
            "f34ef18d-13bc-4bbc-981e-6bbfae4b47b1"
          ],
          "pending": [],
          "skipped": [
            "a8b1db6f-5e85-4f74-84fe-17b0253edbdb"
          ],
          "duration": 103212,
          "root": false,
          "rootEmpty": false,
          "_timeout": 2000
        }
      ],
      "passes": [],
      "failures": [],
      "pending": [],
      "skipped": [],
      "duration": 0,
      "root": true,
      "rootEmpty": true,
      "_timeout": 2000
    }
  ],
  "meta": {
    "mocha": {
      "version": "7.0.1"
    },
    "mochawesome": {
      "options": {
        "quiet": false,
        "reportFilename": "mochawesome",
        "saveHtml": false,
        "saveJson": true,
        "consoleReporter": "spec",
        "useInlineDiffs": false,
        "code": true
      },
      "version": "7.1.3"
    },
    "marge": {
      "options": {
        "id": "default",
        "reportDir": "cypress/reports/.jsons",
        "charts": true,
        "reportPageTitle": "My Test Suite",
        "embeddedScreenshots": true,
        "inlineAssets": true,
        "overwrite": false,
        "html": false,
        "json": true
      },
      "version": "6.2.0"
    }
  }
}