{
  "stats": {
    "suites": 1,
    "tests": 2,
    "passes": 0,
    "pending": 0,
    "failures": 2,
    "start": "2023-03-21T17:16:30.369Z",
    "end": "2023-03-21T17:28:07.544Z",
    "duration": 697175,
    "testsRegistered": 2,
    "passPercent": 0,
    "pendingPercent": 0,
    "other": 0,
    "hasOther": false,
    "skipped": 0,
    "hasSkipped": false
  },
  "results": [
    {
      "uuid": "1126e721-b618-43e3-8e38-5e48ffb155a7",
      "title": "",
      "fullFile": "cypress/e2e/cards/loadCard.cy.js",
      "file": "cypress/e2e/cards/loadCard.cy.js",
      "beforeHooks": [],
      "afterHooks": [],
      "tests": [],
      "suites": [
        {
          "uuid": "6a67ddf3-2f5d-4aa3-9918-da8b1a28f8c6",
          "title": "Load Card",
          "fullFile": "",
          "file": "",
          "beforeHooks": [],
          "afterHooks": [],
          "tests": [
            {
              "title": "Test that the user is able to access load physical card",
              "fullTitle": "Load Card Test that the user is able to access load physical card",
              "timedOut": null,
              "duration": 106625,
              "state": "failed",
              "speed": null,
              "pass": false,
              "fail": true,
              "pending": false,
              "context": "{\n  \"title\": \"cypress-mochawesome-reporter-screenshots\",\n  \"value\": [\n    [\n      {\n        \"title\": \"Failed screenshot\",\n        \"value\": \"/cards/loadCard.cy.js/Load Card -- Test that the user is able to access load physical card (failed).png\"\n      }\n    ],\n    [\n      {\n        \"title\": \"Failed screenshot\",\n        \"value\": \"/cards/loadCard.cy.js/Load Card -- Test that the user is able to access load physical card (failed) (attempt 2).png\"\n      }\n    ],\n    [\n      {\n        \"title\": \"Failed screenshot\",\n        \"value\": \"/cards/loadCard.cy.js/Load Card -- Test that the user is able to access load physical card (failed) (attempt 3).png\"\n      }\n    ]\n  ]\n}",
              "code": "loginPage.login(cardHolder.email, cardHolder.password);\ncy.get('.title').contains('Damilare').should('be.visible');\ncardsPage.accessCardsPage();\nloadCardPage.accessLoadCardPage();\nloadCardPage.loadPhysicalCard();",
              "err": {
                "message": "AssertionError: Timed out retrying after 80000ms: expected '<span>' to be 'visible'\n\nThis element `<span>` is not visible because it has CSS property: `position: fixed` and it's being covered by another element:\n\n`<path d=\"M1280,800H0V0H1280V800ZM0,0a0,0,0,0,0-0,0V0a0,0,0,0,0,0,0H0a0,0,0,0,0,0-0V0a0,0,0,0,0-0-0Z\"></path>`",
                "estack": "AssertionError: Timed out retrying after 80000ms: expected '<span>' to be 'visible'\n\nThis element `<span>` is not visible because it has CSS property: `position: fixed` and it's being covered by another element:\n\n`<path d=\"M1280,800H0V0H1280V800ZM0,0a0,0,0,0,0-0,0V0a0,0,0,0,0,0,0H0a0,0,0,0,0,0-0V0a0,0,0,0,0-0-0Z\"></path>`\n    at CardsPage.accessCardsPage (webpack:///./cypress/support/pages/cards/card-page.js:15:22)\n    at Context.eval (webpack:///./cypress/e2e/cards/loadCard.cy.js:18:18)",
                "diff": null
              },
              "uuid": "2594f6f4-748a-4367-b90d-9776388d87c8",
              "parentUUID": "6a67ddf3-2f5d-4aa3-9918-da8b1a28f8c6",
              "isHook": false,
              "skipped": false
            },
            {
              "title": "Test that the user is able to access load virtual card",
              "fullTitle": "Load Card Test that the user is able to access load virtual card",
              "timedOut": null,
              "duration": 122154,
              "state": "failed",
              "speed": null,
              "pass": false,
              "fail": true,
              "pending": false,
              "context": "{\n  \"title\": \"cypress-mochawesome-reporter-screenshots\",\n  \"value\": [\n    [\n      {\n        \"title\": \"Failed screenshot\",\n        \"value\": \"/cards/loadCard.cy.js/Load Card -- Test that the user is able to access load virtual card (failed).png\"\n      }\n    ],\n    [\n      {\n        \"title\": \"Failed screenshot\",\n        \"value\": \"/cards/loadCard.cy.js/Load Card -- Test that the user is able to access load virtual card (failed) (attempt 2).png\"\n      }\n    ],\n    [\n      {\n        \"title\": \"Failed screenshot\",\n        \"value\": \"/cards/loadCard.cy.js/Load Card -- Test that the user is able to access load virtual card (failed) (attempt 3).png\"\n      }\n    ]\n  ]\n}",
              "code": "loginPage.login(cardHolder.email, cardHolder.password);\ncy.get('.title').contains('Damilare').should('be.visible');\ncardsPage.accessCardsPage();\nloadCardPage.loadVirtualCard();",
              "err": {
                "message": "AssertionError: Timed out retrying after 80000ms: expected '<span>' to be 'visible'\n\nThis element `<span>` is not visible because it has CSS property: `position: fixed` and it's being covered by another element:\n\n`<path d=\"M1280,800H0V0H1280V800ZM0,0a0,0,0,0,0-0,0V0a0,0,0,0,0,0,0H0a0,0,0,0,0,0-0V0a0,0,0,0,0-0-0Z\"></path>`",
                "estack": "AssertionError: Timed out retrying after 80000ms: expected '<span>' to be 'visible'\n\nThis element `<span>` is not visible because it has CSS property: `position: fixed` and it's being covered by another element:\n\n`<path d=\"M1280,800H0V0H1280V800ZM0,0a0,0,0,0,0-0,0V0a0,0,0,0,0,0,0H0a0,0,0,0,0,0-0V0a0,0,0,0,0-0-0Z\"></path>`\n    at CardsPage.accessCardsPage (webpack:///./cypress/support/pages/cards/card-page.js:15:22)\n    at Context.eval (webpack:///./cypress/e2e/cards/loadCard.cy.js:26:16)",
                "diff": null
              },
              "uuid": "4e336b28-232a-4f80-b842-40a5f6fea2d2",
              "parentUUID": "6a67ddf3-2f5d-4aa3-9918-da8b1a28f8c6",
              "isHook": false,
              "skipped": false
            }
          ],
          "suites": [],
          "passes": [],
          "failures": [
            "2594f6f4-748a-4367-b90d-9776388d87c8",
            "4e336b28-232a-4f80-b842-40a5f6fea2d2"
          ],
          "pending": [],
          "skipped": [],
          "duration": 228779,
          "root": false,
          "rootEmpty": false,
          "_timeout": 2000
        }
      ],
      "passes": [],
      "failures": [],
      "pending": [],
      "skipped": [],
      "duration": 0,
      "root": true,
      "rootEmpty": true,
      "_timeout": 2000
    }
  ],
  "meta": {
    "mocha": {
      "version": "7.0.1"
    },
    "mochawesome": {
      "options": {
        "quiet": false,
        "reportFilename": "mochawesome",
        "saveHtml": false,
        "saveJson": true,
        "consoleReporter": "spec",
        "useInlineDiffs": false,
        "code": true
      },
      "version": "7.1.3"
    },
    "marge": {
      "options": {
        "id": "default",
        "reportDir": "cypress/reports/.jsons",
        "charts": true,
        "reportPageTitle": "My Test Suite",
        "embeddedScreenshots": true,
        "inlineAssets": true,
        "overwrite": false,
        "html": false,
        "json": true
      },
      "version": "6.2.0"
    }
  }
}