{
  "stats": {
    "suites": 1,
    "tests": 6,
    "passes": 6,
    "pending": 0,
    "failures": 0,
    "start": "2023-03-20T08:17:09.031Z",
    "end": "2023-03-20T08:18:43.168Z",
    "duration": 94137,
    "testsRegistered": 6,
    "passPercent": 100,
    "pendingPercent": 0,
    "other": 0,
    "hasOther": false,
    "skipped": 0,
    "hasSkipped": false
  },
  "results": [
    {
      "uuid": "19979e3f-303b-48b7-b6f0-b407a1b55804",
      "title": "",
      "fullFile": "cypress/e2e/auth/login.cy.js",
      "file": "cypress/e2e/auth/login.cy.js",
      "beforeHooks": [],
      "afterHooks": [],
      "tests": [],
      "suites": [
        {
          "uuid": "18a41079-d249-436d-a018-7cba2843938e",
          "title": "Login Test",
          "fullFile": "",
          "file": "",
          "beforeHooks": [],
          "afterHooks": [],
          "tests": [
            {
              "title": "Test that user is unable to login with wrong email but correct password",
              "fullTitle": "Login Test Test that user is unable to login with wrong email but correct password",
              "timedOut": null,
              "duration": 17933,
              "state": "passed",
              "speed": "slow",
              "pass": true,
              "fail": false,
              "pending": false,
              "context": null,
              "code": "loginPage.login('damiuser001@yopmail', cardHolder.password);\ncy.get('.portal-container_header > :nth-child(2)').contains('Gain access. Change your life.').should('be.visible');",
              "err": {},
              "uuid": "5b09faa8-6b5d-4049-96ab-016148112d44",
              "parentUUID": "18a41079-d249-436d-a018-7cba2843938e",
              "isHook": false,
              "skipped": false
            },
            {
              "title": "Test that user is unable to login with correct email but wrong password",
              "fullTitle": "Login Test Test that user is unable to login with correct email but wrong password",
              "timedOut": null,
              "duration": 23192,
              "state": "passed",
              "speed": "slow",
              "pass": true,
              "fail": false,
              "pending": false,
              "context": null,
              "code": "loginPage.login(cardHolder.email, 'Password');\ncy.get('.portal-container_header > :nth-child(2)').contains('Gain access. Change your life.').should('be.visible');",
              "err": {},
              "uuid": "145d28bb-ff15-405a-b0b3-a6387bbd53bf",
              "parentUUID": "18a41079-d249-436d-a018-7cba2843938e",
              "isHook": false,
              "skipped": false
            },
            {
              "title": "Test that user is unable to login without email but correct password",
              "fullTitle": "Login Test Test that user is unable to login without email but correct password",
              "timedOut": null,
              "duration": 11393,
              "state": "passed",
              "speed": "slow",
              "pass": true,
              "fail": false,
              "pending": false,
              "context": null,
              "code": "cy.get(':nth-child(2) > .column > form-input-large > .formInputWrapper').type(cardHolder.password);\ncy.get('.portal-container_header > :nth-child(2)').contains('Gain access. Change your life.').should('be.visible');",
              "err": {},
              "uuid": "3b42b2ce-5da7-4458-ad88-f57c936b95b1",
              "parentUUID": "18a41079-d249-436d-a018-7cba2843938e",
              "isHook": false,
              "skipped": false
            },
            {
              "title": "Test that user is unable to login with correct email but no password",
              "fullTitle": "Login Test Test that user is unable to login with correct email but no password",
              "timedOut": null,
              "duration": 12746,
              "state": "passed",
              "speed": "slow",
              "pass": true,
              "fail": false,
              "pending": false,
              "context": null,
              "code": "cy.get(':nth-child(1) > .column > form-input-large > .formInputWrapper').type(cardHolder.email);\ncy.get('.portal-container_header > :nth-child(2)').contains('Gain access. Change your life.').should('be.visible');",
              "err": {},
              "uuid": "29501c84-de0a-4fbe-a4a4-d96f93d6d1b7",
              "parentUUID": "18a41079-d249-436d-a018-7cba2843938e",
              "isHook": false,
              "skipped": false
            },
            {
              "title": "Test that user is unable to login without email or password",
              "fullTitle": "Login Test Test that user is unable to login without email or password",
              "timedOut": null,
              "duration": 14725,
              "state": "passed",
              "speed": "slow",
              "pass": true,
              "fail": false,
              "pending": false,
              "context": null,
              "code": "cy.get('.form-button').contains('Login').click();\ncy.get('.portal-container_header > :nth-child(2)').contains('Gain access. Change your life.').should('be.visible');",
              "err": {},
              "uuid": "ff4b388b-55f3-4321-8426-34cec04686f4",
              "parentUUID": "18a41079-d249-436d-a018-7cba2843938e",
              "isHook": false,
              "skipped": false
            },
            {
              "title": "Test that user is unable to login with valid email and password",
              "fullTitle": "Login Test Test that user is unable to login with valid email and password",
              "timedOut": null,
              "duration": 14064,
              "state": "passed",
              "speed": "slow",
              "pass": true,
              "fail": false,
              "pending": false,
              "context": null,
              "code": "loginPage.login(cardHolder.email, cardHolder.password);\ncy.get('.onboarding-title').contains('Welcome').should('be.visible');\ncy.get('.shepherd-footer > .start').contains(`Not interested`).click();",
              "err": {},
              "uuid": "089cbed2-ff21-47ba-9d07-8323659fc82b",
              "parentUUID": "18a41079-d249-436d-a018-7cba2843938e",
              "isHook": false,
              "skipped": false
            }
          ],
          "suites": [],
          "passes": [
            "5b09faa8-6b5d-4049-96ab-016148112d44",
            "145d28bb-ff15-405a-b0b3-a6387bbd53bf",
            "3b42b2ce-5da7-4458-ad88-f57c936b95b1",
            "29501c84-de0a-4fbe-a4a4-d96f93d6d1b7",
            "ff4b388b-55f3-4321-8426-34cec04686f4",
            "089cbed2-ff21-47ba-9d07-8323659fc82b"
          ],
          "failures": [],
          "pending": [],
          "skipped": [],
          "duration": 94053,
          "root": false,
          "rootEmpty": false,
          "_timeout": 2000
        }
      ],
      "passes": [],
      "failures": [],
      "pending": [],
      "skipped": [],
      "duration": 0,
      "root": true,
      "rootEmpty": true,
      "_timeout": 2000
    }
  ],
  "meta": {
    "mocha": {
      "version": "7.0.1"
    },
    "mochawesome": {
      "options": {
        "quiet": false,
        "reportFilename": "mochawesome",
        "saveHtml": false,
        "saveJson": true,
        "consoleReporter": "spec",
        "useInlineDiffs": false,
        "code": true
      },
      "version": "7.1.3"
    },
    "marge": {
      "options": {
        "id": "default",
        "reportDir": "cypress/reports/.jsons",
        "charts": true,
        "reportPageTitle": "My Test Suite",
        "embeddedScreenshots": true,
        "inlineAssets": true,
        "overwrite": false,
        "html": false,
        "json": true
      },
      "version": "6.2.0"
    }
  }
}