{
  "stats": {
    "suites": 1,
    "tests": 2,
    "passes": 2,
    "pending": 0,
    "failures": 0,
    "start": "2023-03-20T08:26:18.291Z",
    "end": "2023-03-20T08:26:51.461Z",
    "duration": 33170,
    "testsRegistered": 2,
    "passPercent": 100,
    "pendingPercent": 0,
    "other": 0,
    "hasOther": false,
    "skipped": 0,
    "hasSkipped": false
  },
  "results": [
    {
      "uuid": "a3514e4e-877c-44ad-a294-5c86b8197e99",
      "title": "",
      "fullFile": "cypress/e2e/transactions/transaction.cy.js",
      "file": "cypress/e2e/transactions/transaction.cy.js",
      "beforeHooks": [],
      "afterHooks": [],
      "tests": [],
      "suites": [
        {
          "uuid": "d9afcf62-09e9-4740-a946-4cfc680d6544",
          "title": "Transactions",
          "fullFile": "",
          "file": "",
          "beforeHooks": [],
          "afterHooks": [],
          "tests": [
            {
              "title": "Test that user is able to navigate to the transactions page",
              "fullTitle": "Transactions Test that user is able to navigate to the transactions page",
              "timedOut": null,
              "duration": 17075,
              "state": "passed",
              "speed": "slow",
              "pass": true,
              "fail": false,
              "pending": false,
              "context": null,
              "code": "loginPage.login(cardHolder.email, cardHolder.password);\ncy.get('.onboarding-title').contains('Welcome').should('be.visible');\ncy.get('.shepherd-footer > .start').contains(`Not interested`).click();\ntransactionPage.accessTransactionPage();",
              "err": {},
              "uuid": "d958ecc7-ec49-4a71-b58c-99468477839a",
              "parentUUID": "d9afcf62-09e9-4740-a946-4cfc680d6544",
              "isHook": false,
              "skipped": false
            },
            {
              "title": "Test that user is able to navigate to the transactions details page",
              "fullTitle": "Transactions Test that user is able to navigate to the transactions details page",
              "timedOut": null,
              "duration": 16060,
              "state": "passed",
              "speed": "slow",
              "pass": true,
              "fail": false,
              "pending": false,
              "context": null,
              "code": "loginPage.login(cardHolder.email, cardHolder.password);\ncy.get('.onboarding-title').contains('Welcome').should('be.visible');\ncy.get('.shepherd-footer > .start').contains(`Not interested`).click();\ntransactionPage.accessTransactionPage();\ntransactionPage.accessTransactionDetails();",
              "err": {},
              "uuid": "812fb618-cdc7-4d55-96aa-808270f4e65f",
              "parentUUID": "d9afcf62-09e9-4740-a946-4cfc680d6544",
              "isHook": false,
              "skipped": false
            }
          ],
          "suites": [],
          "passes": [
            "d958ecc7-ec49-4a71-b58c-99468477839a",
            "812fb618-cdc7-4d55-96aa-808270f4e65f"
          ],
          "failures": [],
          "pending": [],
          "skipped": [],
          "duration": 33135,
          "root": false,
          "rootEmpty": false,
          "_timeout": 2000
        }
      ],
      "passes": [],
      "failures": [],
      "pending": [],
      "skipped": [],
      "duration": 0,
      "root": true,
      "rootEmpty": true,
      "_timeout": 2000
    }
  ],
  "meta": {
    "mocha": {
      "version": "7.0.1"
    },
    "mochawesome": {
      "options": {
        "quiet": false,
        "reportFilename": "mochawesome",
        "saveHtml": false,
        "saveJson": true,
        "consoleReporter": "spec",
        "useInlineDiffs": false,
        "code": true
      },
      "version": "7.1.3"
    },
    "marge": {
      "options": {
        "id": "default",
        "reportDir": "cypress/reports/.jsons",
        "charts": true,
        "reportPageTitle": "My Test Suite",
        "embeddedScreenshots": true,
        "inlineAssets": true,
        "overwrite": false,
        "html": false,
        "json": true
      },
      "version": "6.2.0"
    }
  }
}