{
  "stats": {
    "suites": 1,
    "tests": 1,
    "passes": 0,
    "pending": 0,
    "failures": 1,
    "start": "2023-03-29T14:38:58.699Z",
    "end": "2023-03-29T14:42:46.429Z",
    "duration": 227730,
    "testsRegistered": 2,
    "passPercent": 0,
    "pendingPercent": 0,
    "other": 0,
    "hasOther": false,
    "skipped": 1,
    "hasSkipped": true
  },
  "results": [
    {
      "uuid": "c487dc07-347a-473c-bf38-4a3de35773ba",
      "title": "",
      "fullFile": "cypress/e2e/cards/withdrawFromCard.cy.js",
      "file": "cypress/e2e/cards/withdrawFromCard.cy.js",
      "beforeHooks": [],
      "afterHooks": [],
      "tests": [],
      "suites": [
        {
          "uuid": "90742e78-779d-4679-887c-b2d10d5d852d",
          "title": "Withdraw from card",
          "fullFile": "",
          "file": "",
          "beforeHooks": [],
          "afterHooks": [],
          "tests": [
            {
              "title": "Test that the user is able to access withdraw from physical card",
              "fullTitle": "Withdraw from card Test that the user is able to access withdraw from physical card",
              "timedOut": null,
              "duration": 60250,
              "state": "failed",
              "speed": null,
              "pass": false,
              "fail": true,
              "pending": false,
              "context": "{\n  \"title\": \"cypress-mochawesome-reporter-screenshots\",\n  \"value\": [\n    [\n      {\n        \"title\": \"Failed screenshot\",\n        \"value\": \"/cards/withdrawFromCard.cy.js/Withdraw from card -- Test that the user is able to access withdraw from physical card (failed).png\"\n      }\n    ],\n    [\n      {\n        \"title\": \"Failed screenshot\",\n        \"value\": \"/cards/withdrawFromCard.cy.js/Withdraw from card -- Test that the user is able to access withdraw from physical card (failed) (attempt 2).png\"\n      }\n    ],\n    [\n      {\n        \"title\": \"Failed screenshot\",\n        \"value\": \"/cards/withdrawFromCard.cy.js/Withdraw from card -- Test that the user is able to access withdraw from physical card -- before each hook (failed) (attempt 3).png\"\n      }\n    ]\n  ]\n}",
              "code": "loginPage.login(cardHolder.email, cardHolder.password);\ncy.get('.onboarding-title').contains('Welcome');\ncy.get('.start').contains('Not interested').click();\ncy.get('.title').contains('Damilare').should('be.visible');\ncardsPage.accessCardsPage();\nwithdrawalPage.accessWithdrawFromCardPage();\nwithdrawalPage.enterWithdrawalDetails();",
              "err": {
                "message": "CypressError: Timed out after waiting `60000ms` for your remote page to load.\n\nYour page did not fire its `load` event within `60000ms`.\n\nYou can try increasing the `pageLoadTimeout` value in `Users/mac/Documents/whiteLabel/whiteLabel/cypress.config.js` to wait longer.\n\nBrowsers will not fire the `load` event until all stylesheets and scripts are done downloading.\n\nWhen this `load` event occurs, Cypress will continue running commands.\n\nBecause this error occurred during a `before each` hook we are skipping the remaining tests in the current suite: `Withdraw from card`",
                "estack": "CypressError: Timed out after waiting `60000ms` for your remote page to load.\n\nYour page did not fire its `load` event within `60000ms`.\n\nYou can try increasing the `pageLoadTimeout` value in `Users/mac/Documents/whiteLabel/whiteLabel/cypress.config.js` to wait longer.\n\nBrowsers will not fire the `load` event until all stylesheets and scripts are done downloading.\n\nWhen this `load` event occurs, Cypress will continue running commands.\n\nBecause this error occurred during a `before each` hook we are skipping the remaining tests in the current suite: `Withdraw from card`\n    at timedOutWaitingForPageLoad (https://devcardholder.essolo.com/__cypress/runner/cypress_runner.js:137295:72)\n    at <unknown> (https://devcardholder.essolo.com/__cypress/runner/cypress_runner.js:138269:16)\n    at tryCatcher (https://devcardholder.essolo.com/__cypress/runner/cypress_runner.js:8914:23)\n    at <unknown> (https://devcardholder.essolo.com/__cypress/runner/cypress_runner.js:4036:41)\n    at tryCatcher (https://devcardholder.essolo.com/__cypress/runner/cypress_runner.js:8914:23)\n    at Promise._settlePromiseFromHandler (https://devcardholder.essolo.com/__cypress/runner/cypress_runner.js:6849:31)\n    at Promise._settlePromise (https://devcardholder.essolo.com/__cypress/runner/cypress_runner.js:6906:18)\n    at Promise._settlePromise0 (https://devcardholder.essolo.com/__cypress/runner/cypress_runner.js:6951:10)\n    at Promise._settlePromises (https://devcardholder.essolo.com/__cypress/runner/cypress_runner.js:7027:18)\n    at _drainQueueStep (https://devcardholder.essolo.com/__cypress/runner/cypress_runner.js:3621:12)\n    at _drainQueue (https://devcardholder.essolo.com/__cypress/runner/cypress_runner.js:3614:9)\n    at ../../node_modules/bluebird/js/release/async.js.Async._drainQueues (https://devcardholder.essolo.com/__cypress/runner/cypress_runner.js:3630:5)\n    at Async.drainQueues (https://devcardholder.essolo.com/__cypress/runner/cypress_runner.js:3500:14)\nFrom Your Spec Code:\n    at LoginPage.accessLoginModal (webpack:///./cypress/support/pages/shared/login-page.js:9:11)\n    at Context.eval (webpack:///./cypress/e2e/cards/withdrawFromCard.cy.js:12:16)",
                "diff": null
              },
              "uuid": "b0d49c07-5be5-494a-856d-8b35789d0353",
              "parentUUID": "90742e78-779d-4679-887c-b2d10d5d852d",
              "isHook": false,
              "skipped": false
            },
            {
              "title": "Test that the user is able to access withdraw from virtual card",
              "fullTitle": "Withdraw from card Test that the user is able to access withdraw from virtual card",
              "timedOut": null,
              "duration": 0,
              "state": "skipped",
              "speed": null,
              "pass": false,
              "fail": false,
              "pending": false,
              "context": null,
              "code": "loginPage.login(cardHolder.email, cardHolder.password);\ncy.get('.onboarding-title').contains('Welcome');\ncy.get('.start').contains('Not interested').click();\ncy.get('.title').contains('Damilare').should('be.visible');\ncardsPage.accessCardsPage();\nwithdrawalPage.withdrawFromVirtualCard();",
              "err": {},
              "uuid": "282af70b-3e3b-4016-9f0c-7b2be5498502",
              "parentUUID": "90742e78-779d-4679-887c-b2d10d5d852d",
              "isHook": false,
              "skipped": true
            }
          ],
          "suites": [],
          "passes": [],
          "failures": [
            "b0d49c07-5be5-494a-856d-8b35789d0353"
          ],
          "pending": [],
          "skipped": [
            "282af70b-3e3b-4016-9f0c-7b2be5498502"
          ],
          "duration": 60250,
          "root": false,
          "rootEmpty": false,
          "_timeout": 2000
        }
      ],
      "passes": [],
      "failures": [],
      "pending": [],
      "skipped": [],
      "duration": 0,
      "root": true,
      "rootEmpty": true,
      "_timeout": 2000
    }
  ],
  "meta": {
    "mocha": {
      "version": "7.0.1"
    },
    "mochawesome": {
      "options": {
        "quiet": false,
        "reportFilename": "mochawesome",
        "saveHtml": false,
        "saveJson": true,
        "consoleReporter": "spec",
        "useInlineDiffs": false,
        "code": true
      },
      "version": "7.1.3"
    },
    "marge": {
      "options": {
        "id": "default",
        "reportDir": "cypress/reports/.jsons",
        "charts": true,
        "reportPageTitle": "My Test Suite",
        "embeddedScreenshots": true,
        "inlineAssets": true,
        "overwrite": false,
        "html": false,
        "json": true
      },
      "version": "6.2.0"
    }
  }
}