{
  "stats": {
    "suites": 1,
    "tests": 1,
    "passes": 0,
    "pending": 0,
    "failures": 1,
    "start": "2023-03-26T20:57:33.269Z",
    "end": "2023-03-26T21:09:34.528Z",
    "duration": 721259,
    "testsRegistered": 1,
    "passPercent": 0,
    "pendingPercent": 0,
    "other": 0,
    "hasOther": false,
    "skipped": 0,
    "hasSkipped": false
  },
  "results": [
    {
      "uuid": "2ad2b908-f077-4d6f-b3ff-ab7e0dd98d0b",
      "title": "",
      "fullFile": "cypress/e2e/cards/activatePhysicalCard.cy.js",
      "file": "cypress/e2e/cards/activatePhysicalCard.cy.js",
      "beforeHooks": [],
      "afterHooks": [],
      "tests": [],
      "suites": [
        {
          "uuid": "57508250-8c42-4e44-819a-d14ed57946d4",
          "title": "Card to card transfer",
          "fullFile": "",
          "file": "",
          "beforeHooks": [],
          "afterHooks": [],
          "tests": [
            {
              "title": "Test that the user is able to activate physical card",
              "fullTitle": "Card to card transfer Test that the user is able to activate physical card",
              "timedOut": null,
              "duration": 30236,
              "state": "failed",
              "speed": null,
              "pass": false,
              "fail": true,
              "pending": false,
              "context": "{\n  \"title\": \"cypress-mochawesome-reporter-screenshots\",\n  \"value\": [\n    [\n      {\n        \"title\": \"Failed screenshot\",\n        \"value\": \"/cards/activatePhysicalCard.cy.js/Card to card transfer -- Test that the user is able to activate physical card (failed).png\"\n      }\n    ],\n    [\n      {\n        \"title\": \"Failed screenshot\",\n        \"value\": \"/cards/activatePhysicalCard.cy.js/Card to card transfer -- Test that the user is able to activate physical card (failed) (attempt 2).png\"\n      }\n    ],\n    [\n      {\n        \"title\": \"Failed screenshot\",\n        \"value\": \"/cards/activatePhysicalCard.cy.js/Card to card transfer -- Test that the user is able to activate physical card -- before each hook (failed) (attempt 3).png\"\n      }\n    ]\n  ]\n}",
              "code": "loginPage.login(cardHolder.email, cardHolder.password);\ncy.get('.onboarding-title').contains('Welcome');\ncy.get('.start').contains('Not interested').click();\ncy.get('.title').contains('Amayindi').should('be.visible');\ncardsPage.accessCardsPage();\nactivatePhysicalCard.enterCardActivationDetails();",
              "err": {
                "message": "CypressError: `cy.visit()` failed trying to load:\n\nhttps://democardholder.essolo.com/onboarding/signin\n\nWe attempted to make an http request to this URL but the request failed without a response.\n\nWe received this error at the network level:\n\n  > Error: ESOCKETTIMEDOUT\n\nCommon situations why this would fail:\n  - you don't have internet access\n  - you forgot to run / boot your web server\n  - your web server isn't accessible\n  - you have weird network configuration settings on your computer\n\nBecause this error occurred during a `before each` hook we are skipping the remaining tests in the current suite: `Card to card transfer`",
                "estack": "CypressError: `cy.visit()` failed trying to load:\n\nhttps://democardholder.essolo.com/onboarding/signin\n\nWe attempted to make an http request to this URL but the request failed without a response.\n\nWe received this error at the network level:\n\n  > Error: ESOCKETTIMEDOUT\n\nCommon situations why this would fail:\n  - you don't have internet access\n  - you forgot to run / boot your web server\n  - your web server isn't accessible\n  - you have weird network configuration settings on your computer\n\nBecause this error occurred during a `before each` hook we are skipping the remaining tests in the current suite: `Card to card transfer`\n    at <unknown> (https://democardholder.essolo.com/__cypress/runner/cypress_runner.js:138252:82)\n    at visitFailedByErr (https://democardholder.essolo.com/__cypress/runner/cypress_runner.js:137644:12)\n    at <unknown> (https://democardholder.essolo.com/__cypress/runner/cypress_runner.js:138251:11)\n    at tryCatcher (https://democardholder.essolo.com/__cypress/runner/cypress_runner.js:8914:23)\n    at Promise._settlePromiseFromHandler (https://democardholder.essolo.com/__cypress/runner/cypress_runner.js:6849:31)\n    at Promise._settlePromise (https://democardholder.essolo.com/__cypress/runner/cypress_runner.js:6906:18)\n    at Promise._settlePromise0 (https://democardholder.essolo.com/__cypress/runner/cypress_runner.js:6951:10)\n    at Promise._settlePromises (https://democardholder.essolo.com/__cypress/runner/cypress_runner.js:7027:18)\n    at _drainQueueStep (https://democardholder.essolo.com/__cypress/runner/cypress_runner.js:3621:12)\n    at _drainQueue (https://democardholder.essolo.com/__cypress/runner/cypress_runner.js:3614:9)\n    at ../../node_modules/bluebird/js/release/async.js.Async._drainQueues (https://democardholder.essolo.com/__cypress/runner/cypress_runner.js:3630:5)\n    at Async.drainQueues (https://democardholder.essolo.com/__cypress/runner/cypress_runner.js:3500:14)\nFrom Your Spec Code:\n    at LoginPage.accessLoginModal (webpack:///./cypress/support/pages/shared/login-page.js:9:11)\n    at Context.eval (webpack:///./cypress/e2e/cards/activatePhysicalCard.cy.js:12:16)\n\nFrom Node.js Internals:\n  Error: ESOCKETTIMEDOUT\n      at ClientRequest.<anonymous> (<embedded>:1955:73317)\n      at Object.onceWrapper (node:events:641:28)\n      at ClientRequest.emit (node:events:527:28)\n      at TLSSocket.emitRequestTimeout (node:_http_client:771:9)\n      at Object.onceWrapper (node:events:641:28)\n      at TLSSocket.emit (node:events:539:35)\n      at Socket._onTimeout (node:net:516:8)\n      at listOnTimeout (node:internal/timers:559:17)\n      at process.processTimers (node:internal/timers:502:7)",
                "diff": null
              },
              "uuid": "427bd02d-cdbc-47cd-9466-e0afb06ea23d",
              "parentUUID": "57508250-8c42-4e44-819a-d14ed57946d4",
              "isHook": false,
              "skipped": false
            }
          ],
          "suites": [],
          "passes": [],
          "failures": [
            "427bd02d-cdbc-47cd-9466-e0afb06ea23d"
          ],
          "pending": [],
          "skipped": [],
          "duration": 30236,
          "root": false,
          "rootEmpty": false,
          "_timeout": 2000
        }
      ],
      "passes": [],
      "failures": [],
      "pending": [],
      "skipped": [],
      "duration": 0,
      "root": true,
      "rootEmpty": true,
      "_timeout": 2000
    }
  ],
  "meta": {
    "mocha": {
      "version": "7.0.1"
    },
    "mochawesome": {
      "options": {
        "quiet": false,
        "reportFilename": "mochawesome",
        "saveHtml": false,
        "saveJson": true,
        "consoleReporter": "spec",
        "useInlineDiffs": false,
        "code": true
      },
      "version": "7.1.3"
    },
    "marge": {
      "options": {
        "id": "default",
        "reportDir": "cypress/reports/.jsons",
        "charts": true,
        "reportPageTitle": "My Test Suite",
        "embeddedScreenshots": true,
        "inlineAssets": true,
        "overwrite": false,
        "html": false,
        "json": true
      },
      "version": "6.2.0"
    }
  }
}