{
  "stats": {
    "suites": 1,
    "tests": 1,
    "passes": 1,
    "pending": 0,
    "failures": 0,
    "start": "2023-03-21T13:50:58.129Z",
    "end": "2023-03-21T13:51:08.331Z",
    "duration": 10202,
    "testsRegistered": 1,
    "passPercent": 100,
    "pendingPercent": 0,
    "other": 0,
    "hasOther": false,
    "skipped": 0,
    "hasSkipped": false
  },
  "results": [
    {
      "uuid": "cb706afe-4356-4bf3-91b8-5e782fd9b839",
      "title": "",
      "fullFile": "cypress/e2e/wallet/fundProgram.cy.js",
      "file": "cypress/e2e/wallet/fundProgram.cy.js",
      "beforeHooks": [],
      "afterHooks": [],
      "tests": [],
      "suites": [
        {
          "uuid": "08636ce9-44c3-44e8-bda2-67f9ef299ee5",
          "title": "Fund Program",
          "fullFile": "",
          "file": "",
          "beforeHooks": [],
          "afterHooks": [],
          "tests": [
            {
              "title": "Test that user is able to navigate to fund program popup",
              "fullTitle": "Fund Program Test that user is able to navigate to fund program popup",
              "timedOut": null,
              "duration": 10176,
              "state": "passed",
              "speed": "slow",
              "pass": true,
              "fail": false,
              "pending": false,
              "context": null,
              "code": "fundProgram.accessFundProgramPage();\nfundProgram.enterFundDetails();",
              "err": {},
              "uuid": "22dc4af3-7856-4f9b-922e-29f808a400d2",
              "parentUUID": "08636ce9-44c3-44e8-bda2-67f9ef299ee5",
              "isHook": false,
              "skipped": false
            }
          ],
          "suites": [],
          "passes": [
            "22dc4af3-7856-4f9b-922e-29f808a400d2"
          ],
          "failures": [],
          "pending": [],
          "skipped": [],
          "duration": 10176,
          "root": false,
          "rootEmpty": false,
          "_timeout": 2000
        }
      ],
      "passes": [],
      "failures": [],
      "pending": [],
      "skipped": [],
      "duration": 0,
      "root": true,
      "rootEmpty": true,
      "_timeout": 2000
    }
  ],
  "meta": {
    "mocha": {
      "version": "7.0.1"
    },
    "mochawesome": {
      "options": {
        "quiet": false,
        "reportFilename": "mochawesome",
        "saveHtml": false,
        "saveJson": true,
        "consoleReporter": "spec",
        "useInlineDiffs": false,
        "code": true
      },
      "version": "7.1.3"
    },
    "marge": {
      "options": {
        "id": "default",
        "reportDir": "cypress/reports/.jsons",
        "charts": true,
        "reportPageTitle": "My Test Suite",
        "embeddedScreenshots": true,
        "inlineAssets": true,
        "overwrite": false,
        "html": false,
        "json": true
      },
      "version": "6.2.0"
    }
  }
}