{
  "stats": {
    "suites": 1,
    "tests": 2,
    "passes": 0,
    "pending": 0,
    "failures": 2,
    "start": "2023-03-29T19:13:18.031Z",
    "end": "2023-03-29T19:20:52.704Z",
    "duration": 454673,
    "testsRegistered": 2,
    "passPercent": 0,
    "pendingPercent": 0,
    "other": 0,
    "hasOther": false,
    "skipped": 0,
    "hasSkipped": false
  },
  "results": [
    {
      "uuid": "9ef34b98-b3c6-49f4-9b0e-fce8329595ae",
      "title": "",
      "fullFile": "cypress/e2e/cards/withdrawFromCard.cy.js",
      "file": "cypress/e2e/cards/withdrawFromCard.cy.js",
      "beforeHooks": [],
      "afterHooks": [],
      "tests": [],
      "suites": [
        {
          "uuid": "e992b2a4-568d-4d9a-8ecc-b179b782c8c2",
          "title": "Withdraw from card",
          "fullFile": "",
          "file": "",
          "beforeHooks": [],
          "afterHooks": [],
          "tests": [
            {
              "title": "Test that the user is able to access withdraw from physical card",
              "fullTitle": "Withdraw from card Test that the user is able to access withdraw from physical card",
              "timedOut": null,
              "duration": 97716,
              "state": "failed",
              "speed": null,
              "pass": false,
              "fail": true,
              "pending": false,
              "context": "{\n  \"title\": \"cypress-mochawesome-reporter-screenshots\",\n  \"value\": [\n    [\n      {\n        \"title\": \"Failed screenshot\",\n        \"value\": \"/cards/withdrawFromCard.cy.js/Withdraw from card -- Test that the user is able to access withdraw from physical card (failed).png\"\n      }\n    ],\n    [\n      {\n        \"title\": \"Failed screenshot\",\n        \"value\": \"/cards/withdrawFromCard.cy.js/Withdraw from card -- Test that the user is able to access withdraw from physical card (failed) (attempt 2).png\"\n      }\n    ],\n    [\n      {\n        \"title\": \"Failed screenshot\",\n        \"value\": \"/cards/withdrawFromCard.cy.js/Withdraw from card -- Test that the user is able to access withdraw from physical card (failed) (attempt 3).png\"\n      }\n    ]\n  ]\n}",
              "code": "loginPage.login(cardHolder.email, cardHolder.password);\ncy.get('.onboarding-title').contains('Welcome');\ncy.get('.start').contains('Not interested').click();\ncy.get('.title').contains('Damilare').should('be.visible');\ncardsPage.accessCardsPage();\nwithdrawalPage.accessWithdrawFromCardPage();\nwithdrawalPage.enterWithdrawalDetails();",
              "err": {
                "message": "AssertionError: Timed out retrying after 80000ms: Expected to find content: 'Damilare' within the element: <h1.title> but never did.",
                "estack": "AssertionError: Timed out retrying after 80000ms: Expected to find content: 'Damilare' within the element: <h1.title> but never did.\n    at Context.eval (webpack:///./cypress/e2e/cards/withdrawFromCard.cy.js:19:46)",
                "diff": null
              },
              "uuid": "99c19960-ef45-4a16-96e5-9a2f8dfb28f7",
              "parentUUID": "e992b2a4-568d-4d9a-8ecc-b179b782c8c2",
              "isHook": false,
              "skipped": false
            },
            {
              "title": "Test that the user is able to access withdraw from virtual card",
              "fullTitle": "Withdraw from card Test that the user is able to access withdraw from virtual card",
              "timedOut": null,
              "duration": 30256,
              "state": "failed",
              "speed": null,
              "pass": false,
              "fail": true,
              "pending": false,
              "context": "{\n  \"title\": \"cypress-mochawesome-reporter-screenshots\",\n  \"value\": [\n    [\n      {\n        \"title\": \"Failed screenshot\",\n        \"value\": \"/cards/withdrawFromCard.cy.js/Withdraw from card -- Test that the user is able to access withdraw from virtual card (failed).png\"\n      }\n    ],\n    [\n      {\n        \"title\": \"Failed screenshot\",\n        \"value\": \"/cards/withdrawFromCard.cy.js/Withdraw from card -- Test that the user is able to access withdraw from virtual card (failed) (attempt 2).png\"\n      }\n    ],\n    [\n      {\n        \"title\": \"Failed screenshot\",\n        \"value\": \"/cards/withdrawFromCard.cy.js/Withdraw from card -- Test that the user is able to access withdraw from virtual card -- before each hook (failed) (attempt 3).png\"\n      }\n    ]\n  ]\n}",
              "code": "loginPage.login(cardHolder.email, cardHolder.password);\ncy.get('.onboarding-title').contains('Welcome');\ncy.get('.start').contains('Not interested').click();\ncy.get('.title').contains('Damilare').should('be.visible');\ncardsPage.accessCardsPage();\nwithdrawalPage.withdrawFromVirtualCard();",
              "err": {
                "message": "CypressError: `cy.visit()` failed trying to load:\n\nhttps://devcardholder.essolo.com/onboarding/signin\n\nWe attempted to make an http request to this URL but the request failed without a response.\n\nWe received this error at the network level:\n\n  > Error: ESOCKETTIMEDOUT\n\nCommon situations why this would fail:\n  - you don't have internet access\n  - you forgot to run / boot your web server\n  - your web server isn't accessible\n  - you have weird network configuration settings on your computer\n\nBecause this error occurred during a `before each` hook we are skipping the remaining tests in the current suite: `Withdraw from card`",
                "estack": "CypressError: `cy.visit()` failed trying to load:\n\nhttps://devcardholder.essolo.com/onboarding/signin\n\nWe attempted to make an http request to this URL but the request failed without a response.\n\nWe received this error at the network level:\n\n  > Error: ESOCKETTIMEDOUT\n\nCommon situations why this would fail:\n  - you don't have internet access\n  - you forgot to run / boot your web server\n  - your web server isn't accessible\n  - you have weird network configuration settings on your computer\n\nBecause this error occurred during a `before each` hook we are skipping the remaining tests in the current suite: `Withdraw from card`\n    at <unknown> (https://devcardholder.essolo.com/__cypress/runner/cypress_runner.js:138252:82)\n    at visitFailedByErr (https://devcardholder.essolo.com/__cypress/runner/cypress_runner.js:137644:12)\n    at <unknown> (https://devcardholder.essolo.com/__cypress/runner/cypress_runner.js:138251:11)\n    at tryCatcher (https://devcardholder.essolo.com/__cypress/runner/cypress_runner.js:8914:23)\n    at Promise._settlePromiseFromHandler (https://devcardholder.essolo.com/__cypress/runner/cypress_runner.js:6849:31)\n    at Promise._settlePromise (https://devcardholder.essolo.com/__cypress/runner/cypress_runner.js:6906:18)\n    at Promise._settlePromise0 (https://devcardholder.essolo.com/__cypress/runner/cypress_runner.js:6951:10)\n    at Promise._settlePromises (https://devcardholder.essolo.com/__cypress/runner/cypress_runner.js:7027:18)\n    at _drainQueueStep (https://devcardholder.essolo.com/__cypress/runner/cypress_runner.js:3621:12)\n    at _drainQueue (https://devcardholder.essolo.com/__cypress/runner/cypress_runner.js:3614:9)\n    at ../../node_modules/bluebird/js/release/async.js.Async._drainQueues (https://devcardholder.essolo.com/__cypress/runner/cypress_runner.js:3630:5)\n    at Async.drainQueues (https://devcardholder.essolo.com/__cypress/runner/cypress_runner.js:3500:14)\nFrom Your Spec Code:\n    at LoginPage.accessLoginModal (webpack:///./cypress/support/pages/shared/login-page.js:11:7)\n    at Context.eval (webpack:///./cypress/e2e/cards/withdrawFromCard.cy.js:12:16)\n\nFrom Node.js Internals:\n  Error: ESOCKETTIMEDOUT\n      at ClientRequest.<anonymous> (<embedded>:1955:73317)\n      at Object.onceWrapper (node:events:641:28)\n      at ClientRequest.emit (node:events:527:28)\n      at TLSSocket.emitRequestTimeout (node:_http_client:771:9)\n      at Object.onceWrapper (node:events:641:28)\n      at TLSSocket.emit (node:events:539:35)\n      at Socket._onTimeout (node:net:516:8)\n      at listOnTimeout (node:internal/timers:559:17)\n      at process.processTimers (node:internal/timers:502:7)",
                "diff": null
              },
              "uuid": "a1c32dae-a738-425a-8ea4-8747c2c43a6b",
              "parentUUID": "e992b2a4-568d-4d9a-8ecc-b179b782c8c2",
              "isHook": false,
              "skipped": false
            }
          ],
          "suites": [],
          "passes": [],
          "failures": [
            "99c19960-ef45-4a16-96e5-9a2f8dfb28f7",
            "a1c32dae-a738-425a-8ea4-8747c2c43a6b"
          ],
          "pending": [],
          "skipped": [],
          "duration": 127972,
          "root": false,
          "rootEmpty": false,
          "_timeout": 2000
        }
      ],
      "passes": [],
      "failures": [],
      "pending": [],
      "skipped": [],
      "duration": 0,
      "root": true,
      "rootEmpty": true,
      "_timeout": 2000
    }
  ],
  "meta": {
    "mocha": {
      "version": "7.0.1"
    },
    "mochawesome": {
      "options": {
        "quiet": false,
        "reportFilename": "mochawesome",
        "saveHtml": false,
        "saveJson": true,
        "consoleReporter": "spec",
        "useInlineDiffs": false,
        "code": true
      },
      "version": "7.1.3"
    },
    "marge": {
      "options": {
        "id": "default",
        "reportDir": "cypress/reports/.jsons",
        "charts": true,
        "reportPageTitle": "My Test Suite",
        "embeddedScreenshots": true,
        "inlineAssets": true,
        "overwrite": false,
        "html": false,
        "json": true
      },
      "version": "6.2.0"
    }
  }
}