{
  "stats": {
    "suites": 1,
    "tests": 2,
    "passes": 2,
    "pending": 0,
    "failures": 0,
    "start": "2023-03-21T14:00:32.324Z",
    "end": "2023-03-21T14:01:52.870Z",
    "duration": 80546,
    "testsRegistered": 2,
    "passPercent": 100,
    "pendingPercent": 0,
    "other": 0,
    "hasOther": false,
    "skipped": 0,
    "hasSkipped": false
  },
  "results": [
    {
      "uuid": "fabd2b99-fdf8-407b-9e72-891b8de35327",
      "title": "",
      "fullFile": "cypress/e2e/cards/card.cy.js",
      "file": "cypress/e2e/cards/card.cy.js",
      "beforeHooks": [],
      "afterHooks": [],
      "tests": [],
      "suites": [
        {
          "uuid": "0006628e-56cb-4211-8ae3-49fed528b6f7",
          "title": "Cards",
          "fullFile": "",
          "file": "",
          "beforeHooks": [],
          "afterHooks": [],
          "tests": [
            {
              "title": "Test that user is able to navigate to the cards page",
              "fullTitle": "Cards Test that user is able to navigate to the cards page",
              "timedOut": null,
              "duration": 41520,
              "state": "passed",
              "speed": "slow",
              "pass": true,
              "fail": false,
              "pending": false,
              "context": null,
              "code": "loginPage.login(cardHolder.email, cardHolder.password);\ncy.get('.title').contains('Damilare').should('be.visible');\ncardsPage.accessCardsPage();",
              "err": {},
              "uuid": "b008aa0d-8cc5-410e-b943-78831bb31709",
              "parentUUID": "0006628e-56cb-4211-8ae3-49fed528b6f7",
              "isHook": false,
              "skipped": false
            },
            {
              "title": "Test that the user is able to view virtual cards",
              "fullTitle": "Cards Test that the user is able to view virtual cards",
              "timedOut": null,
              "duration": 38984,
              "state": "passed",
              "speed": "slow",
              "pass": true,
              "fail": false,
              "pending": false,
              "context": null,
              "code": "loginPage.login(cardHolder.email, cardHolder.password);\ncy.get('.title').contains('Damilare').should('be.visible');\ncardsPage.accessCardsPage();\ncardsPage.viewVirtualCards();",
              "err": {},
              "uuid": "b734ff4a-a223-41ff-8f55-df70b42bac88",
              "parentUUID": "0006628e-56cb-4211-8ae3-49fed528b6f7",
              "isHook": false,
              "skipped": false
            }
          ],
          "suites": [],
          "passes": [
            "b008aa0d-8cc5-410e-b943-78831bb31709",
            "b734ff4a-a223-41ff-8f55-df70b42bac88"
          ],
          "failures": [],
          "pending": [],
          "skipped": [],
          "duration": 80504,
          "root": false,
          "rootEmpty": false,
          "_timeout": 2000
        }
      ],
      "passes": [],
      "failures": [],
      "pending": [],
      "skipped": [],
      "duration": 0,
      "root": true,
      "rootEmpty": true,
      "_timeout": 2000
    }
  ],
  "meta": {
    "mocha": {
      "version": "7.0.1"
    },
    "mochawesome": {
      "options": {
        "quiet": false,
        "reportFilename": "mochawesome",
        "saveHtml": false,
        "saveJson": true,
        "consoleReporter": "spec",
        "useInlineDiffs": false,
        "code": true
      },
      "version": "7.1.3"
    },
    "marge": {
      "options": {
        "id": "default",
        "reportDir": "cypress/reports/.jsons",
        "charts": true,
        "reportPageTitle": "My Test Suite",
        "embeddedScreenshots": true,
        "inlineAssets": true,
        "overwrite": false,
        "html": false,
        "json": true
      },
      "version": "6.2.0"
    }
  }
}