{
  "stats": {
    "suites": 1,
    "tests": 6,
    "passes": 6,
    "pending": 0,
    "failures": 0,
    "start": "2023-03-23T11:52:38.658Z",
    "end": "2023-03-23T11:53:44.057Z",
    "duration": 65399,
    "testsRegistered": 6,
    "passPercent": 100,
    "pendingPercent": 0,
    "other": 0,
    "hasOther": false,
    "skipped": 0,
    "hasSkipped": false
  },
  "results": [
    {
      "uuid": "9e86b5af-ba14-44d6-9bae-25ac366a590b",
      "title": "",
      "fullFile": "cypress/e2e/auth/login.cy.js",
      "file": "cypress/e2e/auth/login.cy.js",
      "beforeHooks": [],
      "afterHooks": [],
      "tests": [],
      "suites": [
        {
          "uuid": "f6c79a6e-5157-4f22-9e84-ee232d6da366",
          "title": "Login Test",
          "fullFile": "",
          "file": "",
          "beforeHooks": [],
          "afterHooks": [],
          "tests": [
            {
              "title": "Test that user is unable to login with wrong email but correct password",
              "fullTitle": "Login Test Test that user is unable to login with wrong email but correct password",
              "timedOut": null,
              "duration": 11548,
              "state": "passed",
              "speed": "slow",
              "pass": true,
              "fail": false,
              "pending": false,
              "context": null,
              "code": "loginPage.login('damiuser001@yopmail', cardHolder.password);\ncy.get('.portal-container_header > :nth-child(2)').contains('Gain access. Change your life.').should('be.visible');",
              "err": {},
              "uuid": "e9c9874b-29f3-4ebc-9edb-95bac795585d",
              "parentUUID": "f6c79a6e-5157-4f22-9e84-ee232d6da366",
              "isHook": false,
              "skipped": false
            },
            {
              "title": "Test that user is unable to login with correct email but wrong password",
              "fullTitle": "Login Test Test that user is unable to login with correct email but wrong password",
              "timedOut": null,
              "duration": 10294,
              "state": "passed",
              "speed": "slow",
              "pass": true,
              "fail": false,
              "pending": false,
              "context": null,
              "code": "loginPage.login(cardHolder.email, 'Password');\ncy.get('.portal-container_header > :nth-child(2)').contains('Gain access. Change your life.').should('be.visible');",
              "err": {},
              "uuid": "6a46e0ef-a243-42e9-85f3-67d207c98b5e",
              "parentUUID": "f6c79a6e-5157-4f22-9e84-ee232d6da366",
              "isHook": false,
              "skipped": false
            },
            {
              "title": "Test that user is unable to login without email but correct password",
              "fullTitle": "Login Test Test that user is unable to login without email but correct password",
              "timedOut": null,
              "duration": 10453,
              "state": "passed",
              "speed": "slow",
              "pass": true,
              "fail": false,
              "pending": false,
              "context": null,
              "code": "cy.get(':nth-child(2) > .column > form-input-large > .formInputWrapper').type(cardHolder.password);\ncy.get('.portal-container_header > :nth-child(2)').contains('Gain access. Change your life.').should('be.visible');",
              "err": {},
              "uuid": "854f5735-0f08-49e7-a947-6632a8d37278",
              "parentUUID": "f6c79a6e-5157-4f22-9e84-ee232d6da366",
              "isHook": false,
              "skipped": false
            },
            {
              "title": "Test that user is unable to login with correct email but no password",
              "fullTitle": "Login Test Test that user is unable to login with correct email but no password",
              "timedOut": null,
              "duration": 10968,
              "state": "passed",
              "speed": "slow",
              "pass": true,
              "fail": false,
              "pending": false,
              "context": null,
              "code": "cy.get(':nth-child(1) > .column > form-input-large > .formInputWrapper').type(cardHolder.email);\ncy.get('.portal-container_header > :nth-child(2)').contains('Gain access. Change your life.').should('be.visible');",
              "err": {},
              "uuid": "6726d30f-ba4a-40ae-9064-51133ca7e6a8",
              "parentUUID": "f6c79a6e-5157-4f22-9e84-ee232d6da366",
              "isHook": false,
              "skipped": false
            },
            {
              "title": "Test that user is unable to login without email or password",
              "fullTitle": "Login Test Test that user is unable to login without email or password",
              "timedOut": null,
              "duration": 12120,
              "state": "passed",
              "speed": "slow",
              "pass": true,
              "fail": false,
              "pending": false,
              "context": null,
              "code": "cy.get('.form-button').contains('Login').click();\ncy.get('.portal-container_header > :nth-child(2)').contains('Gain access. Change your life.').should('be.visible');",
              "err": {},
              "uuid": "9f9ab794-be79-417d-bd00-d207dcf5e03b",
              "parentUUID": "f6c79a6e-5157-4f22-9e84-ee232d6da366",
              "isHook": false,
              "skipped": false
            },
            {
              "title": "Test that user is unable to login with valid email and password",
              "fullTitle": "Login Test Test that user is unable to login with valid email and password",
              "timedOut": null,
              "duration": 9958,
              "state": "passed",
              "speed": "medium",
              "pass": true,
              "fail": false,
              "pending": false,
              "context": null,
              "code": "loginPage.login(cardHolder.email, cardHolder.password);\ncy.get('.onboarding-title').contains('Welcome');\ncy.get('.start').contains('Not interested').click();\ncy.get('.title').contains('Amayindi').should('be.visible');",
              "err": {},
              "uuid": "687e6a2c-0eca-46ee-9c81-60ed484583a1",
              "parentUUID": "f6c79a6e-5157-4f22-9e84-ee232d6da366",
              "isHook": false,
              "skipped": false
            }
          ],
          "suites": [],
          "passes": [
            "e9c9874b-29f3-4ebc-9edb-95bac795585d",
            "6a46e0ef-a243-42e9-85f3-67d207c98b5e",
            "854f5735-0f08-49e7-a947-6632a8d37278",
            "6726d30f-ba4a-40ae-9064-51133ca7e6a8",
            "9f9ab794-be79-417d-bd00-d207dcf5e03b",
            "687e6a2c-0eca-46ee-9c81-60ed484583a1"
          ],
          "failures": [],
          "pending": [],
          "skipped": [],
          "duration": 65341,
          "root": false,
          "rootEmpty": false,
          "_timeout": 2000
        }
      ],
      "passes": [],
      "failures": [],
      "pending": [],
      "skipped": [],
      "duration": 0,
      "root": true,
      "rootEmpty": true,
      "_timeout": 2000
    }
  ],
  "meta": {
    "mocha": {
      "version": "7.0.1"
    },
    "mochawesome": {
      "options": {
        "quiet": false,
        "reportFilename": "mochawesome",
        "saveHtml": false,
        "saveJson": true,
        "consoleReporter": "spec",
        "useInlineDiffs": false,
        "code": true
      },
      "version": "7.1.3"
    },
    "marge": {
      "options": {
        "id": "default",
        "reportDir": "cypress/reports/.jsons",
        "charts": true,
        "reportPageTitle": "My Test Suite",
        "embeddedScreenshots": true,
        "inlineAssets": true,
        "overwrite": false,
        "html": false,
        "json": true
      },
      "version": "6.2.0"
    }
  }
}