{
  "stats": {
    "suites": 1,
    "tests": 1,
    "passes": 0,
    "pending": 0,
    "failures": 1,
    "start": "2023-03-21T16:49:35.923Z",
    "end": "2023-03-21T16:54:57.219Z",
    "duration": 321296,
    "testsRegistered": 1,
    "passPercent": 0,
    "pendingPercent": 0,
    "other": 0,
    "hasOther": false,
    "skipped": 0,
    "hasSkipped": false
  },
  "results": [
    {
      "uuid": "349e9220-b8d3-4927-b553-77d2ee85208b",
      "title": "",
      "fullFile": "cypress/e2e/cards/activatePhysicalCard.cy.js",
      "file": "cypress/e2e/cards/activatePhysicalCard.cy.js",
      "beforeHooks": [],
      "afterHooks": [],
      "tests": [],
      "suites": [
        {
          "uuid": "9348f4fc-de4f-4e5e-b09f-74a596edc4f6",
          "title": "Card to card transfer",
          "fullFile": "",
          "file": "",
          "beforeHooks": [],
          "afterHooks": [],
          "tests": [
            {
              "title": "Test that the user is able to activate physical card",
              "fullTitle": "Card to card transfer Test that the user is able to activate physical card",
              "timedOut": null,
              "duration": 105115,
              "state": "failed",
              "speed": null,
              "pass": false,
              "fail": true,
              "pending": false,
              "context": "{\n  \"title\": \"cypress-mochawesome-reporter-screenshots\",\n  \"value\": [\n    [\n      {\n        \"title\": \"Failed screenshot\",\n        \"value\": \"/cards/activatePhysicalCard.cy.js/Card to card transfer -- Test that the user is able to activate physical card (failed).png\"\n      }\n    ],\n    [\n      {\n        \"title\": \"Failed screenshot\",\n        \"value\": \"/cards/activatePhysicalCard.cy.js/Card to card transfer -- Test that the user is able to activate physical card (failed) (attempt 2).png\"\n      }\n    ],\n    [\n      {\n        \"title\": \"Failed screenshot\",\n        \"value\": \"/cards/activatePhysicalCard.cy.js/Card to card transfer -- Test that the user is able to activate physical card (failed) (attempt 3).png\"\n      }\n    ]\n  ]\n}",
              "code": "loginPage.login(cardHolder.email, cardHolder.password);\ncy.get('.title').contains('Damilare').should('be.visible');\ncardsPage.accessCardsPage();\nactivatePhysicalCard.enterCardActivationDetails();",
              "err": {
                "message": "AssertionError: Timed out retrying after 80000ms: expected '<span>' to be 'visible'\n\nThis element `<span>` is not visible because it has CSS property: `position: fixed` and it's being covered by another element:\n\n`<path d=\"M1280,800H0V0H1280V800ZM0,0a0,0,0,0,0-0,0V0a0,0,0,0,0,0,0H0a0,0,0,0,0,0-0V0a0,0,0,0,0-0-0Z\"></path>`",
                "estack": "AssertionError: Timed out retrying after 80000ms: expected '<span>' to be 'visible'\n\nThis element `<span>` is not visible because it has CSS property: `position: fixed` and it's being covered by another element:\n\n`<path d=\"M1280,800H0V0H1280V800ZM0,0a0,0,0,0,0-0,0V0a0,0,0,0,0,0,0H0a0,0,0,0,0,0-0V0a0,0,0,0,0-0-0Z\"></path>`\n    at CardsPage.accessCardsPage (webpack:///./cypress/support/pages/cards/card-page.js:15:22)\n    at Context.eval (webpack:///./cypress/e2e/cards/activatePhysicalCard.cy.js:18:18)",
                "diff": null
              },
              "uuid": "f9c62892-1166-4b58-9388-135354487be0",
              "parentUUID": "9348f4fc-de4f-4e5e-b09f-74a596edc4f6",
              "isHook": false,
              "skipped": false
            }
          ],
          "suites": [],
          "passes": [],
          "failures": [
            "f9c62892-1166-4b58-9388-135354487be0"
          ],
          "pending": [],
          "skipped": [],
          "duration": 105115,
          "root": false,
          "rootEmpty": false,
          "_timeout": 2000
        }
      ],
      "passes": [],
      "failures": [],
      "pending": [],
      "skipped": [],
      "duration": 0,
      "root": true,
      "rootEmpty": true,
      "_timeout": 2000
    }
  ],
  "meta": {
    "mocha": {
      "version": "7.0.1"
    },
    "mochawesome": {
      "options": {
        "quiet": false,
        "reportFilename": "mochawesome",
        "saveHtml": false,
        "saveJson": true,
        "consoleReporter": "spec",
        "useInlineDiffs": false,
        "code": true
      },
      "version": "7.1.3"
    },
    "marge": {
      "options": {
        "id": "default",
        "reportDir": "cypress/reports/.jsons",
        "charts": true,
        "reportPageTitle": "My Test Suite",
        "embeddedScreenshots": true,
        "inlineAssets": true,
        "overwrite": false,
        "html": false,
        "json": true
      },
      "version": "6.2.0"
    }
  }
}