{
  "stats": {
    "suites": 1,
    "tests": 1,
    "passes": 1,
    "pending": 0,
    "failures": 0,
    "start": "2023-03-20T08:22:09.415Z",
    "end": "2023-03-20T08:22:33.899Z",
    "duration": 24484,
    "testsRegistered": 1,
    "passPercent": 100,
    "pendingPercent": 0,
    "other": 0,
    "hasOther": false,
    "skipped": 0,
    "hasSkipped": false
  },
  "results": [
    {
      "uuid": "cbf4c044-e51d-4160-be95-75cddb928647",
      "title": "",
      "fullFile": "cypress/e2e/cards/createVirtualCard.cy.js",
      "file": "cypress/e2e/cards/createVirtualCard.cy.js",
      "beforeHooks": [],
      "afterHooks": [],
      "tests": [],
      "suites": [
        {
          "uuid": "90971bc9-a187-4a32-ad66-0fae924df739",
          "title": "Card to card transfer",
          "fullFile": "",
          "file": "",
          "beforeHooks": [],
          "afterHooks": [],
          "tests": [
            {
              "title": "Test that the user is able to access activate virtual card",
              "fullTitle": "Card to card transfer Test that the user is able to access activate virtual card",
              "timedOut": null,
              "duration": 24458,
              "state": "passed",
              "speed": "slow",
              "pass": true,
              "fail": false,
              "pending": false,
              "context": null,
              "code": "loginPage.login(cardHolder.email, cardHolder.password);\ncy.get('.onboarding-title').contains('Welcome').should('be.visible');\ncy.get('.shepherd-footer > .start').contains(`Not interested`).click();\ncardsPage.accessCardsPage();\ncreateVirtualCard.createCard();",
              "err": {},
              "uuid": "fccc3a82-6a48-4c3d-aafe-6db23631138a",
              "parentUUID": "90971bc9-a187-4a32-ad66-0fae924df739",
              "isHook": false,
              "skipped": false
            }
          ],
          "suites": [],
          "passes": [
            "fccc3a82-6a48-4c3d-aafe-6db23631138a"
          ],
          "failures": [],
          "pending": [],
          "skipped": [],
          "duration": 24458,
          "root": false,
          "rootEmpty": false,
          "_timeout": 2000
        }
      ],
      "passes": [],
      "failures": [],
      "pending": [],
      "skipped": [],
      "duration": 0,
      "root": true,
      "rootEmpty": true,
      "_timeout": 2000
    }
  ],
  "meta": {
    "mocha": {
      "version": "7.0.1"
    },
    "mochawesome": {
      "options": {
        "quiet": false,
        "reportFilename": "mochawesome",
        "saveHtml": false,
        "saveJson": true,
        "consoleReporter": "spec",
        "useInlineDiffs": false,
        "code": true
      },
      "version": "7.1.3"
    },
    "marge": {
      "options": {
        "id": "default",
        "reportDir": "cypress/reports/.jsons",
        "charts": true,
        "reportPageTitle": "My Test Suite",
        "embeddedScreenshots": true,
        "inlineAssets": true,
        "overwrite": false,
        "html": false,
        "json": true
      },
      "version": "6.2.0"
    }
  }
}