{
  "stats": {
    "suites": 1,
    "tests": 1,
    "passes": 0,
    "pending": 0,
    "failures": 1,
    "start": "2023-03-27T09:13:02.561Z",
    "end": "2023-03-27T09:17:52.993Z",
    "duration": 290432,
    "testsRegistered": 1,
    "passPercent": 0,
    "pendingPercent": 0,
    "other": 0,
    "hasOther": false,
    "skipped": 0,
    "hasSkipped": false
  },
  "results": [
    {
      "uuid": "42317ee6-5eb7-4742-ac7e-fa734b4aee09",
      "title": "",
      "fullFile": "cypress/e2e/accounts/account.cy.js",
      "file": "cypress/e2e/accounts/account.cy.js",
      "beforeHooks": [],
      "afterHooks": [],
      "tests": [],
      "suites": [
        {
          "uuid": "c93cc0f7-af55-4860-af21-93a4cbe9e1dc",
          "title": "Account",
          "fullFile": "",
          "file": "",
          "beforeHooks": [],
          "afterHooks": [],
          "tests": [
            {
              "title": "Test that user is able to navigate to the accounts page",
              "fullTitle": "Account Test that user is able to navigate to the accounts page",
              "timedOut": null,
              "duration": 97308,
              "state": "failed",
              "speed": null,
              "pass": false,
              "fail": true,
              "pending": false,
              "context": "{\n  \"title\": \"cypress-mochawesome-reporter-screenshots\",\n  \"value\": [\n    [\n      {\n        \"title\": \"Failed screenshot\",\n        \"value\": \"/accounts/account.cy.js/Account -- Test that user is able to navigate to the accounts page (failed).png\"\n      }\n    ],\n    [\n      {\n        \"title\": \"Failed screenshot\",\n        \"value\": \"/accounts/account.cy.js/Account -- Test that user is able to navigate to the accounts page (failed) (attempt 2).png\"\n      }\n    ],\n    [\n      {\n        \"title\": \"Failed screenshot\",\n        \"value\": \"/accounts/account.cy.js/Account -- Test that user is able to navigate to the accounts page (failed) (attempt 3).png\"\n      }\n    ]\n  ]\n}",
              "code": "loginPage.login(cardHolder.email, cardHolder.password);\ncy.get('.onboarding-title').contains('Welcome');\ncy.get('.start').contains('Not interested').click();\ncy.get('.title').contains('Amayindi').should('be.visible');\naccountsPage.accessAccountsPage();",
              "err": {
                "message": "AssertionError: Timed out retrying after 80000ms: Expected to find element: `.onboarding-title`, but never found it.",
                "estack": "AssertionError: Timed out retrying after 80000ms: Expected to find element: `.onboarding-title`, but never found it.\n    at Context.eval (webpack:///./cypress/e2e/accounts/account.cy.js:16:11)",
                "diff": null
              },
              "uuid": "16122290-983e-4359-aa26-cc1f9f422022",
              "parentUUID": "c93cc0f7-af55-4860-af21-93a4cbe9e1dc",
              "isHook": false,
              "skipped": false
            }
          ],
          "suites": [],
          "passes": [],
          "failures": [
            "16122290-983e-4359-aa26-cc1f9f422022"
          ],
          "pending": [],
          "skipped": [],
          "duration": 97308,
          "root": false,
          "rootEmpty": false,
          "_timeout": 2000
        }
      ],
      "passes": [],
      "failures": [],
      "pending": [],
      "skipped": [],
      "duration": 0,
      "root": true,
      "rootEmpty": true,
      "_timeout": 2000
    }
  ],
  "meta": {
    "mocha": {
      "version": "7.0.1"
    },
    "mochawesome": {
      "options": {
        "quiet": false,
        "reportFilename": "mochawesome",
        "saveHtml": false,
        "saveJson": true,
        "consoleReporter": "spec",
        "useInlineDiffs": false,
        "code": true
      },
      "version": "7.1.3"
    },
    "marge": {
      "options": {
        "id": "default",
        "reportDir": "cypress/reports/.jsons",
        "charts": true,
        "reportPageTitle": "My Test Suite",
        "embeddedScreenshots": true,
        "inlineAssets": true,
        "overwrite": false,
        "html": false,
        "json": true
      },
      "version": "6.2.0"
    }
  }
}