{
  "stats": {
    "suites": 1,
    "tests": 2,
    "passes": 1,
    "pending": 0,
    "failures": 1,
    "start": "2023-03-13T10:09:19.236Z",
    "end": "2023-03-13T10:11:51.157Z",
    "duration": 151921,
    "testsRegistered": 2,
    "passPercent": 50,
    "pendingPercent": 0,
    "other": 0,
    "hasOther": false,
    "skipped": 0,
    "hasSkipped": false
  },
  "results": [
    {
      "uuid": "f81f0e9f-a781-4b0a-88fb-df5cf08a33fc",
      "title": "",
      "fullFile": "cypress/e2e/cards/loadCard.cy.js",
      "file": "cypress/e2e/cards/loadCard.cy.js",
      "beforeHooks": [],
      "afterHooks": [],
      "tests": [],
      "suites": [
        {
          "uuid": "8b7007f4-b909-41d5-ba07-5ec802ae365b",
          "title": "Load Card",
          "fullFile": "",
          "file": "",
          "beforeHooks": [],
          "afterHooks": [],
          "tests": [
            {
              "title": "Test that the user is able to access load physical card",
              "fullTitle": "Load Card Test that the user is able to access load physical card",
              "timedOut": null,
              "duration": 34831,
              "state": "failed",
              "speed": null,
              "pass": false,
              "fail": true,
              "pending": false,
              "context": "{\n  \"title\": \"cypress-mochawesome-reporter-screenshots\",\n  \"value\": [\n    [\n      {\n        \"title\": \"Failed screenshot\",\n        \"value\": \"/cards/loadCard.cy.js/Load Card -- Test that the user is able to access load physical card (failed).png\"\n      }\n    ],\n    [\n      {\n        \"title\": \"Failed screenshot\",\n        \"value\": \"/cards/loadCard.cy.js/Load Card -- Test that the user is able to access load physical card (failed) (attempt 2).png\"\n      }\n    ],\n    [\n      {\n        \"title\": \"Failed screenshot\",\n        \"value\": \"/cards/loadCard.cy.js/Load Card -- Test that the user is able to access load physical card (failed) (attempt 3).png\"\n      }\n    ]\n  ]\n}",
              "code": "loginPage.login(cardHolder.email, cardHolder.password);\ncy.get('.onboarding-title').contains('Welcome').should('be.visible');\ncy.get('.shepherd-footer > .start').contains(`Not interested`).click();\ncardsPage.accessCardsPage();\nloadCardPage.accessLoadCardPage();\nloadCardPage.loadPhysicalCard();",
              "err": {
                "message": "AssertionError: Timed out retrying after 8000ms: Expected to find content: 'Load Virtual Card' within the element: <p.cardTitle> but never did.",
                "estack": "AssertionError: Timed out retrying after 8000ms: Expected to find content: 'Load Virtual Card' within the element: <p.cardTitle> but never did.\n    at LoadCardPage.accessLoadCardPage (webpack:///./cypress/support/pages/cards/loadCard-page.js:30:59)\n    at Context.eval (webpack:///./cypress/e2e/cards/loadCard.cy.js:20:21)",
                "diff": null
              },
              "uuid": "f33a27e9-2bb7-4490-823f-2b239e6d0f00",
              "parentUUID": "8b7007f4-b909-41d5-ba07-5ec802ae365b",
              "isHook": false,
              "skipped": false
            },
            {
              "title": "Test that the user is able to access load virtual card",
              "fullTitle": "Load Card Test that the user is able to access load virtual card",
              "timedOut": null,
              "duration": 36376,
              "state": "passed",
              "speed": "slow",
              "pass": true,
              "fail": false,
              "pending": false,
              "context": null,
              "code": "loginPage.login(cardHolder.email, cardHolder.password);\ncy.get('.onboarding-title').contains('Welcome').should('be.visible');\ncy.get('.shepherd-footer > .start').contains(`Not interested`).click();\ncardsPage.accessCardsPage();\nloadCardPage.loadVirtualCard();",
              "err": {},
              "uuid": "e23272b9-1241-4eb6-be83-55619939d353",
              "parentUUID": "8b7007f4-b909-41d5-ba07-5ec802ae365b",
              "isHook": false,
              "skipped": false
            }
          ],
          "suites": [],
          "passes": [
            "e23272b9-1241-4eb6-be83-55619939d353"
          ],
          "failures": [
            "f33a27e9-2bb7-4490-823f-2b239e6d0f00"
          ],
          "pending": [],
          "skipped": [],
          "duration": 71207,
          "root": false,
          "rootEmpty": false,
          "_timeout": 2000
        }
      ],
      "passes": [],
      "failures": [],
      "pending": [],
      "skipped": [],
      "duration": 0,
      "root": true,
      "rootEmpty": true,
      "_timeout": 2000
    }
  ],
  "meta": {
    "mocha": {
      "version": "7.0.1"
    },
    "mochawesome": {
      "options": {
        "quiet": false,
        "reportFilename": "mochawesome",
        "saveHtml": false,
        "saveJson": true,
        "consoleReporter": "spec",
        "useInlineDiffs": false,
        "code": true
      },
      "version": "7.1.3"
    },
    "marge": {
      "options": {
        "id": "default",
        "reportDir": "cypress/reports/.jsons",
        "charts": true,
        "reportPageTitle": "My Test Suite",
        "embeddedScreenshots": true,
        "inlineAssets": true,
        "overwrite": false,
        "html": false,
        "json": true
      },
      "version": "6.2.0"
    }
  }
}