{
  "stats": {
    "suites": 1,
    "tests": 6,
    "passes": 6,
    "pending": 0,
    "failures": 0,
    "start": "2023-03-29T19:03:56.923Z",
    "end": "2023-03-29T19:06:24.989Z",
    "duration": 148066,
    "testsRegistered": 6,
    "passPercent": 100,
    "pendingPercent": 0,
    "other": 0,
    "hasOther": false,
    "skipped": 0,
    "hasSkipped": false
  },
  "results": [
    {
      "uuid": "3017d198-bb2d-4f61-98ea-c4f894c2cd72",
      "title": "",
      "fullFile": "cypress/e2e/auth/login.cy.js",
      "file": "cypress/e2e/auth/login.cy.js",
      "beforeHooks": [],
      "afterHooks": [],
      "tests": [],
      "suites": [
        {
          "uuid": "53f10fbf-c8b1-43c5-bde1-2269ef8d6a11",
          "title": "Login Test",
          "fullFile": "",
          "file": "",
          "beforeHooks": [],
          "afterHooks": [],
          "tests": [
            {
              "title": "Test that user is unable to login with wrong email but correct password",
              "fullTitle": "Login Test Test that user is unable to login with wrong email but correct password",
              "timedOut": null,
              "duration": 17974,
              "state": "passed",
              "speed": "slow",
              "pass": true,
              "fail": false,
              "pending": false,
              "context": null,
              "code": "loginPage.login('damiuser001@yopmail', cardHolder.password);\ncy.get('.portal-container_header > :nth-child(2)').contains('Gain access. Change your life.').should('be.visible');",
              "err": {},
              "uuid": "52dcc82b-c100-481e-8ed7-d21654b045db",
              "parentUUID": "53f10fbf-c8b1-43c5-bde1-2269ef8d6a11",
              "isHook": false,
              "skipped": false
            },
            {
              "title": "Test that user is unable to login with correct email but wrong password",
              "fullTitle": "Login Test Test that user is unable to login with correct email but wrong password",
              "timedOut": null,
              "duration": 25464,
              "state": "passed",
              "speed": "slow",
              "pass": true,
              "fail": false,
              "pending": false,
              "context": null,
              "code": "loginPage.login(cardHolder.email, 'Password');\ncy.get('.portal-container_header > :nth-child(2)').contains('Gain access. Change your life.').should('be.visible');",
              "err": {},
              "uuid": "b18ae245-d784-4491-9bd3-e3e7cbff5ecf",
              "parentUUID": "53f10fbf-c8b1-43c5-bde1-2269ef8d6a11",
              "isHook": false,
              "skipped": false
            },
            {
              "title": "Test that user is unable to login without email but correct password",
              "fullTitle": "Login Test Test that user is unable to login without email but correct password",
              "timedOut": null,
              "duration": 32732,
              "state": "passed",
              "speed": "slow",
              "pass": true,
              "fail": false,
              "pending": false,
              "context": null,
              "code": "cy.get(':nth-child(2) > .column > form-input-large > .formInputWrapper').type(cardHolder.password);\ncy.get('.portal-container_header > :nth-child(2)').contains('Gain access. Change your life.').should('be.visible');",
              "err": {},
              "uuid": "4b800782-2ab1-4fac-8d80-e54b9e4a415a",
              "parentUUID": "53f10fbf-c8b1-43c5-bde1-2269ef8d6a11",
              "isHook": false,
              "skipped": false
            },
            {
              "title": "Test that user is unable to login with correct email but no password",
              "fullTitle": "Login Test Test that user is unable to login with correct email but no password",
              "timedOut": null,
              "duration": 22318,
              "state": "passed",
              "speed": "slow",
              "pass": true,
              "fail": false,
              "pending": false,
              "context": null,
              "code": "cy.get(':nth-child(1) > .column > form-input-large > .formInputWrapper').type(cardHolder.email);\ncy.get('.portal-container_header > :nth-child(2)').contains('Gain access. Change your life.').should('be.visible');",
              "err": {},
              "uuid": "2d0318e1-e754-4358-aa36-2332035df9e5",
              "parentUUID": "53f10fbf-c8b1-43c5-bde1-2269ef8d6a11",
              "isHook": false,
              "skipped": false
            },
            {
              "title": "Test that user is unable to login without email or password",
              "fullTitle": "Login Test Test that user is unable to login without email or password",
              "timedOut": null,
              "duration": 19268,
              "state": "passed",
              "speed": "slow",
              "pass": true,
              "fail": false,
              "pending": false,
              "context": null,
              "code": "cy.get('.form-button').contains('Login').click();\ncy.get('.portal-container_header > :nth-child(2)').contains('Gain access. Change your life.').should('be.visible');",
              "err": {},
              "uuid": "0bb952c8-6742-4cf8-9ae6-4524d8fb6b08",
              "parentUUID": "53f10fbf-c8b1-43c5-bde1-2269ef8d6a11",
              "isHook": false,
              "skipped": false
            },
            {
              "title": "Test that user is unable to login with valid email and password",
              "fullTitle": "Login Test Test that user is unable to login with valid email and password",
              "timedOut": null,
              "duration": 30214,
              "state": "passed",
              "speed": "slow",
              "pass": true,
              "fail": false,
              "pending": false,
              "context": null,
              "code": "loginPage.login(cardHolder.email, cardHolder.password);\ncy.get('.onboarding-title').contains('Welcome');\ncy.get('.start').contains('Not interested').click();\ncy.get('.title').contains('Amayindi').should('be.visible');",
              "err": {},
              "uuid": "960a37ff-6b81-48af-a0cc-1ef1c30da8af",
              "parentUUID": "53f10fbf-c8b1-43c5-bde1-2269ef8d6a11",
              "isHook": false,
              "skipped": false
            }
          ],
          "suites": [],
          "passes": [
            "52dcc82b-c100-481e-8ed7-d21654b045db",
            "b18ae245-d784-4491-9bd3-e3e7cbff5ecf",
            "4b800782-2ab1-4fac-8d80-e54b9e4a415a",
            "2d0318e1-e754-4358-aa36-2332035df9e5",
            "0bb952c8-6742-4cf8-9ae6-4524d8fb6b08",
            "960a37ff-6b81-48af-a0cc-1ef1c30da8af"
          ],
          "failures": [],
          "pending": [],
          "skipped": [],
          "duration": 147970,
          "root": false,
          "rootEmpty": false,
          "_timeout": 2000
        }
      ],
      "passes": [],
      "failures": [],
      "pending": [],
      "skipped": [],
      "duration": 0,
      "root": true,
      "rootEmpty": true,
      "_timeout": 2000
    }
  ],
  "meta": {
    "mocha": {
      "version": "7.0.1"
    },
    "mochawesome": {
      "options": {
        "quiet": false,
        "reportFilename": "mochawesome",
        "saveHtml": false,
        "saveJson": true,
        "consoleReporter": "spec",
        "useInlineDiffs": false,
        "code": true
      },
      "version": "7.1.3"
    },
    "marge": {
      "options": {
        "id": "default",
        "reportDir": "cypress/reports/.jsons",
        "charts": true,
        "reportPageTitle": "My Test Suite",
        "embeddedScreenshots": true,
        "inlineAssets": true,
        "overwrite": false,
        "html": false,
        "json": true
      },
      "version": "6.2.0"
    }
  }
}