{
  "stats": {
    "suites": 1,
    "tests": 1,
    "passes": 1,
    "pending": 0,
    "failures": 0,
    "start": "2023-03-23T07:43:37.973Z",
    "end": "2023-03-23T07:43:47.457Z",
    "duration": 9484,
    "testsRegistered": 1,
    "passPercent": 100,
    "pendingPercent": 0,
    "other": 0,
    "hasOther": false,
    "skipped": 0,
    "hasSkipped": false
  },
  "results": [
    {
      "uuid": "9595284a-7694-49ce-b12b-00b8ede3a333",
      "title": "",
      "fullFile": "cypress/e2e/wallet/fundProgram.cy.js",
      "file": "cypress/e2e/wallet/fundProgram.cy.js",
      "beforeHooks": [],
      "afterHooks": [],
      "tests": [],
      "suites": [
        {
          "uuid": "9f88d979-2f64-4275-bac1-d8af5325bd89",
          "title": "Fund Program",
          "fullFile": "",
          "file": "",
          "beforeHooks": [],
          "afterHooks": [],
          "tests": [
            {
              "title": "Test that user is able to navigate to fund program popup",
              "fullTitle": "Fund Program Test that user is able to navigate to fund program popup",
              "timedOut": null,
              "duration": 9458,
              "state": "passed",
              "speed": "medium",
              "pass": true,
              "fail": false,
              "pending": false,
              "context": null,
              "code": "fundProgram.accessFundProgramPage();\nfundProgram.enterFundDetails();",
              "err": {},
              "uuid": "0331bb2d-c717-4d93-aef8-36ce66e7ac91",
              "parentUUID": "9f88d979-2f64-4275-bac1-d8af5325bd89",
              "isHook": false,
              "skipped": false
            }
          ],
          "suites": [],
          "passes": [
            "0331bb2d-c717-4d93-aef8-36ce66e7ac91"
          ],
          "failures": [],
          "pending": [],
          "skipped": [],
          "duration": 9458,
          "root": false,
          "rootEmpty": false,
          "_timeout": 2000
        }
      ],
      "passes": [],
      "failures": [],
      "pending": [],
      "skipped": [],
      "duration": 0,
      "root": true,
      "rootEmpty": true,
      "_timeout": 2000
    }
  ],
  "meta": {
    "mocha": {
      "version": "7.0.1"
    },
    "mochawesome": {
      "options": {
        "quiet": false,
        "reportFilename": "mochawesome",
        "saveHtml": false,
        "saveJson": true,
        "consoleReporter": "spec",
        "useInlineDiffs": false,
        "code": true
      },
      "version": "7.1.3"
    },
    "marge": {
      "options": {
        "id": "default",
        "reportDir": "cypress/reports/.jsons",
        "charts": true,
        "reportPageTitle": "My Test Suite",
        "embeddedScreenshots": true,
        "inlineAssets": true,
        "overwrite": false,
        "html": false,
        "json": true
      },
      "version": "6.2.0"
    }
  }
}