{
  "stats": {
    "suites": 1,
    "tests": 2,
    "passes": 2,
    "pending": 0,
    "failures": 0,
    "start": "2023-03-28T16:41:02.741Z",
    "end": "2023-03-28T16:41:44.411Z",
    "duration": 41670,
    "testsRegistered": 2,
    "passPercent": 100,
    "pendingPercent": 0,
    "other": 0,
    "hasOther": false,
    "skipped": 0,
    "hasSkipped": false
  },
  "results": [
    {
      "uuid": "9f91eadd-760d-4bef-90e1-2548a74bce5f",
      "title": "",
      "fullFile": "cypress/e2e/cards/card.cy.js",
      "file": "cypress/e2e/cards/card.cy.js",
      "beforeHooks": [],
      "afterHooks": [],
      "tests": [],
      "suites": [
        {
          "uuid": "201c5212-d51a-46d1-8f65-335197abe7fa",
          "title": "Cards",
          "fullFile": "",
          "file": "",
          "beforeHooks": [],
          "afterHooks": [],
          "tests": [
            {
              "title": "Test that user is able to navigate to the cards page",
              "fullTitle": "Cards Test that user is able to navigate to the cards page",
              "timedOut": null,
              "duration": 20868,
              "state": "passed",
              "speed": "slow",
              "pass": true,
              "fail": false,
              "pending": false,
              "context": null,
              "code": "loginPage.login(cardHolder.email, cardHolder.password);\ncy.get('.onboarding-title').contains('Welcome');\ncy.get('.start').contains('Not interested').click();\ncy.get('.title').contains('Amayindi').should('be.visible');\ncardsPage.accessCardsPage();",
              "err": {},
              "uuid": "c0c7b480-8664-4a09-bfa8-621b4e2e1248",
              "parentUUID": "201c5212-d51a-46d1-8f65-335197abe7fa",
              "isHook": false,
              "skipped": false
            },
            {
              "title": "Test that the user is able to view virtual cards",
              "fullTitle": "Cards Test that the user is able to view virtual cards",
              "timedOut": null,
              "duration": 20743,
              "state": "passed",
              "speed": "slow",
              "pass": true,
              "fail": false,
              "pending": false,
              "context": null,
              "code": "loginPage.login(email, password);\ncy.get('.onboarding-title').contains('Welcome');\ncy.get('.start').contains('Not interested').click();\ncy.get('.title').contains('Amayindi').should('be.visible');\ncardsPage.viewVirtualCards();",
              "err": {},
              "uuid": "baab2834-25f4-4e60-9465-f9c8e389a979",
              "parentUUID": "201c5212-d51a-46d1-8f65-335197abe7fa",
              "isHook": false,
              "skipped": false
            }
          ],
          "suites": [],
          "passes": [
            "c0c7b480-8664-4a09-bfa8-621b4e2e1248",
            "baab2834-25f4-4e60-9465-f9c8e389a979"
          ],
          "failures": [],
          "pending": [],
          "skipped": [],
          "duration": 41611,
          "root": false,
          "rootEmpty": false,
          "_timeout": 2000
        }
      ],
      "passes": [],
      "failures": [],
      "pending": [],
      "skipped": [],
      "duration": 0,
      "root": true,
      "rootEmpty": true,
      "_timeout": 2000
    }
  ],
  "meta": {
    "mocha": {
      "version": "7.0.1"
    },
    "mochawesome": {
      "options": {
        "quiet": false,
        "reportFilename": "mochawesome",
        "saveHtml": false,
        "saveJson": true,
        "consoleReporter": "spec",
        "useInlineDiffs": false,
        "code": true
      },
      "version": "7.1.3"
    },
    "marge": {
      "options": {
        "id": "default",
        "reportDir": "cypress/reports/.jsons",
        "charts": true,
        "reportPageTitle": "My Test Suite",
        "embeddedScreenshots": true,
        "inlineAssets": true,
        "overwrite": false,
        "html": false,
        "json": true
      },
      "version": "6.2.0"
    }
  }
}