{
  "stats": {
    "suites": 1,
    "tests": 1,
    "passes": 0,
    "pending": 0,
    "failures": 1,
    "start": "2023-03-20T08:24:40.294Z",
    "end": "2023-03-20T08:25:54.849Z",
    "duration": 74555,
    "testsRegistered": 1,
    "passPercent": 0,
    "pendingPercent": 0,
    "other": 0,
    "hasOther": false,
    "skipped": 0,
    "hasSkipped": false
  },
  "results": [
    {
      "uuid": "50b2996a-cbb1-489f-8385-6ce373d68333",
      "title": "",
      "fullFile": "cypress/e2e/accounts/account.cy.js",
      "file": "cypress/e2e/accounts/account.cy.js",
      "beforeHooks": [],
      "afterHooks": [],
      "tests": [],
      "suites": [
        {
          "uuid": "f7be7c97-922a-4e59-a40e-789c453df08e",
          "title": "Account",
          "fullFile": "",
          "file": "",
          "beforeHooks": [],
          "afterHooks": [],
          "tests": [
            {
              "title": "Test that user is able to navigate to the accounts page",
              "fullTitle": "Account Test that user is able to navigate to the accounts page",
              "timedOut": null,
              "duration": 28957,
              "state": "failed",
              "speed": null,
              "pass": false,
              "fail": true,
              "pending": false,
              "context": "{\n  \"title\": \"cypress-mochawesome-reporter-screenshots\",\n  \"value\": [\n    [\n      {\n        \"title\": \"Failed screenshot\",\n        \"value\": \"/accounts/account.cy.js/Account -- Test that user is able to navigate to the accounts page (failed).png\"\n      }\n    ],\n    [\n      {\n        \"title\": \"Failed screenshot\",\n        \"value\": \"/accounts/account.cy.js/Account -- Test that user is able to navigate to the accounts page (failed) (attempt 2).png\"\n      }\n    ],\n    [\n      {\n        \"title\": \"Failed screenshot\",\n        \"value\": \"/accounts/account.cy.js/Account -- Test that user is able to navigate to the accounts page (failed) (attempt 3).png\"\n      }\n    ]\n  ]\n}",
              "code": "loginPage.login(cardHolder.email, cardHolder.password);\ncy.get('.onboarding-title').contains('Welcome').should('be.visible');\ncy.get('.shepherd-footer > .start').contains(`Not interested`).click();\naccountsPage.accessAccountsPage();",
              "err": {
                "message": "AssertionError: Timed out retrying after 8000ms: Expected to find content: ' $ 124.00 ' within the element: <span.wallet-amount> but never did.",
                "estack": "AssertionError: Timed out retrying after 8000ms: Expected to find content: ' $ 124.00 ' within the element: <span.wallet-amount> but never did.\n    at AccountPage.accessAccountsPage (webpack:///./cypress/support/pages/accounts/account-page.js:10:30)\n    at Context.eval (webpack:///./cypress/e2e/accounts/account.cy.js:18:21)",
                "diff": null
              },
              "uuid": "af72bbeb-3e70-47f8-aa47-03de51ed39ff",
              "parentUUID": "f7be7c97-922a-4e59-a40e-789c453df08e",
              "isHook": false,
              "skipped": false
            }
          ],
          "suites": [],
          "passes": [],
          "failures": [
            "af72bbeb-3e70-47f8-aa47-03de51ed39ff"
          ],
          "pending": [],
          "skipped": [],
          "duration": 28957,
          "root": false,
          "rootEmpty": false,
          "_timeout": 2000
        }
      ],
      "passes": [],
      "failures": [],
      "pending": [],
      "skipped": [],
      "duration": 0,
      "root": true,
      "rootEmpty": true,
      "_timeout": 2000
    }
  ],
  "meta": {
    "mocha": {
      "version": "7.0.1"
    },
    "mochawesome": {
      "options": {
        "quiet": false,
        "reportFilename": "mochawesome",
        "saveHtml": false,
        "saveJson": true,
        "consoleReporter": "spec",
        "useInlineDiffs": false,
        "code": true
      },
      "version": "7.1.3"
    },
    "marge": {
      "options": {
        "id": "default",
        "reportDir": "cypress/reports/.jsons",
        "charts": true,
        "reportPageTitle": "My Test Suite",
        "embeddedScreenshots": true,
        "inlineAssets": true,
        "overwrite": false,
        "html": false,
        "json": true
      },
      "version": "6.2.0"
    }
  }
}