{
  "stats": {
    "suites": 1,
    "tests": 0,
    "passes": 0,
    "pending": 0,
    "failures": 0,
    "start": "2023-03-27T14:18:22.581Z",
    "end": "2023-03-27T14:19:56.352Z",
    "duration": 93771,
    "testsRegistered": 2,
    "passPercent": 0,
    "pendingPercent": 0,
    "other": 0,
    "hasOther": false,
    "skipped": 2,
    "hasSkipped": true
  },
  "results": [
    {
      "uuid": "7ecd90da-5c27-4d77-bdbe-954c08ac17c5",
      "title": "",
      "fullFile": "cypress/e2e/cards/withdrawFromCard.cy.js",
      "file": "cypress/e2e/cards/withdrawFromCard.cy.js",
      "beforeHooks": [],
      "afterHooks": [],
      "tests": [],
      "suites": [
        {
          "uuid": "fef55800-b29d-40fc-b921-b041a361b40a",
          "title": "Withdraw from card",
          "fullFile": "",
          "file": "",
          "beforeHooks": [],
          "afterHooks": [],
          "tests": [
            {
              "title": "Test that the user is able to access withdraw from physical card",
              "fullTitle": "Withdraw from card Test that the user is able to access withdraw from physical card",
              "timedOut": null,
              "duration": 0,
              "state": "skipped",
              "speed": null,
              "pass": false,
              "fail": false,
              "pending": false,
              "context": null,
              "code": "loginPage.login(cardHolder.email, cardHolder.password);\ncy.get('.onboarding-title').contains('Welcome');\ncy.get('.start').contains('Not interested').click();\ncy.get('.title').contains('Damilare').should('be.visible');\ncardsPage.accessCardsPage();\nwithdrawalPage.accessWithdrawFromCardPage();\nwithdrawalPage.enterWithdrawalDetails();",
              "err": {},
              "uuid": "b5a58532-8266-44c8-a6be-d2ddd6aed416",
              "parentUUID": "fef55800-b29d-40fc-b921-b041a361b40a",
              "isHook": false,
              "skipped": true
            },
            {
              "title": "Test that the user is able to access withdraw from virtual card",
              "fullTitle": "Withdraw from card Test that the user is able to access withdraw from virtual card",
              "timedOut": null,
              "duration": 0,
              "state": "skipped",
              "speed": null,
              "pass": false,
              "fail": false,
              "pending": false,
              "context": null,
              "code": "loginPage.login(cardHolder.email, cardHolder.password);\ncy.get('.onboarding-title').contains('Welcome');\ncy.get('.start').contains('Not interested').click();\ncy.get('.title').contains('Damilare').should('be.visible');\ncardsPage.accessCardsPage();\nwithdrawalPage.withdrawFromVirtualCard();",
              "err": {},
              "uuid": "7425ca50-58de-4e10-9b32-993d7857e054",
              "parentUUID": "fef55800-b29d-40fc-b921-b041a361b40a",
              "isHook": false,
              "skipped": true
            }
          ],
          "suites": [],
          "passes": [],
          "failures": [],
          "pending": [],
          "skipped": [
            "b5a58532-8266-44c8-a6be-d2ddd6aed416",
            "7425ca50-58de-4e10-9b32-993d7857e054"
          ],
          "duration": 0,
          "root": false,
          "rootEmpty": false,
          "_timeout": 2000
        }
      ],
      "passes": [],
      "failures": [],
      "pending": [],
      "skipped": [],
      "duration": 0,
      "root": true,
      "rootEmpty": true,
      "_timeout": 2000
    }
  ],
  "meta": {
    "mocha": {
      "version": "7.0.1"
    },
    "mochawesome": {
      "options": {
        "quiet": false,
        "reportFilename": "mochawesome",
        "saveHtml": false,
        "saveJson": true,
        "consoleReporter": "spec",
        "useInlineDiffs": false,
        "code": true
      },
      "version": "7.1.3"
    },
    "marge": {
      "options": {
        "id": "default",
        "reportDir": "cypress/reports/.jsons",
        "charts": true,
        "reportPageTitle": "My Test Suite",
        "embeddedScreenshots": true,
        "inlineAssets": true,
        "overwrite": false,
        "html": false,
        "json": true
      },
      "version": "6.2.0"
    }
  }
}