{
  "stats": {
    "suites": 1,
    "tests": 1,
    "passes": 1,
    "pending": 0,
    "failures": 0,
    "start": "2023-03-29T20:35:33.655Z",
    "end": "2023-03-29T20:35:47.912Z",
    "duration": 14257,
    "testsRegistered": 1,
    "passPercent": 100,
    "pendingPercent": 0,
    "other": 0,
    "hasOther": false,
    "skipped": 0,
    "hasSkipped": false
  },
  "results": [
    {
      "uuid": "79869848-8277-4274-bf05-c8dc5b3b472a",
      "title": "",
      "fullFile": "cypress/e2e/accounts/createUser.cy.js",
      "file": "cypress/e2e/accounts/createUser.cy.js",
      "beforeHooks": [],
      "afterHooks": [],
      "tests": [],
      "suites": [
        {
          "uuid": "58d44054-7a72-48f3-88be-3531fa6f4fac",
          "title": "Create User",
          "fullFile": "",
          "file": "",
          "beforeHooks": [],
          "afterHooks": [],
          "tests": [
            {
              "title": "Test that user is able to invite a new user to the organization",
              "fullTitle": "Create User Test that user is able to invite a new user to the organization",
              "timedOut": null,
              "duration": 14214,
              "state": "passed",
              "speed": "slow",
              "pass": true,
              "fail": false,
              "pending": false,
              "context": null,
              "code": "newUserPage.accessEndUserPage();\nnewUserPage.createEndUser();\nnewUserPage.enterDetails();",
              "err": {},
              "uuid": "aa60689f-e101-4b6c-921d-06e9b442ddf1",
              "parentUUID": "58d44054-7a72-48f3-88be-3531fa6f4fac",
              "isHook": false,
              "skipped": false
            }
          ],
          "suites": [],
          "passes": [
            "aa60689f-e101-4b6c-921d-06e9b442ddf1"
          ],
          "failures": [],
          "pending": [],
          "skipped": [],
          "duration": 14214,
          "root": false,
          "rootEmpty": false,
          "_timeout": 2000
        }
      ],
      "passes": [],
      "failures": [],
      "pending": [],
      "skipped": [],
      "duration": 0,
      "root": true,
      "rootEmpty": true,
      "_timeout": 2000
    }
  ],
  "meta": {
    "mocha": {
      "version": "7.0.1"
    },
    "mochawesome": {
      "options": {
        "quiet": false,
        "reportFilename": "mochawesome",
        "saveHtml": false,
        "saveJson": true,
        "consoleReporter": "spec",
        "useInlineDiffs": false,
        "code": true
      },
      "version": "7.1.3"
    },
    "marge": {
      "options": {
        "id": "default",
        "reportDir": "cypress/reports/.jsons",
        "charts": true,
        "reportPageTitle": "My Test Suite",
        "embeddedScreenshots": true,
        "inlineAssets": true,
        "overwrite": false,
        "html": false,
        "json": true
      },
      "version": "6.2.0"
    }
  }
}