{
  "stats": {
    "suites": 1,
    "tests": 6,
    "passes": 6,
    "pending": 0,
    "failures": 0,
    "start": "2023-03-21T16:47:44.354Z",
    "end": "2023-03-21T16:49:04.722Z",
    "duration": 80368,
    "testsRegistered": 6,
    "passPercent": 100,
    "pendingPercent": 0,
    "other": 0,
    "hasOther": false,
    "skipped": 0,
    "hasSkipped": false
  },
  "results": [
    {
      "uuid": "3d07d39b-0dc0-4607-aaa7-1c20e58557aa",
      "title": "",
      "fullFile": "cypress/e2e/auth/login.cy.js",
      "file": "cypress/e2e/auth/login.cy.js",
      "beforeHooks": [],
      "afterHooks": [],
      "tests": [],
      "suites": [
        {
          "uuid": "c469e18f-bd3e-4295-8875-0f463b18fd37",
          "title": "Login Test",
          "fullFile": "",
          "file": "",
          "beforeHooks": [],
          "afterHooks": [],
          "tests": [
            {
              "title": "Test that user is unable to login with wrong email but correct password",
              "fullTitle": "Login Test Test that user is unable to login with wrong email but correct password",
              "timedOut": null,
              "duration": 13533,
              "state": "passed",
              "speed": "slow",
              "pass": true,
              "fail": false,
              "pending": false,
              "context": null,
              "code": "loginPage.login('damiuser001@yopmail', cardHolder.password);\ncy.get('.portal-container_header > :nth-child(2)').contains('Gain access. Change your life.').should('be.visible');",
              "err": {},
              "uuid": "2311da19-f1fb-4fa8-8308-77b99b16d135",
              "parentUUID": "c469e18f-bd3e-4295-8875-0f463b18fd37",
              "isHook": false,
              "skipped": false
            },
            {
              "title": "Test that user is unable to login with correct email but wrong password",
              "fullTitle": "Login Test Test that user is unable to login with correct email but wrong password",
              "timedOut": null,
              "duration": 15619,
              "state": "passed",
              "speed": "slow",
              "pass": true,
              "fail": false,
              "pending": false,
              "context": null,
              "code": "loginPage.login(cardHolder.email, 'Password');\ncy.get('.portal-container_header > :nth-child(2)').contains('Gain access. Change your life.').should('be.visible');",
              "err": {},
              "uuid": "52cd0dd0-e46f-4ce5-a0d2-241815da7e27",
              "parentUUID": "c469e18f-bd3e-4295-8875-0f463b18fd37",
              "isHook": false,
              "skipped": false
            },
            {
              "title": "Test that user is unable to login without email but correct password",
              "fullTitle": "Login Test Test that user is unable to login without email but correct password",
              "timedOut": null,
              "duration": 13031,
              "state": "passed",
              "speed": "slow",
              "pass": true,
              "fail": false,
              "pending": false,
              "context": null,
              "code": "cy.get(':nth-child(2) > .column > form-input-large > .formInputWrapper').type(cardHolder.password);\ncy.get('.portal-container_header > :nth-child(2)').contains('Gain access. Change your life.').should('be.visible');",
              "err": {},
              "uuid": "c39f38f5-d73b-4fc5-9f0f-45d4a6d5f778",
              "parentUUID": "c469e18f-bd3e-4295-8875-0f463b18fd37",
              "isHook": false,
              "skipped": false
            },
            {
              "title": "Test that user is unable to login with correct email but no password",
              "fullTitle": "Login Test Test that user is unable to login with correct email but no password",
              "timedOut": null,
              "duration": 11534,
              "state": "passed",
              "speed": "slow",
              "pass": true,
              "fail": false,
              "pending": false,
              "context": null,
              "code": "cy.get(':nth-child(1) > .column > form-input-large > .formInputWrapper').type(cardHolder.email);\ncy.get('.portal-container_header > :nth-child(2)').contains('Gain access. Change your life.').should('be.visible');",
              "err": {},
              "uuid": "9556e9fb-fea4-43c4-b7d3-f709097e6257",
              "parentUUID": "c469e18f-bd3e-4295-8875-0f463b18fd37",
              "isHook": false,
              "skipped": false
            },
            {
              "title": "Test that user is unable to login without email or password",
              "fullTitle": "Login Test Test that user is unable to login without email or password",
              "timedOut": null,
              "duration": 11756,
              "state": "passed",
              "speed": "slow",
              "pass": true,
              "fail": false,
              "pending": false,
              "context": null,
              "code": "cy.get('.form-button').contains('Login').click();\ncy.get('.portal-container_header > :nth-child(2)').contains('Gain access. Change your life.').should('be.visible');",
              "err": {},
              "uuid": "9efb94ce-4108-4d3a-992a-56e1f648d6c6",
              "parentUUID": "c469e18f-bd3e-4295-8875-0f463b18fd37",
              "isHook": false,
              "skipped": false
            },
            {
              "title": "Test that user is unable to login with valid email and password",
              "fullTitle": "Login Test Test that user is unable to login with valid email and password",
              "timedOut": null,
              "duration": 14820,
              "state": "passed",
              "speed": "slow",
              "pass": true,
              "fail": false,
              "pending": false,
              "context": null,
              "code": "loginPage.login(cardHolder.email, cardHolder.password);\ncy.get('.title').contains('Damilare').should('be.visible');",
              "err": {},
              "uuid": "f9f9aa1f-5039-4317-b7c5-d2446ac66b33",
              "parentUUID": "c469e18f-bd3e-4295-8875-0f463b18fd37",
              "isHook": false,
              "skipped": false
            }
          ],
          "suites": [],
          "passes": [
            "2311da19-f1fb-4fa8-8308-77b99b16d135",
            "52cd0dd0-e46f-4ce5-a0d2-241815da7e27",
            "c39f38f5-d73b-4fc5-9f0f-45d4a6d5f778",
            "9556e9fb-fea4-43c4-b7d3-f709097e6257",
            "9efb94ce-4108-4d3a-992a-56e1f648d6c6",
            "f9f9aa1f-5039-4317-b7c5-d2446ac66b33"
          ],
          "failures": [],
          "pending": [],
          "skipped": [],
          "duration": 80293,
          "root": false,
          "rootEmpty": false,
          "_timeout": 2000
        }
      ],
      "passes": [],
      "failures": [],
      "pending": [],
      "skipped": [],
      "duration": 0,
      "root": true,
      "rootEmpty": true,
      "_timeout": 2000
    }
  ],
  "meta": {
    "mocha": {
      "version": "7.0.1"
    },
    "mochawesome": {
      "options": {
        "quiet": false,
        "reportFilename": "mochawesome",
        "saveHtml": false,
        "saveJson": true,
        "consoleReporter": "spec",
        "useInlineDiffs": false,
        "code": true
      },
      "version": "7.1.3"
    },
    "marge": {
      "options": {
        "id": "default",
        "reportDir": "cypress/reports/.jsons",
        "charts": true,
        "reportPageTitle": "My Test Suite",
        "embeddedScreenshots": true,
        "inlineAssets": true,
        "overwrite": false,
        "html": false,
        "json": true
      },
      "version": "6.2.0"
    }
  }
}