{
  "stats": {
    "suites": 1,
    "tests": 1,
    "passes": 0,
    "pending": 0,
    "failures": 1,
    "start": "2023-03-27T12:31:28.369Z",
    "end": "2023-03-27T12:35:41.917Z",
    "duration": 253548,
    "testsRegistered": 1,
    "passPercent": 0,
    "pendingPercent": 0,
    "other": 0,
    "hasOther": false,
    "skipped": 0,
    "hasSkipped": false
  },
  "results": [
    {
      "uuid": "2f3f6ef1-cebe-4fd3-84ab-5b55fdf8ec57",
      "title": "",
      "fullFile": "cypress/e2e/program/createProgram.cy.js",
      "file": "cypress/e2e/program/createProgram.cy.js",
      "beforeHooks": [],
      "afterHooks": [],
      "tests": [],
      "suites": [
        {
          "uuid": "5c4a42be-2d49-4d88-a5f7-dc2d8fec86be",
          "title": "Create Program",
          "fullFile": "",
          "file": "",
          "beforeHooks": [],
          "afterHooks": [],
          "tests": [
            {
              "title": "Test that user is able to navigate to create program popup",
              "fullTitle": "Create Program Test that user is able to navigate to create program popup",
              "timedOut": null,
              "duration": 81659,
              "state": "failed",
              "speed": null,
              "pass": false,
              "fail": true,
              "pending": false,
              "context": "{\n  \"title\": \"cypress-mochawesome-reporter-screenshots\",\n  \"value\": [\n    [\n      {\n        \"title\": \"Failed screenshot\",\n        \"value\": \"/program/createProgram.cy.js/Create Program -- Test that user is able to navigate to create program popup (failed).png\"\n      }\n    ],\n    [\n      {\n        \"title\": \"Failed screenshot\",\n        \"value\": \"/program/createProgram.cy.js/Create Program -- Test that user is able to navigate to create program popup (failed) (attempt 2).png\"\n      }\n    ],\n    [\n      {\n        \"title\": \"Failed screenshot\",\n        \"value\": \"/program/createProgram.cy.js/Create Program -- Test that user is able to navigate to create program popup -- before each hook (failed) (attempt 3).png\"\n      }\n    ]\n  ]\n}",
              "code": "createProgram.accessCreateProgram();\ncreateProgram.enterProgramDetails();",
              "err": {
                "message": "AssertionError: Timed out retrying after 80000ms: Expected to find element: `.sc-hhOBVt > div`, but never found it.\n\nBecause this error occurred during a `before each` hook we are skipping the remaining tests in the current suite: `Create Program`",
                "estack": "AssertionError: Timed out retrying after 80000ms: Expected to find element: `.sc-hhOBVt > div`, but never found it.\n\nBecause this error occurred during a `before each` hook we are skipping the remaining tests in the current suite: `Create Program`\n    at CreateUserPage.eval [as welcomeMessage] (webpack:///./cypress/support/pages/accounts/createUser-page.js:5:28)\n    at CreateUserPage.accessPOPortal (webpack:///./cypress/support/pages/accounts/createUser-page.js:35:9)\n    at Context.eval (webpack:///./cypress/e2e/program/createProgram.cy.js:12:18)",
                "diff": null
              },
              "uuid": "21a021ff-cce8-44ce-9436-dd4f22f8c607",
              "parentUUID": "5c4a42be-2d49-4d88-a5f7-dc2d8fec86be",
              "isHook": false,
              "skipped": false
            }
          ],
          "suites": [],
          "passes": [],
          "failures": [
            "21a021ff-cce8-44ce-9436-dd4f22f8c607"
          ],
          "pending": [],
          "skipped": [],
          "duration": 81659,
          "root": false,
          "rootEmpty": false,
          "_timeout": 2000
        }
      ],
      "passes": [],
      "failures": [],
      "pending": [],
      "skipped": [],
      "duration": 0,
      "root": true,
      "rootEmpty": true,
      "_timeout": 2000
    }
  ],
  "meta": {
    "mocha": {
      "version": "7.0.1"
    },
    "mochawesome": {
      "options": {
        "quiet": false,
        "reportFilename": "mochawesome",
        "saveHtml": false,
        "saveJson": true,
        "consoleReporter": "spec",
        "useInlineDiffs": false,
        "code": true
      },
      "version": "7.1.3"
    },
    "marge": {
      "options": {
        "id": "default",
        "reportDir": "cypress/reports/.jsons",
        "charts": true,
        "reportPageTitle": "My Test Suite",
        "embeddedScreenshots": true,
        "inlineAssets": true,
        "overwrite": false,
        "html": false,
        "json": true
      },
      "version": "6.2.0"
    }
  }
}