{
  "stats": {
    "suites": 1,
    "tests": 2,
    "passes": 2,
    "pending": 0,
    "failures": 0,
    "start": "2023-03-27T14:04:44.864Z",
    "end": "2023-03-27T14:05:52.842Z",
    "duration": 67978,
    "testsRegistered": 2,
    "passPercent": 100,
    "pendingPercent": 0,
    "other": 0,
    "hasOther": false,
    "skipped": 0,
    "hasSkipped": false
  },
  "results": [
    {
      "uuid": "e730ea35-41b3-43b2-b682-ffb0b64fcd48",
      "title": "",
      "fullFile": "cypress/e2e/cards/card.cy.js",
      "file": "cypress/e2e/cards/card.cy.js",
      "beforeHooks": [],
      "afterHooks": [],
      "tests": [],
      "suites": [
        {
          "uuid": "8d1537dc-5677-4ac7-bea2-577ae8a8a521",
          "title": "Cards",
          "fullFile": "",
          "file": "",
          "beforeHooks": [],
          "afterHooks": [],
          "tests": [
            {
              "title": "Test that user is able to navigate to the cards page",
              "fullTitle": "Cards Test that user is able to navigate to the cards page",
              "timedOut": null,
              "duration": 43503,
              "state": "passed",
              "speed": "slow",
              "pass": true,
              "fail": false,
              "pending": false,
              "context": null,
              "code": "loginPage.login(cardHolder.email, cardHolder.password);\ncy.get('.onboarding-title').contains('Welcome');\ncy.get('.start').contains('Not interested').click();\ncy.get('.title').contains('Amayindi').should('be.visible');\ncardsPage.accessCardsPage();",
              "err": {},
              "uuid": "110d1509-3c38-4688-9d7a-7e38d23f75c1",
              "parentUUID": "8d1537dc-5677-4ac7-bea2-577ae8a8a521",
              "isHook": false,
              "skipped": false
            },
            {
              "title": "Test that the user is able to view virtual cards",
              "fullTitle": "Cards Test that the user is able to view virtual cards",
              "timedOut": null,
              "duration": 24404,
              "state": "passed",
              "speed": "slow",
              "pass": true,
              "fail": false,
              "pending": false,
              "context": null,
              "code": "loginPage.login(email, password);\ncy.get('.onboarding-title').contains('Welcome');\ncy.get('.start').contains('Not interested').click();\ncy.get('.title').contains('Amayindi').should('be.visible');\ncardsPage.viewVirtualCards();",
              "err": {},
              "uuid": "f45c20d0-d2c8-4bd3-afd7-77f5cf22831b",
              "parentUUID": "8d1537dc-5677-4ac7-bea2-577ae8a8a521",
              "isHook": false,
              "skipped": false
            }
          ],
          "suites": [],
          "passes": [
            "110d1509-3c38-4688-9d7a-7e38d23f75c1",
            "f45c20d0-d2c8-4bd3-afd7-77f5cf22831b"
          ],
          "failures": [],
          "pending": [],
          "skipped": [],
          "duration": 67907,
          "root": false,
          "rootEmpty": false,
          "_timeout": 2000
        }
      ],
      "passes": [],
      "failures": [],
      "pending": [],
      "skipped": [],
      "duration": 0,
      "root": true,
      "rootEmpty": true,
      "_timeout": 2000
    }
  ],
  "meta": {
    "mocha": {
      "version": "7.0.1"
    },
    "mochawesome": {
      "options": {
        "quiet": false,
        "reportFilename": "mochawesome",
        "saveHtml": false,
        "saveJson": true,
        "consoleReporter": "spec",
        "useInlineDiffs": false,
        "code": true
      },
      "version": "7.1.3"
    },
    "marge": {
      "options": {
        "id": "default",
        "reportDir": "cypress/reports/.jsons",
        "charts": true,
        "reportPageTitle": "My Test Suite",
        "embeddedScreenshots": true,
        "inlineAssets": true,
        "overwrite": false,
        "html": false,
        "json": true
      },
      "version": "6.2.0"
    }
  }
}