{
  "stats": {
    "suites": 1,
    "tests": 1,
    "passes": 1,
    "pending": 0,
    "failures": 0,
    "start": "2023-03-29T19:06:25.920Z",
    "end": "2023-03-29T19:06:52.384Z",
    "duration": 26464,
    "testsRegistered": 1,
    "passPercent": 100,
    "pendingPercent": 0,
    "other": 0,
    "hasOther": false,
    "skipped": 0,
    "hasSkipped": false
  },
  "results": [
    {
      "uuid": "33c0f82d-8701-4541-a3a7-ff9bcf3c7d82",
      "title": "",
      "fullFile": "cypress/e2e/cards/activatePhysicalCard.cy.js",
      "file": "cypress/e2e/cards/activatePhysicalCard.cy.js",
      "beforeHooks": [],
      "afterHooks": [],
      "tests": [],
      "suites": [
        {
          "uuid": "c15d9339-7459-474e-b050-f40b6ff122de",
          "title": "Activate Physical Card",
          "fullFile": "",
          "file": "",
          "beforeHooks": [],
          "afterHooks": [],
          "tests": [
            {
              "title": "Test that the user is able to activate physical card",
              "fullTitle": "Activate Physical Card Test that the user is able to activate physical card",
              "timedOut": null,
              "duration": 26433,
              "state": "passed",
              "speed": "slow",
              "pass": true,
              "fail": false,
              "pending": false,
              "context": null,
              "code": "loginPage.login(cardHolder.email, cardHolder.password);\ncy.get('.onboarding-title').contains('Welcome');\ncy.get('.start').contains('Not interested').click();\ncy.get('.title').contains('Amayindi').should('be.visible');\ncardsPage.accessCardsPage();\nactivatePhysicalCard.enterCardActivationDetails();",
              "err": {},
              "uuid": "65109767-8734-425f-bb99-f770280db682",
              "parentUUID": "c15d9339-7459-474e-b050-f40b6ff122de",
              "isHook": false,
              "skipped": false
            }
          ],
          "suites": [],
          "passes": [
            "65109767-8734-425f-bb99-f770280db682"
          ],
          "failures": [],
          "pending": [],
          "skipped": [],
          "duration": 26433,
          "root": false,
          "rootEmpty": false,
          "_timeout": 2000
        }
      ],
      "passes": [],
      "failures": [],
      "pending": [],
      "skipped": [],
      "duration": 0,
      "root": true,
      "rootEmpty": true,
      "_timeout": 2000
    }
  ],
  "meta": {
    "mocha": {
      "version": "7.0.1"
    },
    "mochawesome": {
      "options": {
        "quiet": false,
        "reportFilename": "mochawesome",
        "saveHtml": false,
        "saveJson": true,
        "consoleReporter": "spec",
        "useInlineDiffs": false,
        "code": true
      },
      "version": "7.1.3"
    },
    "marge": {
      "options": {
        "id": "default",
        "reportDir": "cypress/reports/.jsons",
        "charts": true,
        "reportPageTitle": "My Test Suite",
        "embeddedScreenshots": true,
        "inlineAssets": true,
        "overwrite": false,
        "html": false,
        "json": true
      },
      "version": "6.2.0"
    }
  }
}