{
  "stats": {
    "suites": 1,
    "tests": 1,
    "passes": 0,
    "pending": 0,
    "failures": 1,
    "start": "2023-03-21T17:05:20.123Z",
    "end": "2023-03-21T17:10:46.005Z",
    "duration": 325882,
    "testsRegistered": 1,
    "passPercent": 0,
    "pendingPercent": 0,
    "other": 0,
    "hasOther": false,
    "skipped": 0,
    "hasSkipped": false
  },
  "results": [
    {
      "uuid": "8b6041cf-601e-45a7-958e-d54fc8b1f7be",
      "title": "",
      "fullFile": "cypress/e2e/cards/cardToCardTransfer.cy.js",
      "file": "cypress/e2e/cards/cardToCardTransfer.cy.js",
      "beforeHooks": [],
      "afterHooks": [],
      "tests": [],
      "suites": [
        {
          "uuid": "b36cd6ed-02a7-4537-ad8c-43369cb75bd3",
          "title": "Card to card transfer",
          "fullFile": "",
          "file": "",
          "beforeHooks": [],
          "afterHooks": [],
          "tests": [
            {
              "title": "Test that the user is able to access card to card transfer",
              "fullTitle": "Card to card transfer Test that the user is able to access card to card transfer",
              "timedOut": null,
              "duration": 115490,
              "state": "failed",
              "speed": null,
              "pass": false,
              "fail": true,
              "pending": false,
              "context": "{\n  \"title\": \"cypress-mochawesome-reporter-screenshots\",\n  \"value\": [\n    [\n      {\n        \"title\": \"Failed screenshot\",\n        \"value\": \"/cards/cardToCardTransfer.cy.js/Card to card transfer -- Test that the user is able to access card to card transfer (failed).png\"\n      }\n    ],\n    [\n      {\n        \"title\": \"Failed screenshot\",\n        \"value\": \"/cards/cardToCardTransfer.cy.js/Card to card transfer -- Test that the user is able to access card to card transfer (failed) (attempt 2).png\"\n      }\n    ],\n    [\n      {\n        \"title\": \"Failed screenshot\",\n        \"value\": \"/cards/cardToCardTransfer.cy.js/Card to card transfer -- Test that the user is able to access card to card transfer (failed) (attempt 3).png\"\n      }\n    ]\n  ]\n}",
              "code": "loginPage.login(cardHolder.email, cardHolder.password);\ncy.get('.title').contains('Damilare').should('be.visible');\ncardsPage.accessCardsPage();\ncardToCardTransferPage.accessCardToCardTransferPage();\ncardToCardTransferPage.enterTransferDetails();",
              "err": {
                "message": "AssertionError: Timed out retrying after 80000ms: expected '<span>' to be 'visible'\n\nThis element `<span>` is not visible because it has CSS property: `position: fixed` and it's being covered by another element:\n\n`<path d=\"M1280,800H0V0H1280V800ZM0,0a0,0,0,0,0-0,0V0a0,0,0,0,0,0,0H0a0,0,0,0,0,0-0V0a0,0,0,0,0-0-0Z\"></path>`",
                "estack": "AssertionError: Timed out retrying after 80000ms: expected '<span>' to be 'visible'\n\nThis element `<span>` is not visible because it has CSS property: `position: fixed` and it's being covered by another element:\n\n`<path d=\"M1280,800H0V0H1280V800ZM0,0a0,0,0,0,0-0,0V0a0,0,0,0,0,0,0H0a0,0,0,0,0,0-0V0a0,0,0,0,0-0-0Z\"></path>`\n    at CardsPage.accessCardsPage (webpack:///./cypress/support/pages/cards/card-page.js:15:22)\n    at Context.eval (webpack:///./cypress/e2e/cards/cardToCardTransfer.cy.js:18:18)",
                "diff": null
              },
              "uuid": "7851f392-b7a4-4cd9-ad30-3f8d2de88ced",
              "parentUUID": "b36cd6ed-02a7-4537-ad8c-43369cb75bd3",
              "isHook": false,
              "skipped": false
            }
          ],
          "suites": [],
          "passes": [],
          "failures": [
            "7851f392-b7a4-4cd9-ad30-3f8d2de88ced"
          ],
          "pending": [],
          "skipped": [],
          "duration": 115490,
          "root": false,
          "rootEmpty": false,
          "_timeout": 2000
        }
      ],
      "passes": [],
      "failures": [],
      "pending": [],
      "skipped": [],
      "duration": 0,
      "root": true,
      "rootEmpty": true,
      "_timeout": 2000
    }
  ],
  "meta": {
    "mocha": {
      "version": "7.0.1"
    },
    "mochawesome": {
      "options": {
        "quiet": false,
        "reportFilename": "mochawesome",
        "saveHtml": false,
        "saveJson": true,
        "consoleReporter": "spec",
        "useInlineDiffs": false,
        "code": true
      },
      "version": "7.1.3"
    },
    "marge": {
      "options": {
        "id": "default",
        "reportDir": "cypress/reports/.jsons",
        "charts": true,
        "reportPageTitle": "My Test Suite",
        "embeddedScreenshots": true,
        "inlineAssets": true,
        "overwrite": false,
        "html": false,
        "json": true
      },
      "version": "6.2.0"
    }
  }
}