{
  "stats": {
    "suites": 1,
    "tests": 1,
    "passes": 0,
    "pending": 0,
    "failures": 1,
    "start": "2023-03-20T08:20:56.473Z",
    "end": "2023-03-20T08:22:08.579Z",
    "duration": 72106,
    "testsRegistered": 1,
    "passPercent": 0,
    "pendingPercent": 0,
    "other": 0,
    "hasOther": false,
    "skipped": 0,
    "hasSkipped": false
  },
  "results": [
    {
      "uuid": "2de8fbda-b794-4b0a-b3a2-6f962f8c8bc5",
      "title": "",
      "fullFile": "cypress/e2e/cards/cardToCardTransfer.cy.js",
      "file": "cypress/e2e/cards/cardToCardTransfer.cy.js",
      "beforeHooks": [],
      "afterHooks": [],
      "tests": [],
      "suites": [
        {
          "uuid": "7e289d1b-4e5c-4b46-8c69-95494898582e",
          "title": "Card to card transfer",
          "fullFile": "",
          "file": "",
          "beforeHooks": [],
          "afterHooks": [],
          "tests": [
            {
              "title": "Test that the user is able to access card to card transfer",
              "fullTitle": "Card to card transfer Test that the user is able to access card to card transfer",
              "timedOut": null,
              "duration": 23142,
              "state": "failed",
              "speed": null,
              "pass": false,
              "fail": true,
              "pending": false,
              "context": "{\n  \"title\": \"cypress-mochawesome-reporter-screenshots\",\n  \"value\": [\n    [\n      {\n        \"title\": \"Failed screenshot\",\n        \"value\": \"/cards/cardToCardTransfer.cy.js/Card to card transfer -- Test that the user is able to access card to card transfer (failed).png\"\n      }\n    ],\n    [\n      {\n        \"title\": \"Failed screenshot\",\n        \"value\": \"/cards/cardToCardTransfer.cy.js/Card to card transfer -- Test that the user is able to access card to card transfer (failed) (attempt 2).png\"\n      }\n    ],\n    [\n      {\n        \"title\": \"Failed screenshot\",\n        \"value\": \"/cards/cardToCardTransfer.cy.js/Card to card transfer -- Test that the user is able to access card to card transfer (failed) (attempt 3).png\"\n      }\n    ]\n  ]\n}",
              "code": "loginPage.login(cardHolder.email, cardHolder.password);\ncy.get('.onboarding-title').contains('Welcome').should('be.visible');\ncy.get('.shepherd-footer > .start').contains(`Not interested`).click();\ncardsPage.accessCardsPage();\ncardToCardTransferPage.accessCardToCardTransferPage();\ncardToCardTransferPage.enterTransferDetails();",
              "err": {
                "message": "CypressError: `cy.type()` can only be called on a single element. Your subject contained 2 elements.\n\nhttps://on.cypress.io/type",
                "estack": "CypressError: `cy.type()` can only be called on a single element. Your subject contained 2 elements.\n\nhttps://on.cypress.io/type\n    at Context.type (https://devcardholder.essolo.com/__cypress/runner/cypress_runner.js:134324:76)\n    at wrapped (https://devcardholder.essolo.com/__cypress/runner/cypress_runner.js:151172:19)\nFrom Your Spec Code:\n    at CardToCardTransferPage.enterTransferDetails (webpack:///./cypress/support/pages/cards/cardToCardTransfer-page.js:31:26)\n    at Context.eval (webpack:///./cypress/e2e/cards/cardToCardTransfer.cy.js:21:31)",
                "diff": null
              },
              "uuid": "ba80d0e5-edc8-4304-9a68-612ba70294ba",
              "parentUUID": "7e289d1b-4e5c-4b46-8c69-95494898582e",
              "isHook": false,
              "skipped": false
            }
          ],
          "suites": [],
          "passes": [],
          "failures": [
            "ba80d0e5-edc8-4304-9a68-612ba70294ba"
          ],
          "pending": [],
          "skipped": [],
          "duration": 23142,
          "root": false,
          "rootEmpty": false,
          "_timeout": 2000
        }
      ],
      "passes": [],
      "failures": [],
      "pending": [],
      "skipped": [],
      "duration": 0,
      "root": true,
      "rootEmpty": true,
      "_timeout": 2000
    }
  ],
  "meta": {
    "mocha": {
      "version": "7.0.1"
    },
    "mochawesome": {
      "options": {
        "quiet": false,
        "reportFilename": "mochawesome",
        "saveHtml": false,
        "saveJson": true,
        "consoleReporter": "spec",
        "useInlineDiffs": false,
        "code": true
      },
      "version": "7.1.3"
    },
    "marge": {
      "options": {
        "id": "default",
        "reportDir": "cypress/reports/.jsons",
        "charts": true,
        "reportPageTitle": "My Test Suite",
        "embeddedScreenshots": true,
        "inlineAssets": true,
        "overwrite": false,
        "html": false,
        "json": true
      },
      "version": "6.2.0"
    }
  }
}