{
  "stats": {
    "suites": 1,
    "tests": 1,
    "passes": 1,
    "pending": 0,
    "failures": 0,
    "start": "2023-03-13T10:05:07.284Z",
    "end": "2023-03-13T10:05:27.098Z",
    "duration": 19814,
    "testsRegistered": 1,
    "passPercent": 100,
    "pendingPercent": 0,
    "other": 0,
    "hasOther": false,
    "skipped": 0,
    "hasSkipped": false
  },
  "results": [
    {
      "uuid": "196ac22f-4a97-4d59-9601-f6d5825a91a8",
      "title": "",
      "fullFile": "cypress/e2e/accounts/account.cy.js",
      "file": "cypress/e2e/accounts/account.cy.js",
      "beforeHooks": [],
      "afterHooks": [],
      "tests": [],
      "suites": [
        {
          "uuid": "98c07db5-ea04-4b12-9447-53f16f29bfd4",
          "title": "Account",
          "fullFile": "",
          "file": "",
          "beforeHooks": [],
          "afterHooks": [],
          "tests": [
            {
              "title": "Test that user is able to navigate to the accounts page",
              "fullTitle": "Account Test that user is able to navigate to the accounts page",
              "timedOut": null,
              "duration": 19793,
              "state": "passed",
              "speed": "slow",
              "pass": true,
              "fail": false,
              "pending": false,
              "context": null,
              "code": "loginPage.login(cardHolder.email, cardHolder.password);\ncy.get('.onboarding-title').contains('Welcome').should('be.visible');\ncy.get('.shepherd-footer > .start').contains(`Not interested`).click();\naccountsPage.accessAccountsPage();",
              "err": {},
              "uuid": "6ae855ab-7d77-492b-a0e5-2fe68844e000",
              "parentUUID": "98c07db5-ea04-4b12-9447-53f16f29bfd4",
              "isHook": false,
              "skipped": false
            }
          ],
          "suites": [],
          "passes": [
            "6ae855ab-7d77-492b-a0e5-2fe68844e000"
          ],
          "failures": [],
          "pending": [],
          "skipped": [],
          "duration": 19793,
          "root": false,
          "rootEmpty": false,
          "_timeout": 2000
        }
      ],
      "passes": [],
      "failures": [],
      "pending": [],
      "skipped": [],
      "duration": 0,
      "root": true,
      "rootEmpty": true,
      "_timeout": 2000
    }
  ],
  "meta": {
    "mocha": {
      "version": "7.0.1"
    },
    "mochawesome": {
      "options": {
        "quiet": false,
        "reportFilename": "mochawesome",
        "saveHtml": false,
        "saveJson": true,
        "consoleReporter": "spec",
        "useInlineDiffs": false,
        "code": true
      },
      "version": "7.1.3"
    },
    "marge": {
      "options": {
        "id": "default",
        "reportDir": "cypress/reports/.jsons",
        "charts": true,
        "reportPageTitle": "My Test Suite",
        "embeddedScreenshots": true,
        "inlineAssets": true,
        "overwrite": false,
        "html": false,
        "json": true
      },
      "version": "6.2.0"
    }
  }
}