{
  "stats": {
    "suites": 1,
    "tests": 2,
    "passes": 2,
    "pending": 0,
    "failures": 0,
    "start": "2023-04-02T22:35:58.981Z",
    "end": "2023-04-02T22:36:30.971Z",
    "duration": 31990,
    "testsRegistered": 2,
    "passPercent": 100,
    "pendingPercent": 0,
    "other": 0,
    "hasOther": false,
    "skipped": 0,
    "hasSkipped": false
  },
  "results": [
    {
      "uuid": "65201248-4656-428c-8a1b-ab6e8b6a89e0",
      "title": "",
      "fullFile": "cypress/e2e/transactions/transaction.cy.js",
      "file": "cypress/e2e/transactions/transaction.cy.js",
      "beforeHooks": [],
      "afterHooks": [],
      "tests": [],
      "suites": [
        {
          "uuid": "1558f616-c3a8-4e5f-86c1-76a3140d22b8",
          "title": "Transactions",
          "fullFile": "",
          "file": "",
          "beforeHooks": [],
          "afterHooks": [],
          "tests": [
            {
              "title": "Test that user is able to navigate to the transactions page",
              "fullTitle": "Transactions Test that user is able to navigate to the transactions page",
              "timedOut": null,
              "duration": 14783,
              "state": "passed",
              "speed": "slow",
              "pass": true,
              "fail": false,
              "pending": false,
              "context": null,
              "code": "loginPage.login(cardHolder.email, cardHolder.password);\ncy.get('.onboarding-title').contains('Welcome');\ncy.get('.start').contains('Not interested').click();\ncy.get('.title').contains('Amayindi').should('be.visible');\ntransactionPage.accessTransactionPage();",
              "err": {},
              "uuid": "8d2f27dd-799e-48ae-96ea-304102286398",
              "parentUUID": "1558f616-c3a8-4e5f-86c1-76a3140d22b8",
              "isHook": false,
              "skipped": false
            },
            {
              "title": "Test that user is able to navigate to the transactions details page",
              "fullTitle": "Transactions Test that user is able to navigate to the transactions details page",
              "timedOut": null,
              "duration": 17170,
              "state": "passed",
              "speed": "slow",
              "pass": true,
              "fail": false,
              "pending": false,
              "context": null,
              "code": "loginPage.login(cardHolder.email, cardHolder.password);\ncy.get('.onboarding-title').contains('Welcome');\ncy.get('.start').contains('Not interested').click();\ncy.get('.title').contains('Amayindi').should('be.visible');\ntransactionPage.accessTransactionPage();\ntransactionPage.accessTransactionDetails();\ncy.get('.pdfButton > .formButton').contains('Download receipt').should('be.visible');",
              "err": {},
              "uuid": "5cdbbcab-886b-4a7f-8372-8ccaa7afcece",
              "parentUUID": "1558f616-c3a8-4e5f-86c1-76a3140d22b8",
              "isHook": false,
              "skipped": false
            }
          ],
          "suites": [],
          "passes": [
            "8d2f27dd-799e-48ae-96ea-304102286398",
            "5cdbbcab-886b-4a7f-8372-8ccaa7afcece"
          ],
          "failures": [],
          "pending": [],
          "skipped": [],
          "duration": 31953,
          "root": false,
          "rootEmpty": false,
          "_timeout": 2000
        }
      ],
      "passes": [],
      "failures": [],
      "pending": [],
      "skipped": [],
      "duration": 0,
      "root": true,
      "rootEmpty": true,
      "_timeout": 2000
    }
  ],
  "meta": {
    "mocha": {
      "version": "7.0.1"
    },
    "mochawesome": {
      "options": {
        "quiet": false,
        "reportFilename": "mochawesome",
        "saveHtml": false,
        "saveJson": true,
        "consoleReporter": "spec",
        "useInlineDiffs": false,
        "code": true
      },
      "version": "7.1.3"
    },
    "marge": {
      "options": {
        "id": "default",
        "reportDir": "cypress/reports/.jsons",
        "charts": true,
        "reportPageTitle": "My Test Suite",
        "embeddedScreenshots": true,
        "inlineAssets": true,
        "overwrite": false,
        "html": false,
        "json": true
      },
      "version": "6.2.0"
    }
  }
}