{
  "stats": {
    "suites": 1,
    "tests": 1,
    "passes": 1,
    "pending": 0,
    "failures": 0,
    "start": "2023-03-28T16:39:43.562Z",
    "end": "2023-03-28T16:41:01.812Z",
    "duration": 78250,
    "testsRegistered": 1,
    "passPercent": 100,
    "pendingPercent": 0,
    "other": 0,
    "hasOther": false,
    "skipped": 0,
    "hasSkipped": false
  },
  "results": [
    {
      "uuid": "50813d9b-3719-401b-a575-c78070069e10",
      "title": "",
      "fullFile": "cypress/e2e/cards/activatePhysicalCard.cy.js",
      "file": "cypress/e2e/cards/activatePhysicalCard.cy.js",
      "beforeHooks": [],
      "afterHooks": [],
      "tests": [],
      "suites": [
        {
          "uuid": "859d019c-f6c7-4be3-806d-c70cf65e1eab",
          "title": "Card to card transfer",
          "fullFile": "",
          "file": "",
          "beforeHooks": [],
          "afterHooks": [],
          "tests": [
            {
              "title": "Test that the user is able to activate physical card",
              "fullTitle": "Card to card transfer Test that the user is able to activate physical card",
              "timedOut": null,
              "duration": 17961,
              "state": "passed",
              "speed": "slow",
              "pass": true,
              "fail": false,
              "pending": false,
              "context": "{\n  \"title\": \"cypress-mochawesome-reporter-screenshots\",\n  \"value\": [\n    [\n      {\n        \"title\": \"Failed screenshot\",\n        \"value\": \"/cards/activatePhysicalCard.cy.js/Card to card transfer -- Test that the user is able to activate physical card (failed).png\"\n      }\n    ],\n    []\n  ]\n}",
              "code": "loginPage.login(cardHolder.email, cardHolder.password);\ncy.get('.onboarding-title').contains('Welcome');\ncy.get('.start').contains('Not interested').click();\ncy.get('.title').contains('Amayindi').should('be.visible');\ncardsPage.accessCardsPage();\nactivatePhysicalCard.enterCardActivationDetails();",
              "err": {},
              "uuid": "412e2a01-cb1e-4427-a7f0-b3c274fbade7",
              "parentUUID": "859d019c-f6c7-4be3-806d-c70cf65e1eab",
              "isHook": false,
              "skipped": false
            }
          ],
          "suites": [],
          "passes": [
            "412e2a01-cb1e-4427-a7f0-b3c274fbade7"
          ],
          "failures": [],
          "pending": [],
          "skipped": [],
          "duration": 17961,
          "root": false,
          "rootEmpty": false,
          "_timeout": 2000
        }
      ],
      "passes": [],
      "failures": [],
      "pending": [],
      "skipped": [],
      "duration": 0,
      "root": true,
      "rootEmpty": true,
      "_timeout": 2000
    }
  ],
  "meta": {
    "mocha": {
      "version": "7.0.1"
    },
    "mochawesome": {
      "options": {
        "quiet": false,
        "reportFilename": "mochawesome",
        "saveHtml": false,
        "saveJson": true,
        "consoleReporter": "spec",
        "useInlineDiffs": false,
        "code": true
      },
      "version": "7.1.3"
    },
    "marge": {
      "options": {
        "id": "default",
        "reportDir": "cypress/reports/.jsons",
        "charts": true,
        "reportPageTitle": "My Test Suite",
        "embeddedScreenshots": true,
        "inlineAssets": true,
        "overwrite": false,
        "html": false,
        "json": true
      },
      "version": "6.2.0"
    }
  }
}