{
  "stats": {
    "suites": 1,
    "tests": 1,
    "passes": 1,
    "pending": 0,
    "failures": 0,
    "start": "2023-03-21T13:37:40.466Z",
    "end": "2023-03-21T13:38:32.400Z",
    "duration": 51934,
    "testsRegistered": 1,
    "passPercent": 100,
    "pendingPercent": 0,
    "other": 0,
    "hasOther": false,
    "skipped": 0,
    "hasSkipped": false
  },
  "results": [
    {
      "uuid": "2a7ba8da-8f9d-43b6-a121-1b29d81d9a4a",
      "title": "",
      "fullFile": "cypress/e2e/accounts/account.cy.js",
      "file": "cypress/e2e/accounts/account.cy.js",
      "beforeHooks": [],
      "afterHooks": [],
      "tests": [],
      "suites": [
        {
          "uuid": "181262f3-c420-46fc-954d-ada5a0b18501",
          "title": "Account",
          "fullFile": "",
          "file": "",
          "beforeHooks": [],
          "afterHooks": [],
          "tests": [
            {
              "title": "Test that user is able to navigate to the accounts page",
              "fullTitle": "Account Test that user is able to navigate to the accounts page",
              "timedOut": null,
              "duration": 51904,
              "state": "passed",
              "speed": "slow",
              "pass": true,
              "fail": false,
              "pending": false,
              "context": null,
              "code": "loginPage.login(cardHolder.email, cardHolder.password);\ncy.get('.title').contains('Damilare').should('be.visible');\naccountsPage.accessAccountsPage();",
              "err": {},
              "uuid": "debdd260-0e96-4c37-ba90-749a7b3746bb",
              "parentUUID": "181262f3-c420-46fc-954d-ada5a0b18501",
              "isHook": false,
              "skipped": false
            }
          ],
          "suites": [],
          "passes": [
            "debdd260-0e96-4c37-ba90-749a7b3746bb"
          ],
          "failures": [],
          "pending": [],
          "skipped": [],
          "duration": 51904,
          "root": false,
          "rootEmpty": false,
          "_timeout": 2000
        }
      ],
      "passes": [],
      "failures": [],
      "pending": [],
      "skipped": [],
      "duration": 0,
      "root": true,
      "rootEmpty": true,
      "_timeout": 2000
    }
  ],
  "meta": {
    "mocha": {
      "version": "7.0.1"
    },
    "mochawesome": {
      "options": {
        "quiet": false,
        "reportFilename": "mochawesome",
        "saveHtml": false,
        "saveJson": true,
        "consoleReporter": "spec",
        "useInlineDiffs": false,
        "code": true
      },
      "version": "7.1.3"
    },
    "marge": {
      "options": {
        "id": "default",
        "reportDir": "cypress/reports/.jsons",
        "charts": true,
        "reportPageTitle": "My Test Suite",
        "embeddedScreenshots": true,
        "inlineAssets": true,
        "overwrite": false,
        "html": false,
        "json": true
      },
      "version": "6.2.0"
    }
  }
}