{
  "stats": {
    "suites": 1,
    "tests": 1,
    "passes": 1,
    "pending": 0,
    "failures": 0,
    "start": "2023-03-29T19:22:35.949Z",
    "end": "2023-03-29T19:22:49.990Z",
    "duration": 14041,
    "testsRegistered": 1,
    "passPercent": 100,
    "pendingPercent": 0,
    "other": 0,
    "hasOther": false,
    "skipped": 0,
    "hasSkipped": false
  },
  "results": [
    {
      "uuid": "bbb0984e-14cd-485f-bdbe-a860277285b6",
      "title": "",
      "fullFile": "cypress/e2e/program/createProgram.cy.js",
      "file": "cypress/e2e/program/createProgram.cy.js",
      "beforeHooks": [],
      "afterHooks": [],
      "tests": [],
      "suites": [
        {
          "uuid": "8a2aff01-ac60-4644-8d34-a4fb0149f6a7",
          "title": "Create Program",
          "fullFile": "",
          "file": "",
          "beforeHooks": [],
          "afterHooks": [],
          "tests": [
            {
              "title": "Test that user is able to navigate to create program popup",
              "fullTitle": "Create Program Test that user is able to navigate to create program popup",
              "timedOut": null,
              "duration": 13999,
              "state": "passed",
              "speed": "slow",
              "pass": true,
              "fail": false,
              "pending": false,
              "context": null,
              "code": "createProgram.accessCreateProgram();\ncreateProgram.enterProgramDetails();",
              "err": {},
              "uuid": "adf5bc82-2128-4eac-8e7c-9d88a81959f2",
              "parentUUID": "8a2aff01-ac60-4644-8d34-a4fb0149f6a7",
              "isHook": false,
              "skipped": false
            }
          ],
          "suites": [],
          "passes": [
            "adf5bc82-2128-4eac-8e7c-9d88a81959f2"
          ],
          "failures": [],
          "pending": [],
          "skipped": [],
          "duration": 13999,
          "root": false,
          "rootEmpty": false,
          "_timeout": 2000
        }
      ],
      "passes": [],
      "failures": [],
      "pending": [],
      "skipped": [],
      "duration": 0,
      "root": true,
      "rootEmpty": true,
      "_timeout": 2000
    }
  ],
  "meta": {
    "mocha": {
      "version": "7.0.1"
    },
    "mochawesome": {
      "options": {
        "quiet": false,
        "reportFilename": "mochawesome",
        "saveHtml": false,
        "saveJson": true,
        "consoleReporter": "spec",
        "useInlineDiffs": false,
        "code": true
      },
      "version": "7.1.3"
    },
    "marge": {
      "options": {
        "id": "default",
        "reportDir": "cypress/reports/.jsons",
        "charts": true,
        "reportPageTitle": "My Test Suite",
        "embeddedScreenshots": true,
        "inlineAssets": true,
        "overwrite": false,
        "html": false,
        "json": true
      },
      "version": "6.2.0"
    }
  }
}