{
  "stats": {
    "suites": 1,
    "tests": 2,
    "passes": 2,
    "pending": 0,
    "failures": 0,
    "start": "2023-03-21T13:45:39.745Z",
    "end": "2023-03-21T13:47:02.970Z",
    "duration": 83225,
    "testsRegistered": 2,
    "passPercent": 100,
    "pendingPercent": 0,
    "other": 0,
    "hasOther": false,
    "skipped": 0,
    "hasSkipped": false
  },
  "results": [
    {
      "uuid": "b015af2a-bca9-4c55-9c9e-18d5d5140ac7",
      "title": "",
      "fullFile": "cypress/e2e/cards/loadCard.cy.js",
      "file": "cypress/e2e/cards/loadCard.cy.js",
      "beforeHooks": [],
      "afterHooks": [],
      "tests": [],
      "suites": [
        {
          "uuid": "80c9422d-5748-482b-980a-25f7a699392f",
          "title": "Load Card",
          "fullFile": "",
          "file": "",
          "beforeHooks": [],
          "afterHooks": [],
          "tests": [
            {
              "title": "Test that the user is able to access load physical card",
              "fullTitle": "Load Card Test that the user is able to access load physical card",
              "timedOut": null,
              "duration": 42454,
              "state": "passed",
              "speed": "slow",
              "pass": true,
              "fail": false,
              "pending": false,
              "context": null,
              "code": "loginPage.login(cardHolder.email, cardHolder.password);\ncy.get('.title').contains('Damilare').should('be.visible');\ncardsPage.accessCardsPage();\nloadCardPage.accessLoadCardPage();\nloadCardPage.loadPhysicalCard();",
              "err": {},
              "uuid": "3f5e5ea0-c3c0-4959-a797-0429b7d50b15",
              "parentUUID": "80c9422d-5748-482b-980a-25f7a699392f",
              "isHook": false,
              "skipped": false
            },
            {
              "title": "Test that the user is able to access load virtual card",
              "fullTitle": "Load Card Test that the user is able to access load virtual card",
              "timedOut": null,
              "duration": 40726,
              "state": "passed",
              "speed": "slow",
              "pass": true,
              "fail": false,
              "pending": false,
              "context": null,
              "code": "loginPage.login(cardHolder.email, cardHolder.password);\ncy.get('.title').contains('Damilare').should('be.visible');\ncardsPage.accessCardsPage();\nloadCardPage.loadVirtualCard();",
              "err": {},
              "uuid": "628627fd-b954-4183-a71e-9c24d7d26718",
              "parentUUID": "80c9422d-5748-482b-980a-25f7a699392f",
              "isHook": false,
              "skipped": false
            }
          ],
          "suites": [],
          "passes": [
            "3f5e5ea0-c3c0-4959-a797-0429b7d50b15",
            "628627fd-b954-4183-a71e-9c24d7d26718"
          ],
          "failures": [],
          "pending": [],
          "skipped": [],
          "duration": 83180,
          "root": false,
          "rootEmpty": false,
          "_timeout": 2000
        }
      ],
      "passes": [],
      "failures": [],
      "pending": [],
      "skipped": [],
      "duration": 0,
      "root": true,
      "rootEmpty": true,
      "_timeout": 2000
    }
  ],
  "meta": {
    "mocha": {
      "version": "7.0.1"
    },
    "mochawesome": {
      "options": {
        "quiet": false,
        "reportFilename": "mochawesome",
        "saveHtml": false,
        "saveJson": true,
        "consoleReporter": "spec",
        "useInlineDiffs": false,
        "code": true
      },
      "version": "7.1.3"
    },
    "marge": {
      "options": {
        "id": "default",
        "reportDir": "cypress/reports/.jsons",
        "charts": true,
        "reportPageTitle": "My Test Suite",
        "embeddedScreenshots": true,
        "inlineAssets": true,
        "overwrite": false,
        "html": false,
        "json": true
      },
      "version": "6.2.0"
    }
  }
}