{
  "stats": {
    "suites": 1,
    "tests": 1,
    "passes": 1,
    "pending": 0,
    "failures": 0,
    "start": "2023-04-02T22:46:50.377Z",
    "end": "2023-04-02T22:47:05.611Z",
    "duration": 15234,
    "testsRegistered": 1,
    "passPercent": 100,
    "pendingPercent": 0,
    "other": 0,
    "hasOther": false,
    "skipped": 0,
    "hasSkipped": false
  },
  "results": [
    {
      "uuid": "4e784063-4e97-4214-aaa2-df4054cf5717",
      "title": "",
      "fullFile": "cypress/e2e/cards/createVirtualCard.cy.js",
      "file": "cypress/e2e/cards/createVirtualCard.cy.js",
      "beforeHooks": [],
      "afterHooks": [],
      "tests": [],
      "suites": [
        {
          "uuid": "551aa52b-fe95-44e6-9e3b-0b67c6c71994",
          "title": "Create Virtual Cards",
          "fullFile": "",
          "file": "",
          "beforeHooks": [],
          "afterHooks": [],
          "tests": [
            {
              "title": "Test that the user is able to access activate virtual card",
              "fullTitle": "Create Virtual Cards Test that the user is able to access activate virtual card",
              "timedOut": null,
              "duration": 15203,
              "state": "passed",
              "speed": "slow",
              "pass": true,
              "fail": false,
              "pending": false,
              "context": null,
              "code": "loginPage.login(email, password);\ncy.get('.onboarding-title').contains('Welcome');\ncy.get('.start').contains('Not interested').click();\ncy.get('.title').contains('Amayindi').should('be.visible');\n//cardsPage.accessCardsPage();\ncreateVirtualCard.createCard();",
              "err": {},
              "uuid": "5e11e942-a4c1-4189-8a84-3997aab3b13f",
              "parentUUID": "551aa52b-fe95-44e6-9e3b-0b67c6c71994",
              "isHook": false,
              "skipped": false
            }
          ],
          "suites": [],
          "passes": [
            "5e11e942-a4c1-4189-8a84-3997aab3b13f"
          ],
          "failures": [],
          "pending": [],
          "skipped": [],
          "duration": 15203,
          "root": false,
          "rootEmpty": false,
          "_timeout": 2000
        }
      ],
      "passes": [],
      "failures": [],
      "pending": [],
      "skipped": [],
      "duration": 0,
      "root": true,
      "rootEmpty": true,
      "_timeout": 2000
    }
  ],
  "meta": {
    "mocha": {
      "version": "7.0.1"
    },
    "mochawesome": {
      "options": {
        "quiet": false,
        "reportFilename": "mochawesome",
        "saveHtml": false,
        "saveJson": true,
        "consoleReporter": "spec",
        "useInlineDiffs": false,
        "code": true
      },
      "version": "7.1.3"
    },
    "marge": {
      "options": {
        "id": "default",
        "reportDir": "cypress/reports/.jsons",
        "charts": true,
        "reportPageTitle": "My Test Suite",
        "embeddedScreenshots": true,
        "inlineAssets": true,
        "overwrite": false,
        "html": false,
        "json": true
      },
      "version": "6.2.0"
    }
  }
}