{
  "stats": {
    "suites": 1,
    "tests": 2,
    "passes": 0,
    "pending": 0,
    "failures": 2,
    "start": "2023-03-21T17:41:36.962Z",
    "end": "2023-03-21T17:52:40.136Z",
    "duration": 663174,
    "testsRegistered": 2,
    "passPercent": 0,
    "pendingPercent": 0,
    "other": 0,
    "hasOther": false,
    "skipped": 0,
    "hasSkipped": false
  },
  "results": [
    {
      "uuid": "b068e836-4ebd-45ff-958c-6220b229cbbc",
      "title": "",
      "fullFile": "cypress/e2e/transactions/transaction.cy.js",
      "file": "cypress/e2e/transactions/transaction.cy.js",
      "beforeHooks": [],
      "afterHooks": [],
      "tests": [],
      "suites": [
        {
          "uuid": "7faf9967-f244-4c5a-8cfd-4e6d23891b83",
          "title": "Transactions",
          "fullFile": "",
          "file": "",
          "beforeHooks": [],
          "afterHooks": [],
          "tests": [
            {
              "title": "Test that user is able to navigate to the transactions page",
              "fullTitle": "Transactions Test that user is able to navigate to the transactions page",
              "timedOut": null,
              "duration": 110528,
              "state": "failed",
              "speed": null,
              "pass": false,
              "fail": true,
              "pending": false,
              "context": "{\n  \"title\": \"cypress-mochawesome-reporter-screenshots\",\n  \"value\": [\n    [\n      {\n        \"title\": \"Failed screenshot\",\n        \"value\": \"/transactions/transaction.cy.js/Transactions -- Test that user is able to navigate to the transactions page (failed).png\"\n      }\n    ],\n    [\n      {\n        \"title\": \"Failed screenshot\",\n        \"value\": \"/transactions/transaction.cy.js/Transactions -- Test that user is able to navigate to the transactions page (failed) (attempt 2).png\"\n      }\n    ],\n    [\n      {\n        \"title\": \"Failed screenshot\",\n        \"value\": \"/transactions/transaction.cy.js/Transactions -- Test that user is able to navigate to the transactions page (failed) (attempt 3).png\"\n      }\n    ]\n  ]\n}",
              "code": "loginPage.login(cardHolder.email, cardHolder.password);\ncy.get('.title').contains('Damilare').should('be.visible');\ntransactionPage.accessTransactionPage();",
              "err": {
                "message": "AssertionError: Timed out retrying after 80000ms: expected '<span.table-content.inner>' to be 'visible'\n\nThis element `<span.table-content.inner>` is not visible because it has CSS property: `position: fixed` and it's being covered by another element:\n\n`<div class=\"shepherd-text\" id=\"overview-description\">...</div>`",
                "estack": "AssertionError: Timed out retrying after 80000ms: expected '<span.table-content.inner>' to be 'visible'\n\nThis element `<span.table-content.inner>` is not visible because it has CSS property: `position: fixed` and it's being covered by another element:\n\n`<div class=\"shepherd-text\" id=\"overview-description\">...</div>`\n    at TransactionPage.accessTransactionPage (webpack:///./cypress/support/pages/transactions/transaction-page.js:15:24)\n    at Context.eval (webpack:///./cypress/e2e/transactions/transaction.cy.js:17:24)",
                "diff": null
              },
              "uuid": "11880c60-c5d8-485e-bb96-1921c1666da5",
              "parentUUID": "7faf9967-f244-4c5a-8cfd-4e6d23891b83",
              "isHook": false,
              "skipped": false
            },
            {
              "title": "Test that user is able to navigate to the transactions details page",
              "fullTitle": "Transactions Test that user is able to navigate to the transactions details page",
              "timedOut": null,
              "duration": 114452,
              "state": "failed",
              "speed": null,
              "pass": false,
              "fail": true,
              "pending": false,
              "context": "{\n  \"title\": \"cypress-mochawesome-reporter-screenshots\",\n  \"value\": [\n    [\n      {\n        \"title\": \"Failed screenshot\",\n        \"value\": \"/transactions/transaction.cy.js/Transactions -- Test that user is able to navigate to the transactions details page (failed).png\"\n      }\n    ],\n    [\n      {\n        \"title\": \"Failed screenshot\",\n        \"value\": \"/transactions/transaction.cy.js/Transactions -- Test that user is able to navigate to the transactions details page (failed) (attempt 2).png\"\n      }\n    ],\n    [\n      {\n        \"title\": \"Failed screenshot\",\n        \"value\": \"/transactions/transaction.cy.js/Transactions -- Test that user is able to navigate to the transactions details page (failed) (attempt 3).png\"\n      }\n    ]\n  ]\n}",
              "code": "loginPage.login(cardHolder.email, cardHolder.password);\ncy.get('.title').contains('Damilare').should('be.visible');\ntransactionPage.accessTransactionPage();\ntransactionPage.accessTransactionDetails();",
              "err": {
                "message": "AssertionError: Timed out retrying after 80000ms: expected '<span.table-content.inner>' to be 'visible'\n\nThis element `<span.table-content.inner>` is not visible because it has CSS property: `position: fixed` and it's being covered by another element:\n\n`<div class=\"shepherd-text\" id=\"overview-description\">...</div>`",
                "estack": "AssertionError: Timed out retrying after 80000ms: expected '<span.table-content.inner>' to be 'visible'\n\nThis element `<span.table-content.inner>` is not visible because it has CSS property: `position: fixed` and it's being covered by another element:\n\n`<div class=\"shepherd-text\" id=\"overview-description\">...</div>`\n    at TransactionPage.accessTransactionPage (webpack:///./cypress/support/pages/transactions/transaction-page.js:15:24)\n    at Context.eval (webpack:///./cypress/e2e/transactions/transaction.cy.js:23:24)",
                "diff": null
              },
              "uuid": "b501e3b8-a319-4d22-85a6-e7f34dde3519",
              "parentUUID": "7faf9967-f244-4c5a-8cfd-4e6d23891b83",
              "isHook": false,
              "skipped": false
            }
          ],
          "suites": [],
          "passes": [],
          "failures": [
            "11880c60-c5d8-485e-bb96-1921c1666da5",
            "b501e3b8-a319-4d22-85a6-e7f34dde3519"
          ],
          "pending": [],
          "skipped": [],
          "duration": 224980,
          "root": false,
          "rootEmpty": false,
          "_timeout": 2000
        }
      ],
      "passes": [],
      "failures": [],
      "pending": [],
      "skipped": [],
      "duration": 0,
      "root": true,
      "rootEmpty": true,
      "_timeout": 2000
    }
  ],
  "meta": {
    "mocha": {
      "version": "7.0.1"
    },
    "mochawesome": {
      "options": {
        "quiet": false,
        "reportFilename": "mochawesome",
        "saveHtml": false,
        "saveJson": true,
        "consoleReporter": "spec",
        "useInlineDiffs": false,
        "code": true
      },
      "version": "7.1.3"
    },
    "marge": {
      "options": {
        "id": "default",
        "reportDir": "cypress/reports/.jsons",
        "charts": true,
        "reportPageTitle": "My Test Suite",
        "embeddedScreenshots": true,
        "inlineAssets": true,
        "overwrite": false,
        "html": false,
        "json": true
      },
      "version": "6.2.0"
    }
  }
}