{
  "stats": {
    "suites": 1,
    "tests": 2,
    "passes": 2,
    "pending": 0,
    "failures": 0,
    "start": "2023-03-13T10:05:27.971Z",
    "end": "2023-03-13T10:07:19.353Z",
    "duration": 111382,
    "testsRegistered": 6,
    "passPercent": 33.33333333333333,
    "pendingPercent": 0,
    "other": 0,
    "hasOther": false,
    "skipped": 4,
    "hasSkipped": true
  },
  "results": [
    {
      "uuid": "03f06970-7775-44ee-bbe3-c1d6ef596ca9",
      "title": "",
      "fullFile": "cypress/e2e/auth/login.cy.js",
      "file": "cypress/e2e/auth/login.cy.js",
      "beforeHooks": [],
      "afterHooks": [],
      "tests": [],
      "suites": [
        {
          "uuid": "2997d0f7-9e78-498c-8563-ffb7c0cfcda9",
          "title": "Login Test",
          "fullFile": "",
          "file": "",
          "beforeHooks": [],
          "afterHooks": [],
          "tests": [
            {
              "title": "Test that user is unable to login with wrong email but correct password",
              "fullTitle": "Login Test Test that user is unable to login with wrong email but correct password",
              "timedOut": null,
              "duration": 53422,
              "state": "passed",
              "speed": "slow",
              "pass": true,
              "fail": false,
              "pending": false,
              "context": null,
              "code": "loginPage.login('damiuser001@yopmail', cardHolder.password);\ncy.get('.portal-container_header > :nth-child(2)').contains('Gain access. Change your life.').should('be.visible');",
              "err": {},
              "uuid": "f840ff87-ea4a-4e44-94c5-c2ff5eaeaf04",
              "parentUUID": "2997d0f7-9e78-498c-8563-ffb7c0cfcda9",
              "isHook": false,
              "skipped": false
            },
            {
              "title": "Test that user is unable to login with correct email but wrong password",
              "fullTitle": "Login Test Test that user is unable to login with correct email but wrong password",
              "timedOut": null,
              "duration": 42360,
              "state": "passed",
              "speed": "slow",
              "pass": true,
              "fail": false,
              "pending": false,
              "context": null,
              "code": "loginPage.login(cardHolder.email, 'Password');\ncy.get('.portal-container_header > :nth-child(2)').contains('Gain access. Change your life.').should('be.visible');",
              "err": {},
              "uuid": "f3b487a1-6f43-4505-b3ee-e8b47b454caa",
              "parentUUID": "2997d0f7-9e78-498c-8563-ffb7c0cfcda9",
              "isHook": false,
              "skipped": false
            },
            {
              "title": "Test that user is unable to login without email but correct password",
              "fullTitle": "Login Test Test that user is unable to login without email but correct password",
              "timedOut": null,
              "duration": 0,
              "state": "skipped",
              "speed": null,
              "pass": false,
              "fail": false,
              "pending": false,
              "context": null,
              "code": "cy.get(':nth-child(2) > .column > form-input-large > .formInputWrapper').type(cardHolder.password);\ncy.get('.portal-container_header > :nth-child(2)').contains('Gain access. Change your life.').should('be.visible');",
              "err": {},
              "uuid": "8e82a9eb-1bbb-4066-8f1f-fd888c0fb3ea",
              "parentUUID": "2997d0f7-9e78-498c-8563-ffb7c0cfcda9",
              "isHook": false,
              "skipped": true
            },
            {
              "title": "Test that user is unable to login with correct email but no password",
              "fullTitle": "Login Test Test that user is unable to login with correct email but no password",
              "timedOut": null,
              "duration": 0,
              "state": "skipped",
              "speed": null,
              "pass": false,
              "fail": false,
              "pending": false,
              "context": null,
              "code": "cy.get(':nth-child(1) > .column > form-input-large > .formInputWrapper').type(cardHolder.email);\ncy.get('.portal-container_header > :nth-child(2)').contains('Gain access. Change your life.').should('be.visible');",
              "err": {},
              "uuid": "60375c1f-eaad-4e1c-b54e-c04381e5e8b4",
              "parentUUID": "2997d0f7-9e78-498c-8563-ffb7c0cfcda9",
              "isHook": false,
              "skipped": true
            },
            {
              "title": "Test that user is unable to login without email or password",
              "fullTitle": "Login Test Test that user is unable to login without email or password",
              "timedOut": null,
              "duration": 0,
              "state": "skipped",
              "speed": null,
              "pass": false,
              "fail": false,
              "pending": false,
              "context": null,
              "code": "cy.get('.form-button').contains('Login').click();\ncy.get('.portal-container_header > :nth-child(2)').contains('Gain access. Change your life.').should('be.visible');",
              "err": {},
              "uuid": "c4916139-d14a-43e9-8d8b-c8dd4d894074",
              "parentUUID": "2997d0f7-9e78-498c-8563-ffb7c0cfcda9",
              "isHook": false,
              "skipped": true
            },
            {
              "title": "Test that user is unable to login with valid email and password",
              "fullTitle": "Login Test Test that user is unable to login with valid email and password",
              "timedOut": null,
              "duration": 0,
              "state": "skipped",
              "speed": null,
              "pass": false,
              "fail": false,
              "pending": false,
              "context": null,
              "code": "loginPage.login(cardHolder.email, cardHolder.password);\ncy.get('.onboarding-title').contains('Welcome').should('be.visible');\ncy.get('.shepherd-footer > .start').contains(`Not interested`).click();",
              "err": {},
              "uuid": "76c8dcf7-6eae-4a93-90b4-1653f445928d",
              "parentUUID": "2997d0f7-9e78-498c-8563-ffb7c0cfcda9",
              "isHook": false,
              "skipped": true
            }
          ],
          "suites": [],
          "passes": [
            "f840ff87-ea4a-4e44-94c5-c2ff5eaeaf04",
            "f3b487a1-6f43-4505-b3ee-e8b47b454caa"
          ],
          "failures": [],
          "pending": [],
          "skipped": [
            "8e82a9eb-1bbb-4066-8f1f-fd888c0fb3ea",
            "60375c1f-eaad-4e1c-b54e-c04381e5e8b4",
            "c4916139-d14a-43e9-8d8b-c8dd4d894074",
            "76c8dcf7-6eae-4a93-90b4-1653f445928d"
          ],
          "duration": 95782,
          "root": false,
          "rootEmpty": false,
          "_timeout": 2000
        }
      ],
      "passes": [],
      "failures": [],
      "pending": [],
      "skipped": [],
      "duration": 0,
      "root": true,
      "rootEmpty": true,
      "_timeout": 2000
    }
  ],
  "meta": {
    "mocha": {
      "version": "7.0.1"
    },
    "mochawesome": {
      "options": {
        "quiet": false,
        "reportFilename": "mochawesome",
        "saveHtml": false,
        "saveJson": true,
        "consoleReporter": "spec",
        "useInlineDiffs": false,
        "code": true
      },
      "version": "7.1.3"
    },
    "marge": {
      "options": {
        "id": "default",
        "reportDir": "cypress/reports/.jsons",
        "charts": true,
        "reportPageTitle": "My Test Suite",
        "embeddedScreenshots": true,
        "inlineAssets": true,
        "overwrite": false,
        "html": false,
        "json": true
      },
      "version": "6.2.0"
    }
  }
}