{
  "stats": {
    "suites": 1,
    "tests": 1,
    "passes": 1,
    "pending": 0,
    "failures": 0,
    "start": "2023-03-29T19:03:42.421Z",
    "end": "2023-03-29T19:03:56.055Z",
    "duration": 13634,
    "testsRegistered": 1,
    "passPercent": 100,
    "pendingPercent": 0,
    "other": 0,
    "hasOther": false,
    "skipped": 0,
    "hasSkipped": false
  },
  "results": [
    {
      "uuid": "931e132f-34d9-45e3-9f3b-af20d4e9e71e",
      "title": "",
      "fullFile": "cypress/e2e/accounts/createUser.cy.js",
      "file": "cypress/e2e/accounts/createUser.cy.js",
      "beforeHooks": [],
      "afterHooks": [],
      "tests": [],
      "suites": [
        {
          "uuid": "83f04223-727e-4779-9bbc-ca3f1c513099",
          "title": "Create User",
          "fullFile": "",
          "file": "",
          "beforeHooks": [],
          "afterHooks": [],
          "tests": [
            {
              "title": "Test that user is able to invite a new user to the organization",
              "fullTitle": "Create User Test that user is able to invite a new user to the organization",
              "timedOut": null,
              "duration": 13607,
              "state": "passed",
              "speed": "slow",
              "pass": true,
              "fail": false,
              "pending": false,
              "context": null,
              "code": "newUserPage.accessEndUserPage();\nnewUserPage.createEndUser();\nnewUserPage.enterDetails();",
              "err": {},
              "uuid": "ee251f21-7b03-42e4-a7bd-73c8c0a480b6",
              "parentUUID": "83f04223-727e-4779-9bbc-ca3f1c513099",
              "isHook": false,
              "skipped": false
            }
          ],
          "suites": [],
          "passes": [
            "ee251f21-7b03-42e4-a7bd-73c8c0a480b6"
          ],
          "failures": [],
          "pending": [],
          "skipped": [],
          "duration": 13607,
          "root": false,
          "rootEmpty": false,
          "_timeout": 2000
        }
      ],
      "passes": [],
      "failures": [],
      "pending": [],
      "skipped": [],
      "duration": 0,
      "root": true,
      "rootEmpty": true,
      "_timeout": 2000
    }
  ],
  "meta": {
    "mocha": {
      "version": "7.0.1"
    },
    "mochawesome": {
      "options": {
        "quiet": false,
        "reportFilename": "mochawesome",
        "saveHtml": false,
        "saveJson": true,
        "consoleReporter": "spec",
        "useInlineDiffs": false,
        "code": true
      },
      "version": "7.1.3"
    },
    "marge": {
      "options": {
        "id": "default",
        "reportDir": "cypress/reports/.jsons",
        "charts": true,
        "reportPageTitle": "My Test Suite",
        "embeddedScreenshots": true,
        "inlineAssets": true,
        "overwrite": false,
        "html": false,
        "json": true
      },
      "version": "6.2.0"
    }
  }
}