{
  "stats": {
    "suites": 1,
    "tests": 1,
    "passes": 1,
    "pending": 0,
    "failures": 0,
    "start": "2023-04-02T22:36:31.813Z",
    "end": "2023-04-02T22:36:46.633Z",
    "duration": 14820,
    "testsRegistered": 1,
    "passPercent": 100,
    "pendingPercent": 0,
    "other": 0,
    "hasOther": false,
    "skipped": 0,
    "hasSkipped": false
  },
  "results": [
    {
      "uuid": "8d4b18f2-68f3-46ae-900c-76c0a829f9bb",
      "title": "",
      "fullFile": "cypress/e2e/settings/changeLanguage.cy.js",
      "file": "cypress/e2e/settings/changeLanguage.cy.js",
      "beforeHooks": [],
      "afterHooks": [],
      "tests": [],
      "suites": [
        {
          "uuid": "ad7c1903-84e0-4c4d-a30d-d9cd946993ec",
          "title": "Change Language",
          "fullFile": "",
          "file": "",
          "beforeHooks": [],
          "afterHooks": [],
          "tests": [
            {
              "title": "Test that user is able to navigate to the change language page",
              "fullTitle": "Change Language Test that user is able to navigate to the change language page",
              "timedOut": null,
              "duration": 14794,
              "state": "passed",
              "speed": "slow",
              "pass": true,
              "fail": false,
              "pending": false,
              "context": null,
              "code": "loginPage.login(cardHolder.email, cardHolder.password);\ncy.get('.onboarding-title').contains('Welcome');\ncy.get('.start').contains('Not interested').click();\ncy.get('.title').contains('Amayindi').should('be.visible');\nsettingsPage.accessPage();\nsettingsPage.changeLanguage();",
              "err": {},
              "uuid": "e108a389-1172-47bb-8e0f-839e8eb8eb93",
              "parentUUID": "ad7c1903-84e0-4c4d-a30d-d9cd946993ec",
              "isHook": false,
              "skipped": false
            }
          ],
          "suites": [],
          "passes": [
            "e108a389-1172-47bb-8e0f-839e8eb8eb93"
          ],
          "failures": [],
          "pending": [],
          "skipped": [],
          "duration": 14794,
          "root": false,
          "rootEmpty": false,
          "_timeout": 2000
        }
      ],
      "passes": [],
      "failures": [],
      "pending": [],
      "skipped": [],
      "duration": 0,
      "root": true,
      "rootEmpty": true,
      "_timeout": 2000
    }
  ],
  "meta": {
    "mocha": {
      "version": "7.0.1"
    },
    "mochawesome": {
      "options": {
        "quiet": false,
        "reportFilename": "mochawesome",
        "saveHtml": false,
        "saveJson": true,
        "consoleReporter": "spec",
        "useInlineDiffs": false,
        "code": true
      },
      "version": "7.1.3"
    },
    "marge": {
      "options": {
        "id": "default",
        "reportDir": "cypress/reports/.jsons",
        "charts": true,
        "reportPageTitle": "My Test Suite",
        "embeddedScreenshots": true,
        "inlineAssets": true,
        "overwrite": false,
        "html": false,
        "json": true
      },
      "version": "6.2.0"
    }
  }
}