{
  "stats": {
    "suites": 1,
    "tests": 1,
    "passes": 1,
    "pending": 0,
    "failures": 0,
    "start": "2023-03-29T14:48:00.299Z",
    "end": "2023-03-29T14:48:46.786Z",
    "duration": 46487,
    "testsRegistered": 1,
    "passPercent": 100,
    "pendingPercent": 0,
    "other": 0,
    "hasOther": false,
    "skipped": 0,
    "hasSkipped": false
  },
  "results": [
    {
      "uuid": "4c51b062-5b7a-4702-8645-a56055f98bbe",
      "title": "",
      "fullFile": "cypress/e2e/settings/changeLanguage.cy.js",
      "file": "cypress/e2e/settings/changeLanguage.cy.js",
      "beforeHooks": [],
      "afterHooks": [],
      "tests": [],
      "suites": [
        {
          "uuid": "99ffe63e-b00f-4945-a4ce-ff6d0207c3cd",
          "title": "Settings",
          "fullFile": "",
          "file": "",
          "beforeHooks": [],
          "afterHooks": [],
          "tests": [
            {
              "title": "Test that user is able to navigate to the change language page",
              "fullTitle": "Settings Test that user is able to navigate to the change language page",
              "timedOut": null,
              "duration": 46464,
              "state": "passed",
              "speed": "slow",
              "pass": true,
              "fail": false,
              "pending": false,
              "context": null,
              "code": "loginPage.login(cardHolder.email, cardHolder.password);\ncy.get('.onboarding-title').contains('Welcome');\ncy.get('.start').contains('Not interested').click();\ncy.get('.title').contains('Amayindi').should('be.visible');\nsettingsPage.accessPage();\nsettingsPage.changeLanguage();",
              "err": {},
              "uuid": "4449e52e-e94e-4abd-8f96-a480be5e7fbd",
              "parentUUID": "99ffe63e-b00f-4945-a4ce-ff6d0207c3cd",
              "isHook": false,
              "skipped": false
            }
          ],
          "suites": [],
          "passes": [
            "4449e52e-e94e-4abd-8f96-a480be5e7fbd"
          ],
          "failures": [],
          "pending": [],
          "skipped": [],
          "duration": 46464,
          "root": false,
          "rootEmpty": false,
          "_timeout": 2000
        }
      ],
      "passes": [],
      "failures": [],
      "pending": [],
      "skipped": [],
      "duration": 0,
      "root": true,
      "rootEmpty": true,
      "_timeout": 2000
    }
  ],
  "meta": {
    "mocha": {
      "version": "7.0.1"
    },
    "mochawesome": {
      "options": {
        "quiet": false,
        "reportFilename": "mochawesome",
        "saveHtml": false,
        "saveJson": true,
        "consoleReporter": "spec",
        "useInlineDiffs": false,
        "code": true
      },
      "version": "7.1.3"
    },
    "marge": {
      "options": {
        "id": "default",
        "reportDir": "cypress/reports/.jsons",
        "charts": true,
        "reportPageTitle": "My Test Suite",
        "embeddedScreenshots": true,
        "inlineAssets": true,
        "overwrite": false,
        "html": false,
        "json": true
      },
      "version": "6.2.0"
    }
  }
}