{
  "stats": {
    "suites": 1,
    "tests": 1,
    "passes": 1,
    "pending": 0,
    "failures": 0,
    "start": "2023-04-02T22:18:08.694Z",
    "end": "2023-04-02T22:19:42.828Z",
    "duration": 94134,
    "testsRegistered": 2,
    "passPercent": 50,
    "pendingPercent": 0,
    "other": 0,
    "hasOther": false,
    "skipped": 1,
    "hasSkipped": true
  },
  "results": [
    {
      "uuid": "2978c8ae-a86e-4e1d-a11f-ed53bc1d16ec",
      "title": "",
      "fullFile": "cypress/e2e/cards/loadCard.cy.js",
      "file": "cypress/e2e/cards/loadCard.cy.js",
      "beforeHooks": [],
      "afterHooks": [],
      "tests": [],
      "suites": [
        {
          "uuid": "8c36263f-9b3c-4d7f-932d-ce88288f5976",
          "title": "Load Card",
          "fullFile": "",
          "file": "",
          "beforeHooks": [],
          "afterHooks": [],
          "tests": [
            {
              "title": "Test that the user is able to access load physical card",
              "fullTitle": "Load Card Test that the user is able to access load physical card",
              "timedOut": null,
              "duration": 49047,
              "state": "passed",
              "speed": "slow",
              "pass": true,
              "fail": false,
              "pending": false,
              "context": null,
              "code": "loginPage.login(\"damiuser001@yopmail.com\", \"Password@1\");\ncy.get('.onboarding-title').contains('Welcome');\ncy.get('.start').contains('Not interested').click();\ncy.get('.title').contains('Damilare').should('be.visible');\ncy.get('.app-onboarding-menu-cards > .nav-icon').click();\ncy.wait(3000);\nloadCardPage.accessLoadCardPage();\nloadCardPage.loadPhysicalCard();",
              "err": {},
              "uuid": "d6a7c84d-84eb-431a-abaa-6c2ac7167742",
              "parentUUID": "8c36263f-9b3c-4d7f-932d-ce88288f5976",
              "isHook": false,
              "skipped": false
            },
            {
              "title": "Test that the user is able to access load virtual card",
              "fullTitle": "Load Card Test that the user is able to access load virtual card",
              "timedOut": null,
              "duration": 0,
              "state": "skipped",
              "speed": null,
              "pass": false,
              "fail": false,
              "pending": false,
              "context": null,
              "code": "loginPage.login(\"damiuser001@yopmail.com\", \"Password@1\");\ncy.get('.onboarding-title').contains('Welcome');\ncy.get('.start').contains('Not interested').click();\ncy.get('.title').contains('Damilare').should('be.visible');\ncy.get('.app-onboarding-menu-cards > .nav-icon').click();\ncy.wait(3000);\nloadCardPage.loadVirtualCard();",
              "err": {},
              "uuid": "53ec6136-40ba-4526-a1b1-7060d63abd00",
              "parentUUID": "8c36263f-9b3c-4d7f-932d-ce88288f5976",
              "isHook": false,
              "skipped": true
            }
          ],
          "suites": [],
          "passes": [
            "d6a7c84d-84eb-431a-abaa-6c2ac7167742"
          ],
          "failures": [],
          "pending": [],
          "skipped": [
            "53ec6136-40ba-4526-a1b1-7060d63abd00"
          ],
          "duration": 49047,
          "root": false,
          "rootEmpty": false,
          "_timeout": 2000
        }
      ],
      "passes": [],
      "failures": [],
      "pending": [],
      "skipped": [],
      "duration": 0,
      "root": true,
      "rootEmpty": true,
      "_timeout": 2000
    }
  ],
  "meta": {
    "mocha": {
      "version": "7.0.1"
    },
    "mochawesome": {
      "options": {
        "quiet": false,
        "reportFilename": "mochawesome",
        "saveHtml": false,
        "saveJson": true,
        "consoleReporter": "spec",
        "useInlineDiffs": false,
        "code": true
      },
      "version": "7.1.3"
    },
    "marge": {
      "options": {
        "id": "default",
        "reportDir": "cypress/reports/.jsons",
        "charts": true,
        "reportPageTitle": "My Test Suite",
        "embeddedScreenshots": true,
        "inlineAssets": true,
        "overwrite": false,
        "html": false,
        "json": true
      },
      "version": "6.2.0"
    }
  }
}