{
  "stats": {
    "suites": 1,
    "tests": 1,
    "passes": 1,
    "pending": 0,
    "failures": 0,
    "start": "2023-03-21T17:38:42.775Z",
    "end": "2023-03-21T17:39:18.050Z",
    "duration": 35275,
    "testsRegistered": 1,
    "passPercent": 100,
    "pendingPercent": 0,
    "other": 0,
    "hasOther": false,
    "skipped": 0,
    "hasSkipped": false
  },
  "results": [
    {
      "uuid": "a20909f0-09d2-47d8-9add-754b39e0a27f",
      "title": "",
      "fullFile": "cypress/e2e/profiles/profile.cy.js",
      "file": "cypress/e2e/profiles/profile.cy.js",
      "beforeHooks": [],
      "afterHooks": [],
      "tests": [],
      "suites": [
        {
          "uuid": "2d6bca50-cd5c-47de-849f-0d0c38e3a2b3",
          "title": "Profile",
          "fullFile": "",
          "file": "",
          "beforeHooks": [],
          "afterHooks": [],
          "tests": [
            {
              "title": "Test that user is able to navigate to the profile page",
              "fullTitle": "Profile Test that user is able to navigate to the profile page",
              "timedOut": null,
              "duration": 35241,
              "state": "passed",
              "speed": "slow",
              "pass": true,
              "fail": false,
              "pending": false,
              "context": null,
              "code": "loginPage.login(cardHolder.email, cardHolder.password);\ncy.get('.title').contains('Damilare').should('be.visible');\nprofilePage.accessProfilePage();",
              "err": {},
              "uuid": "0a7fba95-6517-4cdf-8c70-faf38c75b148",
              "parentUUID": "2d6bca50-cd5c-47de-849f-0d0c38e3a2b3",
              "isHook": false,
              "skipped": false
            }
          ],
          "suites": [],
          "passes": [
            "0a7fba95-6517-4cdf-8c70-faf38c75b148"
          ],
          "failures": [],
          "pending": [],
          "skipped": [],
          "duration": 35241,
          "root": false,
          "rootEmpty": false,
          "_timeout": 2000
        }
      ],
      "passes": [],
      "failures": [],
      "pending": [],
      "skipped": [],
      "duration": 0,
      "root": true,
      "rootEmpty": true,
      "_timeout": 2000
    }
  ],
  "meta": {
    "mocha": {
      "version": "7.0.1"
    },
    "mochawesome": {
      "options": {
        "quiet": false,
        "reportFilename": "mochawesome",
        "saveHtml": false,
        "saveJson": true,
        "consoleReporter": "spec",
        "useInlineDiffs": false,
        "code": true
      },
      "version": "7.1.3"
    },
    "marge": {
      "options": {
        "id": "default",
        "reportDir": "cypress/reports/.jsons",
        "charts": true,
        "reportPageTitle": "My Test Suite",
        "embeddedScreenshots": true,
        "inlineAssets": true,
        "overwrite": false,
        "html": false,
        "json": true
      },
      "version": "6.2.0"
    }
  }
}