{
  "stats": {
    "suites": 1,
    "tests": 1,
    "passes": 1,
    "pending": 0,
    "failures": 0,
    "start": "2023-03-23T07:43:48.375Z",
    "end": "2023-03-23T07:43:58.817Z",
    "duration": 10442,
    "testsRegistered": 1,
    "passPercent": 100,
    "pendingPercent": 0,
    "other": 0,
    "hasOther": false,
    "skipped": 0,
    "hasSkipped": false
  },
  "results": [
    {
      "uuid": "1742a71f-3660-4155-993f-ea8e692ebd68",
      "title": "",
      "fullFile": "cypress/e2e/wallet/fundUser.cy.js",
      "file": "cypress/e2e/wallet/fundUser.cy.js",
      "beforeHooks": [],
      "afterHooks": [],
      "tests": [],
      "suites": [
        {
          "uuid": "4305cbe4-bdab-4cd3-a0a9-8b781ee03176",
          "title": "Fund User",
          "fullFile": "",
          "file": "",
          "beforeHooks": [],
          "afterHooks": [],
          "tests": [
            {
              "title": "Test that user is able to navigate to fund user popup",
              "fullTitle": "Fund User Test that user is able to navigate to fund user popup",
              "timedOut": null,
              "duration": 10415,
              "state": "passed",
              "speed": "slow",
              "pass": true,
              "fail": false,
              "pending": false,
              "context": null,
              "code": "fundUser.accessFundUserPopup();\nfundUser.enterFundDetails();",
              "err": {},
              "uuid": "77687250-72dc-44f8-a369-1d26bd468134",
              "parentUUID": "4305cbe4-bdab-4cd3-a0a9-8b781ee03176",
              "isHook": false,
              "skipped": false
            }
          ],
          "suites": [],
          "passes": [
            "77687250-72dc-44f8-a369-1d26bd468134"
          ],
          "failures": [],
          "pending": [],
          "skipped": [],
          "duration": 10415,
          "root": false,
          "rootEmpty": false,
          "_timeout": 2000
        }
      ],
      "passes": [],
      "failures": [],
      "pending": [],
      "skipped": [],
      "duration": 0,
      "root": true,
      "rootEmpty": true,
      "_timeout": 2000
    }
  ],
  "meta": {
    "mocha": {
      "version": "7.0.1"
    },
    "mochawesome": {
      "options": {
        "quiet": false,
        "reportFilename": "mochawesome",
        "saveHtml": false,
        "saveJson": true,
        "consoleReporter": "spec",
        "useInlineDiffs": false,
        "code": true
      },
      "version": "7.1.3"
    },
    "marge": {
      "options": {
        "id": "default",
        "reportDir": "cypress/reports/.jsons",
        "charts": true,
        "reportPageTitle": "My Test Suite",
        "embeddedScreenshots": true,
        "inlineAssets": true,
        "overwrite": false,
        "html": false,
        "json": true
      },
      "version": "6.2.0"
    }
  }
}