{
  "stats": {
    "suites": 1,
    "tests": 2,
    "passes": 2,
    "pending": 0,
    "failures": 0,
    "start": "2023-04-02T22:49:59.110Z",
    "end": "2023-04-02T22:50:51.917Z",
    "duration": 52807,
    "testsRegistered": 2,
    "passPercent": 100,
    "pendingPercent": 0,
    "other": 0,
    "hasOther": false,
    "skipped": 0,
    "hasSkipped": false
  },
  "results": [
    {
      "uuid": "894833b1-e29c-40d3-a8a4-c2e88d802ea4",
      "title": "",
      "fullFile": "cypress/e2e/cards/withdrawFromCard.cy.js",
      "file": "cypress/e2e/cards/withdrawFromCard.cy.js",
      "beforeHooks": [],
      "afterHooks": [],
      "tests": [],
      "suites": [
        {
          "uuid": "a5d0cc0e-a54e-4c10-bb1b-c61f1b0bd0cb",
          "title": "Withdraw from card",
          "fullFile": "",
          "file": "",
          "beforeHooks": [],
          "afterHooks": [],
          "tests": [
            {
              "title": "Test that the user is able to access withdraw from physical card",
              "fullTitle": "Withdraw from card Test that the user is able to access withdraw from physical card",
              "timedOut": null,
              "duration": 24782,
              "state": "passed",
              "speed": "slow",
              "pass": true,
              "fail": false,
              "pending": false,
              "context": null,
              "code": "loginPage.login('damiuser001@yopmail.com', 'Password@1');\ncy.get('.onboarding-title').contains('Welcome');\ncy.get('.start').contains('Not interested').click();\ncy.get('.title').contains('Damilare').should('be.visible');\ncy.get('.app-onboarding-menu-cards > .nav-icon').click();\ncy.wait(3000);\n//cardsPage.accessCardsPage();\nwithdrawalPage.accessWithdrawFromCardPage();\nwithdrawalPage.enterWithdrawalDetails();",
              "err": {},
              "uuid": "fe4ff785-7e69-4731-860b-11c1934277b9",
              "parentUUID": "a5d0cc0e-a54e-4c10-bb1b-c61f1b0bd0cb",
              "isHook": false,
              "skipped": false
            },
            {
              "title": "Test that the user is able to access withdraw from virtual card",
              "fullTitle": "Withdraw from card Test that the user is able to access withdraw from virtual card",
              "timedOut": null,
              "duration": 27984,
              "state": "passed",
              "speed": "slow",
              "pass": true,
              "fail": false,
              "pending": false,
              "context": null,
              "code": "loginPage.login('damiuser001@yopmail.com', 'Password@1');\ncy.get('.onboarding-title').contains('Welcome');\ncy.get('.start').contains('Not interested').click();\ncy.get('.title').contains('Damilare').should('be.visible');\n//cardsPage.accessCardsPage();\ncy.get('.app-onboarding-menu-cards > .nav-icon').click();\ncy.wait(3000);\nwithdrawalPage.withdrawFromVirtualCard();",
              "err": {},
              "uuid": "97279936-b90b-4e1d-941c-a891cec1b599",
              "parentUUID": "a5d0cc0e-a54e-4c10-bb1b-c61f1b0bd0cb",
              "isHook": false,
              "skipped": false
            }
          ],
          "suites": [],
          "passes": [
            "fe4ff785-7e69-4731-860b-11c1934277b9",
            "97279936-b90b-4e1d-941c-a891cec1b599"
          ],
          "failures": [],
          "pending": [],
          "skipped": [],
          "duration": 52766,
          "root": false,
          "rootEmpty": false,
          "_timeout": 2000
        }
      ],
      "passes": [],
      "failures": [],
      "pending": [],
      "skipped": [],
      "duration": 0,
      "root": true,
      "rootEmpty": true,
      "_timeout": 2000
    }
  ],
  "meta": {
    "mocha": {
      "version": "7.0.1"
    },
    "mochawesome": {
      "options": {
        "quiet": false,
        "reportFilename": "mochawesome",
        "saveHtml": false,
        "saveJson": true,
        "consoleReporter": "spec",
        "useInlineDiffs": false,
        "code": true
      },
      "version": "7.1.3"
    },
    "marge": {
      "options": {
        "id": "default",
        "reportDir": "cypress/reports/.jsons",
        "charts": true,
        "reportPageTitle": "My Test Suite",
        "embeddedScreenshots": true,
        "inlineAssets": true,
        "overwrite": false,
        "html": false,
        "json": true
      },
      "version": "6.2.0"
    }
  }
}