{
  "stats": {
    "suites": 1,
    "tests": 0,
    "passes": 0,
    "pending": 0,
    "failures": 0,
    "start": "2023-03-28T17:10:23.408Z",
    "end": "2023-03-28T17:12:02.240Z",
    "duration": 98832,
    "testsRegistered": 1,
    "passPercent": 0,
    "pendingPercent": 0,
    "other": 0,
    "hasOther": false,
    "skipped": 0,
    "hasSkipped": false
  },
  "results": [
    {
      "uuid": "5a2274d4-91b7-4a59-8dfc-458165365112",
      "title": "",
      "fullFile": "cypress/e2e/wallet/fundUser.cy.js",
      "file": "cypress/e2e/wallet/fundUser.cy.js",
      "beforeHooks": [],
      "afterHooks": [],
      "tests": [],
      "suites": [
        {
          "uuid": "a01687fc-de04-46b7-ac3e-229477a46eaf",
          "title": "Fund User",
          "fullFile": "",
          "file": "",
          "beforeHooks": [],
          "afterHooks": [],
          "tests": [
            {
              "title": "Test that user is able to navigate to fund user popup",
              "fullTitle": "Fund User Test that user is able to navigate to fund user popup",
              "timedOut": null,
              "duration": 87743,
              "state": "failed",
              "speed": null,
              "pass": false,
              "fail": true,
              "pending": false,
              "context": null,
              "code": "fundUser.accessFundUserPopup();\nfundUser.enterFundDetails();",
              "err": {},
              "uuid": "f3fc143f-ff68-4bdc-9d70-8b7e81c77a83",
              "parentUUID": "a01687fc-de04-46b7-ac3e-229477a46eaf",
              "isHook": false,
              "skipped": false
            }
          ],
          "suites": [],
          "passes": [],
          "failures": [
            "f3fc143f-ff68-4bdc-9d70-8b7e81c77a83"
          ],
          "pending": [],
          "skipped": [],
          "duration": 87743,
          "root": false,
          "rootEmpty": false,
          "_timeout": 2000
        }
      ],
      "passes": [],
      "failures": [],
      "pending": [],
      "skipped": [],
      "duration": 0,
      "root": true,
      "rootEmpty": true,
      "_timeout": 2000
    }
  ],
  "meta": {
    "mocha": {
      "version": "7.0.1"
    },
    "mochawesome": {
      "options": {
        "quiet": false,
        "reportFilename": "mochawesome",
        "saveHtml": false,
        "saveJson": true,
        "consoleReporter": "spec",
        "useInlineDiffs": false,
        "code": true
      },
      "version": "7.1.3"
    },
    "marge": {
      "options": {
        "id": "default",
        "reportDir": "cypress/reports/.jsons",
        "charts": true,
        "reportPageTitle": "My Test Suite",
        "embeddedScreenshots": true,
        "inlineAssets": true,
        "overwrite": false,
        "html": false,
        "json": true
      },
      "version": "6.2.0"
    }
  }
}